0,0
11,6
23,10
35,16
51,26
70,35
81,40
99,49
115,54
130,61
148,72
170,89
182,100
195,112
210,126
228,142
248,161
271,185
298,212
328,242
361,274
395,308
433,345
474,384
518,427
567,474
618,526
672,583
730,644
794,710
863,783
936,860
1012,941
1091,1025
1174,1113
1260,1203
1347,1294
1438,1386
1532,1479
1627,1576
1727,1678
1832,1784
1940,1895
2050,2011
2164,2129
2282,2249
2402,2371
2527,2495
2656,2623
2786,2756
2917,2890
3051,3023
3186,3157
3323,3294
3464,3432
3756,3717
3898,3856
4039,3993
4179,4131
4320,4266
4460,4400
4598,4534
4736,4664
4872,4790
5009,4914
5148,5040
5287,5170
5429,5305
5573,5442
5718,5583
5865,5725
6013,5868
6162,6014
6313,6162
6466,6315
6623,6473
6784,6634
6946,6797
7109,6961
7271,7125
7435,7288
7599,7449
7760,7609
7917,7766
8070,7920
8220,8075
8370,8230
8519,8387
8670,8543
8823,8699
8978,8858
9137,9022
9301,9190
9469,9360
9640,9530
9815,9702
9990,9874
10165,10049
10340,10225
10515,10400
10686,10573
10866,10759
11026,10924
11186,11084
11350,11245
11517,11411
11686,11580
11856,11749
12027,11916
12199,12081
12375,12248
12551,12420
12731,12592
12913,12769
13099,12946
13286,13129
13477,13316
13670,13507
13864,13703
14055,13900
14244,14097
14429,14290
14613,14480
14796,14662
14977,14843
15158,15024
15340,15206
15523,15386
15701,15564
15878,15739
16055,15907
16233,16086
16416,16268
16601,16455
16786,16643
16975,16831
17165,17020
17353,17212
17539,17400
17724,17584
17928,17784
18114,17964
18304,18143
18496,18322
18686,18502
18878,18682
19072,18863
19267,19044
19467,19226
19666,19412
19867,19603
20071,19798
20277,19996
20484,20198
20692,20404
20899,20612
21104,20817
21305,21019
21504,21217
21698,21412
21889,21602
22076,21788
22261,21973
22444,22155
22627,22335
22810,22516
22996,22699
23187,22887
23382,23080
23581,23277
23781,23476
23984,23680
24193,23884
24404,24088
24613,24290
24820,24489
25028,24686
25233,24881
25436,25072
25638,25262
25861,25472
26061,25664
26259,25857
26456,26050
26656,26243
26858,26436
27061,26632
27266,26831
27472,27031
27677,27230
27883,27429
28084,27626
28278,27825
28473,28015
28666,28197
28854,28381
29042,28569
29233,28757
29423,28944
29609,29129
29796,29313
29983,29497
30171,29683
30360,29873
30550,30065
30744,30259
30940,30455
31137,30657
31336,30860
31536,31062
31734,31261
31931,31458
32128,31652
32321,31846
32515,32038
32711,32229
32904,32421
33095,32612
33282,32801
33488,33006
33672,33190
33856,33374
34041,33558
34225,33742
34409,33927
34595,34116
34781,34308
34968,34503
35152,34696
35335,34888
35517,35077
35696,35264
35873,35449
36049,35634
36227,35819
36405,36002
36584,36182
36766,36361
36952,36545
37141,36736
37331,36928
37523,37122
37714,37316
37908,37512
38102,37711
38297,37912
38490,38111
38683,38309
38873,38502
39062,38691
39248,38878
39435,39064
39622,39249
39811,39433
39999,39618
40185,39802
40373,39985
40563,40170
40754,40358
40969,40567
41169,40760
41369,40954
41570,41149
41769,41347
41966,41546
42158,41744
42348,41938
42537,42131
42724,42323
42910,42517
43094,42715
43279,42912
43466,43105
43654,43297
43846,43492
44043,43693
44243,43899
44445,44109
44650,44319
44856,44529
45065,44742
45276,44957
45488,45173
45698,45384
45910,45591
46118,45794
46326,45995
46530,46194
46732,46389
46931,46583
47131,46778
47332,46974
47535,47171
47739,47372
47945,47576
48154,47783
48367,47991
48577,48201
48810,48432
49019,48642
49228,48854
49435,49065
49641,49274
49846,49478
50051,49678
50249,49877
50442,50072
50632,50262
50820,50447
51005,50630
51189,50811
51374,50996
51562,51183
51751,51372
51941,51560
52133,51749
52329,51939
52528,52134
52729,52331
52933,52527
53138,52720
53340,52909
53540,53095
53741,53276
53939,53454
54134,53630
54327,53806
54518,53983
54710,54164
54906,54350
55103,54540
55304,54735
55507,54934
55713,55136
55922,55340
56133,55545
56343,55753
56573,55982
56783,56187
56993,56387
57202,56584
57407,56779
57608,56974
57808,57166
58005,57355
58200,57543
58396,57729
58596,57914
58796,58104
58998,58297
59201,58490
59405,58686
59610,58884
59817,59082
60024,59278
60229,59474
60432,59669
60634,59862
60835,60052
61036,60235
61231,60415
61421,60591
61608,60764
61796,60936
61986,61111
62180,61290
62379,61473
62581,61657
62784,61843
62988,62030
63194,62216
63398,62400
63602,62581
63805,62760
64003,62938
64197,63116
64388,63290
64595,63482
64780,63654
64963,63822
65145,63987
65326,64154
65506,64323
65688,64492
65872,64658
66056,64822
66241,64985
66426,65145
66611,65306
66797,65465
66984,65619
67169,65768
67353,65914
67541,66058
67727,66201
67912,66345
68095,66487
68276,66629
68455,66770
68635,66914
68817,67060
69002,67208
69191,67358
69381,67512
69574,67667
69767,67824
69963,67981
70159,68138
70355,68294
70546,68448
70732,68599
70914,68745
71094,68889
71271,69033
71447,69175
71626,69314
71826,69465
72011,69604
72202,69743
72393,69882
72588,70025
72785,70168
72985,70313
73185,70456
73386,70597
73587,70738
73788,70879
73985,71021
74179,71159
74368,71293
74553,71425
74736,71559
74919,71697
75105,71840
75296,71987
75488,72138
75682,72291
75881,72448
76083,72608
76291,72772
76502,72939
76716,73110
76931,73281
77144,73453
77350,73622
77552,73788
77753,73950
77953,74112
78152,74275
78349,74437
78544,74598
78736,74757
78928,74915
79121,75075
79315,75236
79533,75419
79730,75586
79932,75755
80136,75923
80340,76092
80544,76259
80747,76422
80950,76584
81154,76746
81357,76908
81558,77069
81754,77229
81947,77392
82134,77555
82318,77718
82500,77882
82681,78050
82865,78222
83053,78394
83245,78570
83441,78748
83643,78927
83848,79105
84052,79283
84258,79460
84462,79636
84662,79812
84858,79987
85049,80161
85238,80337
85425,80515
85609,80693
85788,80872
85968,81049
86150,81229
86336,81413
86525,81599
86720,81786
86917,81974
87117,82163
87343,82374
87550,82568
87757,82762
87962,82953
88161,83140
88355,83323
88546,83503
88740,83682
88934,83864
89129,84049
89319,84232
89508,84415
89692,84599
89877,84783
90067,84967
90262,85157
90461,85353
90664,85555
90867,85758
91070,85960
91275,86158
91479,86354
91680,86549
91876,86743
92071,86937
92266,87133
92459,87329
92648,87522
92832,87710
93013,87896
93196,88084
93381,88278
93568,88476
93760,88673
93956,88869
94151,89066
94347,89266
94542,89464
94736,89661
94949,89876
95142,90070
95335,90263
95530,90455
95724,90648
95913,90839
96102,91028
96292,91213
96482,91394
96673,91577
96864,91761
97057,91947
97252,92133
97447,92320
97642,92509
97837,92700
98032,92892
98225,93085
98417,93279
98609,93471
98801,93661
98990,93852
99177,94041
99362,94229
99546,94413
99729,94594
99912,94774
100096,94957
100285,95145
100475,95336
100665,95529
100856,95720
101047,95908
101238,96093
101429,96277
101621,96460
101812,96642
102000,96824
102186,97001
102387,97192
102566,97364
102743,97535
102920,97708
103095,97884
103273,98063
103456,98243
103641,98425
103830,98609
104024,98795
104222,98984
104423,99180
104626,99379
104832,99575
105038,99773
105243,99972
105447,100171
105649,100371
105851,100576
106052,100782
106252,100987
106452,101188
106652,101388
106853,101589
107058,101793
107266,102001
107476,102211
107689,102422
107904,102635
108119,102850
108338,103065
108555,103281
108772,103497
108987,103708
109200,103919
109437,104153
109652,104362
109864,104570
110078,104776
110293,104982
110506,105190
110721,105398
110938,105605
111156,105814
111373,106025
111590,106242
111806,106461
112019,106677
112222,106890
112426,107103
112629,107315
112831,107527
113031,107740
113226,107949
113417,108154
113604,108350
113791,108540
113979,108731
114169,108924
114365,109118
114564,109315
114765,109514
114969,109715
115173,109919
115376,110126
115579,110331
115777,110534
115974,110733
116167,110925
116377,111134
116565,111321
116752,111509
116934,111695
117116,111876
117299,112052
117479,112227
117660,112403
117846,112579
118034,112756
118225,112935
118418,113115
118612,113296
118806,113477
119000,113660
119193,113841
119384,114024
119572,114210
119759,114394
119944,114579
120128,114762
120312,114944
120497,115127
120682,115312
120869,115500
121058,115691
121249,115885
121442,116081
121637,116279
121832,116481
122028,116682
122226,116884
122424,117086
122622,117287
122839,117505
123034,117699
123230,117890
123424,118082
123614,118270
123803,118450
123991,118627
124176,118804
124360,118982
124544,119159
124726,119334
124910,119510
125099,119690
125289,119876
125480,120066
125671,120257
125863,120449
126053,120643
126241,120838
126426,121033
126610,121226
126796,121421
126984,121617
127174,121813
127366,122011
127564,122211
127761,122410
127960,122606
128158,122798
128353,122990
128546,123180
128737,123364
128926,123545
129116,123726
129327,123921
129519,124099
129710,124279
129904,124464
130101,124654
130305,124850
130513,125054
130725,125266
130940,125482
131155,125700
131368,125916
131581,126131
131793,126346
132005,126560
132215,126774
132423,126983
132626,127186
132825,127381
133022,127574
133217,127768
133414,127961
133613,128152
133811,128343
134012,128538
134217,128736
134427,128938
134637,129140
134849,129342
135061,129541
135272,129739
135483,129936
135690,130132
135895,130325
136099,130518
136302,130708
136528,130916
136728,131101
136926,131283
137123,131467
137320,131653
137521,131840
137727,132025
137936,132212
138145,132401
138356,132592
138568,132786
138783,132983
138998,133177
139213,133368
139429,133554
139642,133737
139850,133916
140054,134094
140258,134270
140457,134442
140654,134609
140849,134770
141041,134932
141235,135095
141430,135259
141628,135424
141829,135589
142032,135755
142238,135920
142444,136082
142651,136243
142859,136403
143070,136561
143283,136717
143520,136889
143733,137044
143943,137196
144152,137348
144358,137500
144564,137653
144769,137807
144975,137962
145183,138122
145394,138285
145606,138452
145815,138621
146024,138791
146233,138958
146442,139123
146652,139286
146860,139449
147066,139614
147268,139779
147470,139942
147672,140104
147876,140264
148081,140424
148287,140585
148497,140747
148711,140910
148928,141076
149146,141242
149364,141410
149585,141578
149810,141747
150034,141918
150254,142091
150472,142264
150713,142455
150932,142629
151148,142806
151363,142982
151575,143157
151783,143331
151991,143506
152201,143683
152412,143862
152628,144042
152846,144223
153065,144406
153285,144590
153504,144772
153724,144956
153943,145139
154158,145319
154368,145496
154573,145670
154777,145846
154982,146022
155192,146196
155403,146368
155617,146542
155834,146716
156054,146893
156277,147074
156505,147261
156736,147453
156969,147646
157202,147839
157433,148030
157663,148218
157890,148409
158137,148618
158361,148804
158584,148983
158803,149162
159013,149343
159222,149526
159431,149710
159641,149897
159851,150088
160063,150285
160274,150487
160486,150693
160700,150902
160914,151114
161129,151324
161339,151533
161546,151740
161752,151944
161957,152147
162159,152348
162362,152544
162566,152736
162770,152926
162973,153117
163172,153310
163373,153501
163576,153693
163778,153887
163981,154085
164186,154283
164389,154485
164591,154686
164795,154888
164998,155087
165224,155306
165429,155502
165633,155699
165838,155893
166041,156085
166241,156277
166444,156468
166648,156660
166853,156856
167060,157057
167269,157258
167479,157462
167688,157668
167895,157875
168099,158084
168304,158294
168507,158503
168708,158711
168904,158921
169097,159128
169286,159326
169471,159521
169653,159712
169834,159903
170020,160094
170207,160287
170397,160483
170594,160680
170797,160877
171000,161073
171204,161267
171408,161458
171610,161648
171810,161837
172032,162044
172231,162233
172427,162425
172619,162619
172809,162812
173001,163003
173195,163193
173386,163385
173577,163577
173771,163770
173965,163965
174159,164162
174353,164360
174547,164560
174740,164762
174934,164965
175125,165167
175314,165367
175502,165565
175688,165762
175872,165958
176057,166153
176245,166347
176438,166543
176637,166742
176840,166946
177044,167151
177253,167356
177465,167561
177677,167768
177891,167972
178106,168173
178319,168372
178532,168569
178767,168788
178977,168991
179184,169194
179386,169396
179585,169593
179782,169790
179982,169986
180184,170185
180388,170385
180592,170589
180798,170796
181007,171004
181218,171216
181430,171431
181641,171648
181849,171864
182054,172078
182256,172292
182456,172506
182655,172719
182854,172927
183048,173128
183239,173321
183428,173509
183616,173698
183806,173888
183998,174078
184190,174270
184382,174462
184571,174654
184758,174845
184946,175033
185132,175216
185316,175400
185522,175601
185712,175784
185898,175967
186080,176153
186268,176331
186457,176506
186646,176684
186833,176862
187022,177040
187212,177219
187404,177402
187597,177585
187792,177767
187986,177948
188181,178128
188374,178304
188565,178476
188752,178644
188936,178810
189121,178976
189308,179141
189497,179309
189691,179479
189891,179654
190096,179832
190302,180012
190511,180188
190720,180361
190926,180532
191134,180700
191340,180866
191543,181030
191743,181191
191941,181346
192136,181497
192352,181661
192542,181809
192732,181955
192921,182101
193108,182248
193295,182393
193485,182538
193675,182683
193864,182831
194055,182980
194248,183129
194441,183276
194637,183422
194832,183569
195027,183715
195224,183861
195421,184011
195617,184166
195810,184323
196001,184480
196187,184635
196373,184787
196562,184937
196753,185089
196948,185242
197147,185397
197349,185554
197554,185710
197760,185868
197966,186025
198173,186182
198381,186338
198588,186495
198793,186650
199016,186818
199215,186968
199410,187117
199602,187265
199786,187410
199966,187552
200146,187696
200328,187842
200511,187992
200697,188147
200882,188305
201068,188461
201256,188617
201446,188770
201636,188925
201829,189078
202020,189233
202204,189389
202381,189542
202551,189690
202715,189835
202877,189979
203041,190123
203204,190269
203366,190418
203530,190567
203696,190718
203863,190869
204034,191022
204213,191175
204394,191330
204571,191487
204746,191641
204917,191791
205102,191952
205268,192095
205432,192240
205594,192387
205753,192532
205910,192673
206068,192813
206222,192955
206376,193097
206531,193240
206687,193385
206840,193534
206992,193686
207143,193837
207292,193990
207439,194145
207581,194297
207720,194445
207856,194586
207989,194724
208118,194859
208245,194990
208373,195114
208501,195233
208629,195351
208760,195469
208894,195590
209030,195711
209164,195833
209298,195955
209436,196079
209574,196207
209712,196340
209850,196476
210004,196626
210144,196762
210284,196898
210423,197033
210561,197166
210699,197298
210836,197431
210974,197561
211114,197691
211256,197822
211398,197953
211542,198083
211687,198213
211834,198344
211982,198476
212133,198608
212287,198741
212445,198876
212603,199013
212760,199152
212916,199292
213073,199435
213230,199579
213384,199722
213534,199864
213685,200007
213838,200152
213991,200298
214144,200444
214302,200590
214462,200737
214627,200885
214794,201034
214965,201186
215156,201357
215327,201512
215498,201666
215673,201821
215849,201976
216023,202133
216197,202289
216373,202446
216548,202605
216722,202765
216897,202926
217071,203086
217245,203246
217419,203405
217594,203565
217769,203725
217942,203885
218118,204046
218293,204208
218469,204369
218646,204530
218824,204692
218999,204856
219175,205018
219347,205178
219517,205337
219688,205495
219857,205658
220024,205828
220204,205986
220365,206144
220527,206314
220708,206481
220893,206647
221154,206882
221340,207054
221524,207222
221706,207389
221885,207555
222060,207721
222234,207885
222405,208049
222575,208212
222746,208376
222919,208538
223093,208700
223269,208864
223447,209029
223626,209196
223807,209367
223989,209541
224171,209714
224351,209886
224530,210059
224710,210231
224889,210403
225067,210576
225240,210748
225408,210917
225575,211081
225744,211242
225912,211405
226081,211572
226252,211743
226428,211918
226606,212094
226784,212275
226963,212459
227161,212664
227340,212850
227518,213035
227696,213214
227874,213390
228054,213570
228237,213742
228413,213913
228585,214080
228759,214241
228932,214401
229105,214562
229280,214722
229456,214886
229636,215055
229816,215224
229996,215402
230177,215582
230354,215762
230530,215944
230711,216121
230884,216296
231051,216477
231218,216656
231385,216831
231551,217004
231717,217177
231885,217351
232058,217527
232236,217708
232419,217892
232607,218077
232796,218265
232987,218450
233177,218630
233380,218822
233563,218990
233746,219153
233930,219315
234109,219476
234282,219634
234451,219788
234616,219941
234782,220097
234950,220256
235119,220418
235289,220582
235461,220748
235636,220914
235810,221078
235985,221242
236158,221405
236330,221569
236496,221731
236660,221889
236821,222045
236979,222200
237136,222353
237290,222498
237443,222653
237597,222798
237750,222945
237905,223093
238062,223242
238222,223394
238385,223547
238550,223701
238719,223857
238886,224014
239071,224189
239236,224345
239395,224498
239553,224649
239711,224796
239869,224941
240027,225087
240184,225231
240337,225375
240490,225517
240643,225658
240793,225799
240942,225939
241091,226079
241238,226220
241386,226362
241534,226506
241679,226651
241823,226795
241963,226938
242097,227077
242224,227212
242349,227345
242471,227479
242591,227612
242708,227740
242820,227863
242932,227985
243046,228104
243160,228224
243277,228346
243397,228470
243519,228597
243643,228725
243779,228867
243900,228996
244018,229124
244134,229245
244248,229361
244362,229473
244471,229585
244578,229697
244685,229808
244792,229917
244898,230026
245005,230133
245110,230240
245216,230346
245320,230454
245427,230563
245534,230677
245640,230795
245743,230913
245843,231030
245938,231145
246025,231252
246105,231351
246182,231444
246259,231534
246336,231624
246411,231711
246486,231796
246562,231877
246637,231954
246713,232030
246789,232105
246865,232181
246940,232259
247021,232347
247096,232429
247169,232511
247241,232593
247314,232674
247386,232754
247456,232830
247527,232901
247600,232972
247674,233045
247748,233121
247825,233198
247904,233277
247983,233356
248060,233437
248137,233518
248211,233597
248285,233676
248356,233755
248426,233836
248495,233917
248561,233997
248622,234074
248680,234149
248737,234222
248796,234296
248854,234372
248912,234446
248969,234520
249026,234592
249084,234665
249144,234738
249201,234807
249255,234873
249311,234938
249363,234994
249417,235050
249473,235106
249531,235166
249589,235226
249646,235285
249701,235343
249754,235400
249807,235456
249860,235511
249913,235567
249965,235623
250016,235678
250067,235731
250116,235786
250168,235836
250219,235884
250269,235933
250319,235985
250370,236038
250420,236091
250468,236145
250514,236200
250559,236254
250603,236310
250647,236370
250692,236428
250736,236484
250779,236536
250822,236588
250865,236638
250904,236687
250940,236730
250975,236774
251004,236811
251029,236845
251053,236877
251075,236905
251094,236932
251109,236953
251123,236970
251133,236983
251148,236993
251136,236994
251118,237001
251113,237019
251115,237031
251123,237045
251136,237040
251157,237059
251170,237073
251183,237089
251197,237105
251212,237121
251226,237136
251242,237148
251259,237158
251276,237169
251293,237183
251310,237199
251328,237215
251346,237231
251364,237247
251382,237262
251400,237276
251421,237292
251441,237308
251464,237327
251484,237345
251506,237366
251529,237391
251551,237415
251574,237436
251594,237454
251611,237468
251627,237482
251642,237498
251657,237514
251673,237527
251689,237541
251705,237559
251725,237580
251746,237602
251771,237630
251799,237659
251831,237690
251864,237722
251898,237756
251932,237793
251967,237829
252003,237864
252038,237897
252078,237929
252119,237964
252162,238002
252209,238040
252259,238082
252311,238125
252365,238169
252420,238217
252478,238266
252545,238322
252612,238374
252682,238431
252755,238490
252829,238546
252901,238601
252975,238656
253049,238713
253124,238769
253197,238823
253267,238875
253332,238926
253392,238977
253445,239028
253504,239076
253563,239129
253624,239190
253689,239250
253753,239312
253812,239374
253869,239436
253925,239497
253983,239559
254044,239621
254103,239680
254160,239736
254219,239789
254281,239843
254347,239902
254416,239961
254488,240018
254563,240075
254640,240134
254719,240196
254801,240258
254893,240330
254982,240398
255076,240469
255170,240544
255266,240620
255363,240696
255463,240774
255565,240856
255670,240942
255775,241031
255878,241123
255986,241217
256093,241316
256200,241417
256308,241516
256417,241617
256530,241720
256644,241826
256761,241934
256882,242042
257008,242150
257133,242260
257255,242370
257376,242483
257500,242599
257623,242718
257745,242835
257865,242952
257983,243072
258102,243193
258222,243314
258345,243438
258466,243567
258591,243700
258731,243844
258862,243976
258996,244112
259133,244252
259274,244391
259415,244529
259557,244664
259702,244798
259846,244932
259987,245065
260124,245194
260259,245322
260392,245449
260521,245578
260648,245706
260778,245832
260902,245958
261024,246087
261144,246217
261264,246350
261383,246484
261498,246615
261613,246744
261724,246870
261830,246993
261936,247112
262044,247228
262151,247342
262257,247453
262360,247560
262463,247668
262571,247781
262684,247898
262799,248016
262927,248148
263045,248270
263168,248392
263292,248518
263419,248646
263545,248773
263672,248895
263801,249016
263932,249138
264063,249263
264194,249386
264325,249507
264455,249628
264587,249753
264724,249884
264863,250020
265009,250155
265155,250294
265304,250434
265456,250577
265610,250721
265768,250872
265923,251024
266075,251174
266228,251324
266379,251472
266528,251620
266671,251765
266810,251905
266949,252045
267094,252186
267243,252331
267397,252479
267555,252629
267730,252798
267890,252951
268052,253104
268213,253259
268374,253414
268538,253570
268705,253724
268871,253877
269038,254034
269203,254188
269369,254338
269535,254487
269701,254637
269866,254786
270030,254936
270195,255082
270363,255229
270533,255377
270705,255526
270881,255675
271061,255823
271246,255970
271434,256118
271622,256266
271807,256413
271989,256557
272169,256700
272345,256844
272520,256990
272692,257141
272864,257292
273032,257444
273194,257593
273351,257739
273522,257897
273678,258039
273840,258180
274005,258324
274175,258469
274348,258614
274526,258754
274707,258891
274888,259023
275072,259151
275258,259274
275441,259395
275619,259507
275790,259608
275960,259701
276128,259790
276298,259877
276468,259965
276641,260054
276818,260142
277002,260234
277189,260329
277378,260428
277570,260529
277766,260633
277962,260742
278161,260853
278359,260965
278555,261077
278751,261188
278945,261297
279136,261408
279323,261521
279508,261637
279710,261766
279890,261882
280069,261999
280250,262118
280434,262240
280621,262364
280809,262491
281001,262618
281200,262746
281399,262878
281597,263014
281797,263152
281997,263291
282194,263431
282385,263572
282569,263711
282749,263848
282925,263984
283099,264123
283272,264264
283445,264406
283617,264550
283787,264697
283958,264846
284132,264998
284305,265152
284476,265307
284645,265461
284816,265614
284988,265767
285157,265922
285325,266077
285491,266231
285653,266384
285828,266551
285983,266704
286131,266860
286277,267017
286423,267174
286568,267330
286714,267485
286861,267641
287010,267798
287162,267956
287317,268115
287474,268274
287634,268434
287796,268594
287962,268754
288131,268913
288301,269072
288466,269228
288628,269379
288786,269525
288940,269671
289092,269817
289239,269960
289384,270103
289529,270248
289675,270398
289827,270554
289985,270715
290148,270880
290314,271046
290482,271215
290653,271385
290825,271558
290994,271731
291165,271903
291352,272093
291519,272266
291683,272438
291845,272610
292005,272783
292170,272948
292333,273115
292496,273284
292663,273452
292833,273620
293009,273789
293186,273960
293364,274134
293544,274309
293725,274485
293905,274662
294084,274841
294261,275017
294437,275190
294609,275361
294782,275530
294955,275702
295128,275875
295300,276045
295472,276212
295644,276381
295815,276552
295986,276725
296157,276900
296328,277076
296498,277253
296669,277431
296841,277611
297013,277793
297205,277991
297383,278170
297563,278346
297740,278518
297911,278686
298076,278847
298236,279003
298392,279154
298547,279304
298705,279454
298867,279608
299035,279765
299211,279927
299393,280096
299577,280270
299762,280445
299946,280620
300130,280792
300314,280961
300492,281125
300664,281283
300836,281435
301010,281586
301184,281741
301358,281897
301531,282054
301703,282212
301872,282371
302042,282531
302212,282693
302384,282860
302560,283030
302739,283204
302918,283377
303116,283571
303293,283747
303471,283921
303648,284092
303820,284259
303985,284424
304145,284586
304303,284747
304458,284905
304610,285059
304760,285211
304914,285363
305074,285520
305238,285680
305400,285841
305569,286003
305740,286168
305913,286336
306086,286506
306258,286674
306429,286842
306597,287011
306765,287178
306929,287344
307089,287508
307245,287671
307400,287831
307554,287989
307706,288146
307856,288304
308005,288460
308158,288617
308312,288774
308467,288930
308640,289105
308797,289266
308954,289430
309110,289599
309268,289770
309425,289945
309582,290122
309738,290298
309892,290471
310044,290640
310194,290810
310345,290980
310495,291146
310646,291309
310798,291469
310952,291629
311110,291792
311274,291957
311440,292123
311611,292290
311787,292461
311966,292636
312148,292813
312332,292986
312513,293158
312692,293330
312869,293500
313040,293665
313208,293826
313376,293986
313540,294148
313704,294311
313865,294475
314029,294638
314212,294820
314378,294986
314544,295151
314712,295314
314881,295476
315051,295640
315223,295804
315396,295968
315565,296132
315733,296293
315895,296451
316050,296606
316201,296761
316352,296915
316502,297068
316652,297220
316801,297370
316954,297522
317113,297680
317274,297842
317435,298005
317594,298167
317754,298326
317914,298487
318076,298650
318238,298815
318399,298979
318561,299141
318724,299300
318888,299457
319051,299612
319214,299762
319376,299910
319539,300057
319715,300221
319875,300373
320039,300527
320205,300683
320370,300842
320536,301004
320702,301169
320866,301336
321029,301505
321193,301674
321357,301844
321521,302013
321685,302182
321849,302350
322012,302515
322172,302680
322331,302844
322488,303007
322643,303166
322798,303325
322954,303485
323110,303646
323268,303805
323426,303964
323585,304120
323745,304274
323909,304428
324075,304581
324241,304731
324405,304878
324562,305021
324716,305158
324864,305292
325008,305422
325159,305564
325287,305686
325406,305800
325517,305906
325618,306003
325709,306093
325791,306175
325867,306251
325937,306321
326001,306386
326057,306446
326106,306498
326150,306544
326187,306585
326217,306620
326238,306651
326255,306676
326268,306696
326278,306712
326286,306725
326294,306738
326302,306755
326314,306772
326329,306790
326349,306807
326363,306817
326378,306828
326394,306840
326407,306852
326418,306863
