0,0
7,13
12,24
9,12
17,23
29,25
29,13
25,2
25,-9
41,-9
53,-3
69,8
91,23
118,44
148,71
184,100
224,135
268,176
316,220
368,269
424,323
486,381
552,445
621,513
693,583
767,652
844,721
925,792
1011,865
1101,942
1192,1024
1289,1109
1386,1200
1485,1296
1588,1394
1693,1496
1801,1601
1914,1707
2029,1817
2144,1930
2255,2050
2374,2171
2497,2295
2619,2428
2745,2562
2870,2698
2995,2839
3123,2980
3252,3120
3380,3259
3513,3396
3649,3537
3788,3680
3930,3825
4075,3972
4391,4283
4553,4438
4720,4602
4891,4765
5058,4931
5226,5093
5392,5256
5554,5417
5713,5578
5873,5740
6034,5900
6195,6059
6358,6217
6520,6378
6685,6543
6856,6711
7027,6885
7201,7059
7381,7233
7564,7413
7753,7600
7945,7793
8141,7991
8345,8191
8555,8388
8765,8590
8975,8800
9187,9012
9403,9223
9613,9443
9828,9662
10043,9885
10259,10113
10478,10338
10699,10565
10925,10796
11152,11029
11382,11263
11618,11495
11859,11727
12102,11963
12350,12194
12594,12430
12840,12663
13087,12893
13355,13149
13601,13381
13853,13617
14101,13859
14345,14100
14586,14348
14832,14592
15078,14844
15328,15095
15585,15343
15844,15600
16108,15861
16381,16122
16660,16383
16937,16650
17214,16914
17488,17173
17755,17436
18024,17693
18290,17944
18550,18197
18810,18453
19071,18703
19331,18948
19595,19204
19863,19460
20134,19723
20408,19984
20687,20245
20967,20509
21248,20774
21532,21037
21812,21298
22082,21563
22347,21822
22608,22078
22864,22331
23118,22579
23367,22829
23646,23108
23905,23362
24170,23620
24437,23888
24713,24155
24991,24424
25267,24696
25548,24965
25828,25238
26103,25514
26379,25788
26656,26056
26920,26328
27182,26592
27439,26851
27687,27113
27936,27373
28187,27633
28442,27895
28707,28162
28979,28430
29252,28705
29530,28979
29812,29247
30090,29516
30366,29785
30638,30050
30905,30310
31167,30568
31428,30817
31682,31061
31934,31307
32182,31558
32429,31808
32686,32055
32949,32308
33220,32569
33502,32835
33792,33106
34115,33418
34410,33702
34707,33981
34995,34268
35279,34550
35560,34826
35832,35100
36098,35369
36358,35630
36604,35892
36849,36151
37096,36405
37345,36662
37600,36921
37860,37184
38125,37450
38399,37716
38679,37979
38956,38248
39232,38517
39505,38774
39771,39032
40036,39290
40304,39544
40572,39799
40836,40059
41099,40318
41358,40575
41616,40831
41879,41081
42145,41341
42419,41604
42698,41868
42981,42141
43267,42417
43557,42695
43840,42976
44113,43256
44385,43523
44649,43789
44935,44083
45192,44340
45441,44596
45686,44849
45938,45097
46192,45351
46445,45615
46708,45875
46972,46137
47238,46402
47505,46664
47770,46927
48031,47186
48291,47439
48547,47686
48795,47939
49050,48188
49307,48431
49555,48677
49801,48918
50048,49155
50296,49394
50553,49639
50821,49890
51091,50151
51362,50417
51641,50678
51921,50942
52196,51210
52472,51474
52742,51733
53011,51988
53279,52239
53543,52486
53797,52735
54047,52981
54292,53223
54532,53468
54780,53708
55058,53981
55315,54238
55581,54499
55850,54763
56116,55033
56379,55308
56637,55572
56887,55835
57130,56092
57367,56342
57600,56587
57836,56829
58069,57071
58299,57313
58528,57550
58771,57782
59016,58016
59266,58256
59526,58491
59789,58732
60052,58981
60320,59232
60586,59486
60844,59744
61095,59999
61345,60248
61592,60502
61836,60755
62081,61000
62318,61242
62552,61482
62793,61719
63037,61959
63285,62209
63539,62467
63799,62721
64060,62978
64328,63233
64599,63487
64867,63743
65167,64024
65431,64273
65685,64521
65932,64770
66180,65009
66421,65245
66656,65486
66897,65717
67142,65946
67392,66184
67651,66427
67916,66677
68182,66934
68445,67195
68709,67453
68971,67714
69228,67977
69481,68233
69729,68485
69972,68734
70216,68979
70459,69220
70699,69461
70938,69707
71177,69941
71418,70181
71666,70425
71920,70673
72178,70929
72442,71185
72711,71443
72978,71704
73240,71963
73499,72218
73753,72468
74004,72721
74255,72971
74507,73220
74757,73473
75032,73751
75279,73998
75527,74246
75775,74500
76029,74749
76285,75004
76545,75259
76808,75511
77075,75766
77342,76024
77603,76281
77858,76532
78105,76777
78351,77018
78595,77252
78836,77485
79073,77714
79306,77940
79540,78165
79780,78393
80025,78627
80273,78865
80524,79107
80777,79354
81037,79597
81297,79845
81552,80090
81801,80331
82045,80570
82283,80807
82519,81038
82752,81264
82979,81492
83199,81727
83419,81951
83639,82178
83862,82404
84087,82628
84315,82855
84571,83108
84808,83336
85049,83566
85291,83799
85524,84033
85759,84261
85992,84481
86218,84700
86441,84910
86661,85119
86880,85329
87098,85539
87313,85748
87528,85955
87746,86163
87963,86375
88185,86590
88408,86805
88629,87020
88851,87231
89071,87440
89289,87647
89503,87850
89712,88052
89915,88252
90116,88444
90316,88631
90510,88820
90701,89005
90889,89188
91073,89367
91257,89541
91440,89717
91624,89893
91809,90071
91995,90252
92181,90433
92367,90616
92550,90799
92727,90979
92910,91170
93073,91333
93235,91489
93392,91644
93546,91796
93695,91944
93839,92088
93984,92229
94129,92367
94273,92505
94417,92642
94558,92777
94696,92910
94828,93038
94957,93159
95079,93272
95187,93377
95288,93472
95379,93557
95461,93626
95535,93688
95601,93741
95656,93788
95695,93825
95723,93848
95743,93863
95756,93873
95763,93862
95752,93867
95751,93879
95749,93890
95758,93911
95768,93925
95784,93943
95804,93967
95829,93996
95860,94026
95895,94060
95934,94100
95983,94152
96034,94204
96090,94263
96151,94328
96218,94397
96291,94469
96367,94544
96448,94621
96534,94703
96626,94790
96723,94882
96821,94977
96918,95075
97015,95173
97114,95273
97217,95376
97325,95484
97436,95597
97551,95711
97672,95828
97796,95949
97923,96069
98054,96191
98181,96314
98306,96434
98435,96556
98565,96681
98694,96810
98827,96940
98961,97076
99098,97216
99241,97360
99390,97509
99546,97664
99706,97821
99867,97976
100026,98132
100190,98290
100354,98447
100530,98618
100688,98773
100847,98921
101000,99063
101143,99196
101279,99317
101412,99429
101542,99536
101672,99639
101800,99740
101925,99841
102048,99946
102169,100055
102287,100165
102404,100272
102515,100378
102624,100487
102736,100596
102847,100705
102948,100820
103049,100929
103147,101046
103244,101163
103338,101279
103433,101396
103529,101513
103624,101631
103718,101748
103816,101864
103915,101980
104012,102097
104110,102212
104208,102324
104307,102437
104407,102552
104518,102674
104617,102784
104716,102893
104817,103000
104919,103107
105025,103217
105137,103324
105253,103442
105379,103559
105509,103681
105643,103810
105782,103945
105924,104083
106068,104222
106217,104365
106372,104515
106533,104670
106698,104832
106866,105002
107040,105178
107216,105364
107396,105556
107586,105753
107786,105956
107991,106169
108206,106387
108425,106612
108648,106843
108875,107078
109099,107314
109321,107549
109542,107783
109758,108014
109976,108245
110213,108492
110424,108715
110638,108936
110855,109158
111077,109381
111306,109609
111539,109842
111775,110078
112013,110317
112253,110563
112501,110807
112752,111054
113006,111301
113261,111547
113515,111795
113768,112044
114024,112297
114287,112550
114544,112807
114801,113069
115059,113323
115315,113581
115577,113840
115843,114099
116109,114364
116381,114630
116657,114897
116932,115170
117207,115445
117480,115712
117747,115981
118011,116243
118277,116495
118539,116747
118794,116999
119071,117279
119312,117530
119557,117780
119814,118024
120077,118279
120345,118540
120622,118803
120899,119070
121176,119336
121455,119602
121728,119867
121995,120130
122263,120385
122524,120638
122779,120889
123035,121131
123284,121376
123529,121625
123779,121872
124030,122120
124284,122374
124545,122635
124813,122893
125085,123157
125360,123423
125637,123689
125911,123961
126183,124235
126452,124503
126722,124765
126990,125030
127255,125288
127516,125544
127772,125798
128053,126073
128305,126325
128563,126577
128824,126833
129090,127092
129361,127355
129639,127617
129916,127881
130188,128149
130458,128412
130717,128673
130970,128932
131221,129187
131472,129437
131724,129687
131972,129936
132215,130177
132456,130419
132704,130659
132956,130901
133211,131149
133472,131399
133736,131652
134002,131909
134268,132170
134533,132428
134796,132685
135056,132942
135318,133195
135574,133451
135826,133704
136070,133954
136306,134202
136539,134452
136804,134726
137050,134971
137296,135225
137550,135479
137812,135736
138078,135995
138350,136252
138623,136511
138896,136772
139164,137033
139433,137287
139699,137541
139963,137793
140221,138043
140471,138300
140715,138552
140960,138800
141208,139045
141456,139298
141711,139553
141971,139808
142229,140070
142493,140333
142758,140598
143023,140867
143288,141134
143554,141397
143820,141657
144084,141917
144344,142170
144594,142424
144839,142669
145088,142903
145341,143140
145629,143409
145898,143658
146174,143914
146450,144177
146731,144439
147011,144703
147283,144972
147551,145234
147813,145494
148072,145754
148333,146010
148594,146264
148845,146521
149095,146779
149345,147027
149596,147279
149853,147535
150117,147796
150389,148064
150664,148339
150943,148616
151225,148893
151505,149173
151781,149447
152051,149721
152321,149988
152587,150254
152845,150518
153099,150780
153348,151040
153596,151298
153849,151555
154106,151808
154365,152070
154660,152364
154930,152629
155200,152894
155475,153156
155751,153417
156025,153676
156293,153936
156557,154193
156821,154452
157088,154708
157353,154967
157610,155229
157870,155488
158133,155745
158396,156008
158663,156275
158936,156535
159211,156796
159488,157058
159771,157318
160051,157581
160328,157843
160603,158104
160874,158364
161141,158624
161402,158877
161654,159128
161899,159382
162147,159633
162396,159887
162652,160150
162913,160419
163181,160690
163447,160961
163744,161261
164009,161525
164269,161789
164528,162046
164781,162296
165028,162545
165276,162789
165528,163027
165774,163261
166015,163494
166256,163717
166501,163939
166752,164164
167011,164390
167273,164624
167541,164862
167814,165101
168088,165343
168363,165588
168629,165839
168896,166088
169161,166336
169418,166588
169668,166835
169912,167080
170145,167324
170374,167566
170605,167802
170839,168039
171074,168281
171321,168523
171571,168775
171823,169033
172076,169289
172360,169579
172613,169844
172862,170108
173106,170367
173339,170624
173571,170877
173808,171117
174042,171361
174277,171601
174512,171832
174752,172063
174997,172298
175251,172537
175511,172780
175770,173030
176034,173285
176303,173541
176570,173806
176836,174069
177101,174333
177365,174594
177627,174853
177888,175108
178146,175359
178396,175610
178644,175854
178888,176095
179135,176334
179384,176576
179634,176824
179887,177073
180140,177325
180395,177575
180648,177826
180929,178101
181181,178348
181426,178595
181667,178840
181908,179086
182149,179328
182387,179566
182618,179806
182847,180047
183073,180284
183305,180515
183541,180755
183779,181002
184026,181250
184276,181504
184532,181767
184792,182034
185051,182303
185308,182572
185561,182837
185812,183089
186060,183339
186307,183584
186548,183821
186784,184062
187021,184301
187264,184537
187511,184778
187759,185026
188011,185276
188272,185524
188535,185781
188803,186037
189072,186292
189337,186552
189625,186840
189881,187096
190131,187349
190381,187598
190635,187840
190884,188092
191131,188345
191378,188589
191630,188837
191884,189092
192145,189353
192409,189617
192673,189885
192941,190156
193210,190426
193475,190700
193735,190967
193992,191225
194242,191477
194488,191723
194729,191961
194963,192196
195194,192429
195429,192657
195668,192889
195915,193124
196167,193364
196423,193611
196684,193857
196956,194105
197231,194353
197504,194603
197772,194851
198041,195087
198332,195350
198588,195587
198845,195819
199093,196053
199330,196286
199561,196517
199791,196747
200022,196977
200256,197213
200499,197450
200745,197695
201000,197943
201260,198194
201520,198453
201782,198716
202042,198977
202298,199234
202544,199487
202789,199736
203032,199977
203267,200219
203504,200457
203741,200697
203979,200939
204224,201182
204480,201429
204742,201683
205003,201940
205274,202195
205547,202451
205817,202712
206089,202967
206354,203224
206611,203484
206890,203764
207140,204011
207381,204258
207622,204504
207865,204742
208105,204987
208353,205229
208608,205474
208865,205728
209130,205985
209402,206243
209675,206507
209946,206774
210222,207038
210490,207303
210752,207567
211011,207822
211261,208072
211503,208321
211745,208562
211982,208798
212213,209032
212448,209264
212693,209490
212938,209726
213195,209962
213460,210197
213725,210441
213991,210688
214257,210931
214513,211176
214764,211420
215012,211661
215255,211894
215517,212149
215751,212379
215980,212606
216203,212838
216432,213069
216667,213303
216907,213543
217155,213785
217411,214035
217672,214284
217937,214539
218204,214795
218470,215048
218728,215305
218983,215559
219235,215806
219480,216051
219720,216292
219955,216531
220188,216763
220417,216997
220650,217227
220886,217458
221122,217699
221365,217939
221611,218179
221859,218421
222113,218663
222368,218906
222625,219147
222877,219391
223131,219633
223380,219873
223628,220116
223903,220381
224143,220622
224377,220863
224611,221101
224845,221337
225087,221571
225332,221811
225582,222050
225835,222293
226089,222543
226345,222793
226602,223044
226852,223299
227099,223552
227344,223800
227589,224042
227830,224286
228068,224524
228303,224760
228531,225001
228758,225238
228987,225474
229220,225711
229453,225949
229689,226188
229933,226427
230180,226669
230433,226908
230685,227153
230936,227398
231189,227637
231441,227873
231692,228112
231941,228352
232218,228609
232464,228841
232703,229080
232941,229314
233183,229549
233423,229791
233666,230035
233913,230279
234168,230524
234424,230771
234689,231019
234958,231267
235225,231523
235491,231773
235751,232028
236002,232283
236249,232531
236487,232778
236722,233024
236946,233270
237174,233509
237403,233750
237635,233992
237873,234230
238111,234474
238353,234720
238598,234964
238843,235209
239089,235452
239327,235696
239563,235929
239795,236165
240023,236398
240250,236621
240495,236870
240711,237099
240928,237324
241145,237549
241370,237777
241596,238009
241828,238240
242065,238473
242301,238715
242541,238953
242784,239196
243023,239444
243262,239691
243499,239935
243735,240177
243964,240415
244191,240651
244411,240885
244625,241121
244839,241351
245056,241580
245275,241815
245498,242053
245725,242291
245956,242533
246187,242777
246425,243020
246665,243262
246902,243508
247139,243749
247372,243984
247596,244218
247817,244445
248039,244666
248258,244884
248495,245118
248715,245329
248941,245536
249169,245747
249405,245959
249644,246169
249879,246387
250113,246611
250347,246835
250579,247062
250805,247293
251022,247524
251238,247757
251455,247985
251664,248223
251869,248459
252071,248693
252262,248931
252452,249165
252645,249395
252840,249626
253045,249856
253252,250090
253463,250325
253668,250569
253876,250812
254091,251050
254301,251295
254506,251541
254709,251786
254906,252032
255100,252276
255291,252519
255483,252760
255690,253038
255876,253285
256064,253528
256252,253776
256444,254028
256643,254281
256848,254540
257055,254801
257267,255066
257482,255332
257696,255611
257911,255885
258123,256163
258332,256442
258540,256717
258746,256988
258947,257253
259144,257516
259338,257775
259530,258034
259729,258290
259926,258555
260128,258825
260335,259099
260549,259375
260766,259650
260992,259928
261221,260209
261448,260493
261677,260772
261901,261049
262120,261322
262340,261592
262560,261862
262857,262242
263072,262501
263288,262760
263509,263019
263731,263284
263959,263553
264196,263822
264438,264094
264684,264365
264929,264639
265184,264908
265431,265182
265681,265453
265936,265724
266189,265999
266442,266270
266694,266537
266939,266798
267181,267057
267426,267306
267672,267565
267923,267824
268180,268090
268445,268363
268713,268637
268984,268912
269256,269183
269524,269459
269790,269730
270048,270003
270300,270269
270549,270532
270800,270795
271049,271056
271321,271338
271563,271585
271801,271833
272040,272077
272281,272331
272527,272585
272775,272842
273027,273103
273286,273368
273547,273639
273809,273908
274062,274177
274314,274440
274562,274700
274805,274959
275047,275213
275282,275467
275515,275714
275750,275959
275991,276201
276231,276446
276474,276695
276721,276940
276971,277190
277227,277440
277488,277690
277750,277942
278017,278190
278282,278439
278546,278685
278801,278935
279056,279181
279308,279424
279553,279669
279821,279933
280062,280174
280308,280419
280563,280669
280820,280921
281080,281175
281338,281436
281601,281693
281864,281956
282123,282221
282378,282479
282633,282733
282887,282988
283137,283239
283385,283481
283623,283721
283857,283956
284095,284182
284335,284414
284584,284645
284837,284881
285096,285120
285362,285356
285635,285591
285915,285823
286189,286056
286462,286287
286733,286508
286997,286731
287255,286953
287513,287170
287769,287392
288019,287617
288263,287839
288529,288085
288766,288313
289003,288547
289249,288784
289498,289030
289748,289285
290008,289541
290272,289806
290537,290075
290806,290344
291071,290608
291336,290867
291597,291124
291855,291372
292105,291621
292354,291863
292609,292100
292859,292340
293114,292585
293374,292836
293636,293094
293897,293360
294165,293625
294434,293891
294709,294161
294986,294431
295253,294702
295518,294968
295781,295226
296044,295477
296304,295729
296562,295979
296816,296222
297071,296469
297362,296742
297628,296998
297904,297262
298186,297532
298472,297810
298763,298095
299057,298384
299352,298672
299645,298963
299939,299248
300225,299533
300508,299813
300782,300084
301052,300352
301312,300622
301577,300884
301849,301145
302126,301409
302410,301678
302697,301956
302988,302235
303278,302518
303568,302807
303853,303097
304139,303382
304424,303669
304705,303950
304991,304223
305269,304498
305535,304776
305800,305052
306061,305328
306326,305606
306598,305886
306907,306209
307194,306504
307487,306809
307781,307116
308076,307419
308372,307722
308666,308023
308956,308316
309240,308614
309520,308902
309793,309189
310062,309475
310330,309750
310602,310017
310875,310289
311159,310558
311446,310834
311736,311114
312032,311394
312336,311680
312637,311962
312932,312237
313218,312511
313496,312786
313772,313052
314045,313321
314310,313587
314570,313854
314828,314120
315089,314385
315350,314653
315617,314921
315891,315196
316169,315471
316451,315753
316768,316062
317056,316351
317337,316639
317612,316924
317881,317207
318139,317487
318392,317761
318635,318036
318872,318314
319106,318591
319343,318866
319583,319143
319824,319424
320062,319710
320303,319999
320546,320288
320788,320581
321028,320871
321263,321163
321496,321452
321721,321737
321948,322019
322165,322303
322383,322578
322598,322845
322814,323113
323034,323384
323259,323663
323491,323944
323729,324228
323967,324519
324208,324814
324446,325105
324678,325404
324933,325727
325158,326013
325379,326297
325595,326573
325803,326843
326008,327109
326213,327364
326415,327624
326616,327891
326816,328165
327013,328449
327209,328737
327403,329025
327595,329312
327788,329599
327985,329873
328180,330143
328376,330403
328570,330658
328765,330909
328965,331160
329164,331408
329361,331652
329554,331893
329747,332129
329939,332372
330133,332620
330331,332867
330533,333121
330744,333376
330962,333633
331182,333894
331407,334157
331639,334423
331895,334709
332123,334966
332356,335213
332594,335455
332835,335697
333078,335937
333325,336177
333572,336418
333819,336664
334070,336917
334318,337186
334567,337463
334832,337738
335101,338022
335370,338309
335644,338598
335922,338885
336203,339166
336480,339433
336743,339696
336999,339952
337261,340200
337520,340449
337771,340696
338018,340940
338263,341182
338506,341429
338757,341682
339008,341937
339253,342201
339503,342459
339757,342721
340013,342986
340269,343252
340548,343543
340792,343799
341038,344050
341283,344295
341522,344538
341753,344776
341977,345010
342196,345240
342417,345467
342643,345696
342877,345927
343113,346161
343350,346398
343598,346630
343842,346867
344091,347104
344339,347345
344583,347590
344822,347830
345055,348067
345290,348298
345527,348525
345758,348760
345988,348995
346212,349225
346440,349442
346670,349658
346901,349887
347141,350123
347390,350373
347648,350638
347916,350908
348188,351185
348466,351462
348775,351769
349053,352045
349329,352320
349599,352591
349866,352856
350127,353116
350378,353371
350622,353619
350870,353860
351118,354109
351373,354357
351635,354610
351900,354871
352166,355135
352436,355402
352709,355669
352978,355937
353250,356200
353515,356459
353768,356716
354019,356970
354264,357223
354506,357476
354749,357729
354996,357983
355247,358237
355510,358495
355780,358752
356051,359018
356322,359286
356596,359559
356875,359834
357154,360110
357431,360385
357733,360688
358003,360957
358268,361222
358521,361489
358767,361752
359009,362014
359253,362272
359504,362528
359763,362784
360026,363045
360296,363309
360571,363574
360841,363848
361109,364121
361375,364398
361636,364674
361893,364948
362149,365219
362402,365490
362659,365758
362908,366023
363149,366292
363386,366556
363625,366824
363870,367091
364122,367360
364380,367635
364640,367916
364908,368200
365180,368491
365450,368790
365721,369089
365991,369390
366263,369689
366569,370014
366841,370302
367109,370588
367375,370869
367633,371149
367896,371426
368156,371707
368417,371991
368682,372275
368948,372557
369209,372841
369473,373119
369735,373398
369995,373676
370252,373949
370501,374214
370744,374475
370991,374729
371237,374979
371476,375228
371716,375466
371954,375701
372198,375933
372450,376169
372711,376414
372981,376665
373257,376923
373540,377186
373826,377453
374111,377726
374397,377996
374681,378266
374967,378531
375251,378796
375531,379062
375836,379355
376105,379614
376369,379870
376634,380126
376905,380375
377180,380632
377457,380888
377735,381143
378012,381399
378292,381653
378574,381903
378854,382153
379123,382401
379388,382643
379647,382888
379901,383134
380153,383374
380396,383615
380632,383855
380866,384092
381104,384325
381348,384559
381596,384796
381855,385035
382115,385284
382380,385539
382649,385796
382915,386060
383181,386327
383444,386589
383705,386847
383960,387103
384220,387357
384475,387603
384746,387873
384988,388113
385232,388351
385481,388591
385735,388830
385997,389065
386265,389297
386536,389529
386816,389760
387103,389993
387384,390231
387660,390466
387929,390703
388191,390940
388450,391177
388703,391412
388950,391644
389184,391877
389417,392113
389651,392345
389885,392585
390126,392830
390373,393078
390623,393333
390878,393591
391136,393848
391398,394103
391655,394358
391912,394609
392169,394855
392423,395096
392681,395329
392933,395561
393182,395790
393458,396045
393707,396272
393962,396503
394217,396742
394481,396988
394752,397236
395028,397491
395312,397746
395599,398008
395883,398274
396163,398536
396434,398794
396700,399055
396960,399313
397220,399561
397473,399815
397717,400067
397963,400311
398208,400551
398456,400791
398713,401028
398974,401266
399238,401508
399506,401753
399775,402000
400041,402261
400307,402523
400571,402789
400830,403058
401091,403321
401348,403579
401597,403836
401836,404092
402071,404341
402330,404612
402566,404857
402811,405105
403065,405360
403332,405619
403608,405883
403886,406153
404162,406426
404441,406695
404716,406956
404980,407209
405244,407452
405503,407690
405766,407920
406027,408146
406283,408374
406536,408602
406787,408830
407040,409060
407295,409298
407553,409545
407819,409796
408089,410056
408366,410321
408644,410591
408917,410864
409183,411136
409435,411406
409680,411669
409919,411931
410147,412188
410364,412440
410573,412686
410784,412928
411025,413188
411249,413425
411477,413664
411716,413904
411965,414143
412223,414390
412489,414637
412756,414888
413020,415143
413283,415397
413540,415654
413797,415908
414050,416157
414298,416401
414544,416647
414791,416892
415046,417135
415307,417383
415576,417637
415853,417891
416134,418148
416416,418406
416697,418665
416978,418923
417253,419189
417525,419450
417792,419710
418052,419971
418308,420225
418560,420475
418806,420726
419042,420978
419290,421224
419536,421473
419807,421754
420060,422015
420319,422282
420584,422549
420855,422817
421127,423085
421396,423353
421668,423615
421940,423875
422206,424136
422470,424393
422731,424646
422982,424901
423229,425153
423472,425401
423715,425647
423963,425895
424224,426142
424492,426399
424770,426658
425054,426924
425339,427197
425623,427470
425901,427745
426172,428017
426439,428290
426707,428559
426967,428830
427218,429099
427460,429365
427703,429632
427945,429895
428195,430152
428453,430411
428745,430701
429022,430962
429301,431227
429589,431494
429877,431764
430160,432035
430443,432300
430723,432557
430995,432812
431265,433066
431537,433315
431804,433568
432068,433819
432339,434063
432614,434306
432894,434552
433185,434796
433478,435037
433773,435280
434076,435524
434379,435768
434672,436023
434955,436280
435232,436538
435503,436799
435769,437061
436024,437326
436275,437590
436515,437857
436752,438121
436991,438386
437234,438650
437484,438910
437739,439172
438035,439460
438307,439711
438582,439958
438854,440206
439123,440444
439388,440677
439646,440904
439898,441127
440148,441343
440396,441553
440634,441764
440864,441973
441096,442176
441335,442374
441575,442576
441821,442782
442069,442995
442319,443216
442574,443440
442832,443672
443089,443912
443347,444158
443610,444405
443873,444649
444128,444896
444382,445144
444637,445389
444885,445641
445128,445894
445375,446148
445626,446397
445891,446645
446164,446897
446439,447149
446719,447408
447033,447691
447317,447951
447598,448212
447875,448474
448147,448742
448420,449008
448687,449270
448951,449530
449210,449791
449465,450050
449717,450309
449967,450568
450224,450824
450482,451084
450748,451347
451023,451604
451301,451860
451577,452120
451855,452379
452128,452633
452395,452893
452661,453148
452919,453402
453177,453655
453435,453901
453684,454148
453927,454396
454168,454643
454412,454883
454661,455128
454916,455379
455176,455632
455439,455891
455708,456151
456009,456438
456281,456700
456547,456966
456809,457227
457067,457486
457321,457748
457575,458004
457825,458261
458067,458524
458310,458783
458552,459041
458800,459302
459052,459568
459308,459835
459567,460112
459832,460388
460099,460669
460368,460953
460640,461237
460906,461519
461163,461801
461423,462079
461679,462356
461933,462635
462186,462908
462432,463181
462675,463452
462924,463718
463177,463987
463428,464264
463689,464538
463954,464813
464217,465093
464488,465370
464786,465683
465051,465961
465313,466236
465565,466505
465815,466773
466065,467031
466308,467295
466546,467557
466781,467817
467016,468072
467258,468322
467507,468576
467760,468830
468014,469086
468272,469339
468529,469598
468784,469862
469038,470130
469288,470399
469539,470661
469786,470920
470034,471179
470276,471434
470519,471685
470759,471935
471002,472187
471254,472437
471511,472691
471772,472948
472036,473208
472299,473465
472565,473719
472834,473976
473101,474231
473388,474516
473642,474767
473888,475017
474131,475267
474377,475507
474621,475744
474863,475979
475101,476212
475346,476444
475596,476681
475848,476925
476104,477174
476361,477431
476627,477689
476896,477949
477166,478212
477435,478475
477701,478736
477972,478988
478241,479245
478506,479504
478768,479760
479024,480018
479274,480270
479521,480516
479768,480759
480017,481004
480272,481252
480527,481506
480782,481767
481042,482027
481304,482295
481566,482563
481823,482829
482101,483119
482346,483375
482596,483629
482848,483879
483098,484133
483344,484380
483585,484622
483829,484862
484083,485103
484339,485346
484605,485590
484876,485838
485156,486088
485438,486343
485720,486605
486003,486866
486281,487136
486559,487406
486835,487675
487109,487943
487371,488208
487632,488473
487888,488736
488139,488997
488396,489254
488656,489511
488923,489772
489195,490034
489473,490297
489753,490562
490033,490828
490310,491090
490576,491357
490836,491617
491114,491899
491363,492152
491609,492394
491850,492635
492082,492875
492312,493116
492544,493350
492783,493591
493027,493839
493276,494090
493531,494349
493792,494612
494054,494876
494321,495142
494584,495410
494844,495681
495101,495950
495358,496219
495616,496479
495869,496736
496113,496989
496356,497233
496599,497471
496847,497706
497098,497947
497360,498189
497625,498442
497893,498700
498166,498961
498440,499224
498715,499487
498989,499751
499255,500009
499516,500262
499801,500537
500058,500780
500303,501027
500542,501269
500774,501509
501009,501744
501248,501976
501494,502213
501749,502451
502007,502694
502270,502942
502537,503197
502805,503458
503073,503717
503334,503979
503589,504237
503841,504489
504092,504736
504336,504977
504579,505219
504810,505454
505042,505696
505278,505933
505517,506171
505763,506417
506014,506666
506271,506917
506535,507167
506799,507417
507061,507671
507323,507924
507579,508181
507833,508434
508082,508684
508324,508929
508592,509197
508825,509440
509057,509676
509287,509905
509520,510133
509757,510367
509998,510609
510248,510853
510504,511106
510767,511362
511036,511623
511307,511890
511577,512160
511841,512431
512103,512697
512359,512961
512610,513221
512857,513480
513099,513731
513337,513971
513578,514209
513825,514445
514076,514683
514331,514928
514590,515173
514848,515424
515109,515675
515372,515930
515636,516182
515895,516431
516151,516677
516403,516924
516651,517172
516901,517417
517174,517684
517413,517928
517650,518172
517889,518419
518134,518666
518386,518917
518641,519173
518897,519431
519150,519695
519408,519959
519665,520227
519920,520497
520174,520761
520423,521017
520672,521264
520921,521510
521169,521750
521411,521988
521649,522225
521887,522456
522125,522690
522371,522925
522625,523167
522885,523410
523152,523658
523430,523909
523709,524164
523982,524425
524251,524684
524516,524939
524774,525194
525033,525448
525295,525699
525553,525945
525834,526221
526083,526468
526329,526713
526576,526960
526828,527210
527083,527469
527343,527732
527606,527999
527872,528269
528140,528541
528413,528813
528687,529085
528954,529357
529218,529622
529477,529887
529729,530147
529976,530399
530217,530644
530456,530888
530695,531125
530936,531359
531177,531599
531427,531842
531682,532084
531939,532335
532199,532586
532462,532838
532720,533089
532971,533334
533217,533560
533455,533783
533684,534008
533899,534254
534125,534451
534372,534687
534578,534903
534803,535097
535034,535295
535248,535519
535468,535735
535686,535948
535901,536181
536111,536404
536334,536635
536562,536871
536783,537112
537000,537343
537213,537578
537427,537811
537637,538041
537853,538273
538070,538507
538289,538739
538514,538974
538746,539211
538985,539464
539233,539724
539491,539987
539759,540250
540030,540516
540309,540781
540589,541045
540866,541313
541141,541580
541412,541844
541683,542105
541957,542364
542230,542622
542873,543239
543137,543491
543401,543752
543671,544017
543944,544288
544220,544568
544500,544852
544780,545133
545053,545419
545325,545698
545593,545971
545857,546237
546120,546498
546377,546752
546631,546999
546880,547244
547129,547485
547379,547725
547635,547967
547895,548217
548159,548474
548429,548733
548704,548999
548983,549268
549264,549538
549543,549805
549821,550072
550095,550335
550365,550595
550629,550852
550888,551108
551141,551368
551389,551625
551634,551882
551905,552168
552157,552425
552410,552684
552667,552949
552929,553219
553200,553492
553475,553770
553753,554051
554032,554331
554312,554605
554592,554875
554871,555142
555146,555403
555409,555658
555667,555911
555923,556162
556183,556411
556448,556660
556718,556912
556992,557166
557270,557425
557551,557688
557830,557950
558108,558213
558381,558477
558650,558738
558913,558995
559168,559250
559427,559495
559678,559740
559922,559985
560160,560230
560397,560469
560637,560711
560906,560985
561161,561237
561421,561497
561686,561763
561954,562030
562224,562301
562490,562575
562751,562845
563008,563113
563260,563376
563512,563630
563758,563880
563995,564129
564235,564370
564472,564609
564713,564847
564960,565086
565213,565329
565471,565579
565732,565836
565998,566091
566261,566348
566526,566605
566787,566855
567042,567097
567291,567341
567536,567585
567783,567828
568028,568073
568267,568318
568501,568562
568734,568800
568970,569033
569211,569266
569484,569532
569737,569777
569998,570025
570260,570282
570524,570547
570794,570812
571061,571082
571322,571353
571577,571618
571828,571874
572069,572125
572304,572371
572536,572613
572767,572856
572999,573099
573239,573339
573481,573581
573729,573828
573980,574076
574240,574323
574503,574572
574766,574820
575030,575068
575291,575317
575548,575565
575803,575815
576052,576061
576304,576307
576550,576549
576790,576787
577026,577026
577268,577260
577514,577498
577764,577742
578022,577989
578313,578272
578578,578531
578842,578795
579109,579059
579373,579326
579632,579592
579890,579857
580146,580121
580403,580381
580657,580637
580907,580889
581152,581142
581397,581388
581648,581631
581898,581880
582154,582132
582415,582389
582681,582652
582951,582918
583223,583187
583493,583456
583761,583725
584025,583989
584285,584251
584545,584509
584807,584768
585070,585030
585331,585289
585585,585543
585844,585792
586100,586038
586361,586282
586627,586529
586893,586780
587194,587061
587468,587321
587744,587581
588016,587844
588294,588106
588565,588367
588835,588624
589099,588876
589356,589127
589606,589373
589850,589620
590091,589866
590337,590110
590585,590357
590838,590606
591097,590857
591359,591111
591625,591368
591894,591625
592165,591884
592432,592145
592696,592402
592954,592656
593207,592907
593455,593150
593702,593391
593943,593638
594177,593888
594413,594132
594652,594379
594898,594629
595152,594881
595411,595136
595675,595393
595973,595680
596247,595941
596522,596205
596796,596467
597071,596732
597345,596998
597621,597263
597890,597526
598149,597789
598402,598052
598649,598312
598897,598569
599150,598823
599408,599082
599671,599346
599941,599611
600216,599878
600495,600146
600770,600417
601045,600686
601320,600951
601590,601213
601858,601472
602124,601727
602384,601983
602637,602239
602887,602493
603135,602744
603386,602997
603644,603252
603910,603509
604181,603769
604456,604035
604737,604302
605053,604599
605337,604867
605615,605132
605890,605395
606162,605653
606432,605907
606699,606158
606955,606411
607207,606665
607463,606915
607724,607167
607986,607419
608253,607675
608524,607931
608798,608189
609076,608448
609354,608712
609626,608978
609893,609240
610157,609498
610415,609755
610668,610008
610919,610257
611163,610506
611401,610753
611633,610993
611864,611231
612097,611472
612333,611716
612575,611965
612824,612219
613077,612479
613333,612741
613589,613005
613871,613297
614119,613558
614359,613812
614594,614058
614828,614296
615051,614529
615267,614758
615478,614987
615691,615215
615912,615445
616141,615682
616373,615930
616611,616184
616855,616441
617099,616702
617345,616965
617588,617228
617824,617488
618056,617748
618281,618008
618503,618267
618725,618525
618947,618783
619161,619036
619368,619281
619577,619520
619784,619759
619996,620002
620212,620251
620435,620506
620662,620772
620894,621043
621127,621319
621361,621597
621618,621903
621848,622177
622072,622447
622293,622712
622510,622975
622721,623238
622928,623497
623140,623750
623352,624004
623566,624265
623789,624530
624021,624801
624260,625081
624504,625367
624751,625658
624998,625953
625244,626246
625484,626535
625718,626816
625941,627089
626158,627352
626371,627609
626580,627865
626784,628116
626987,628367
627193,628622
627403,628883
627620,629148
627845,629417
628081,629693
628323,629975
628570,630265
628816,630563
629061,630860
629335,631183
629576,631469
629809,631749
630039,632021
630262,632288
630482,632550
630700,632814
630920,633081
631143,633354
631371,633635
631606,633920
631843,634209
632087,634502
632335,634795
632587,635087
632840,635376
633090,635664
633336,635957
633579,636245
633827,636523
634071,636793
634308,637062
634542,637327
634776,637592
635010,637862
635253,638135
635501,638415
635755,638698
636013,638984
636277,639275
636542,639567
636808,639861
637068,640154
637323,640445
637578,640731
637859,641041
638111,641319
638356,641592
638598,641856
638844,642108
639091,642363
639341,642623
639601,642881
639869,643141
640138,643407
640410,643676
640687,643945
640970,644215
641253,644483
641524,644754
641784,645024
642037,645290
642281,645555
642518,645816
642751,646071
642985,646318
643225,646560
643470,646798
643722,647035
643976,647275
644233,647517
644496,647757
644760,648000
645024,648244
645283,648491
645542,648735
645801,648976
646059,649216
646309,649456
646582,649722
646819,649960
647051,650199
647284,650438
647521,650678
647761,650922
648008,651168
648261,651418
648518,651672
648782,651932
649043,652197
649304,652467
649565,652734
649823,652996
650079,653254
650335,653505
650590,653753
650834,654003
651076,654249
651315,654496
651559,654743
651812,654989
652072,655239
652340,655492
652616,655748
652899,656004
653185,656264
653466,656526
653745,656791
654021,657052
654294,657306
654565,657560
654832,657813
655093,658067
655370,658347
655611,658597
655851,658844
656091,659094
656332,659349
656576,659606
656824,659864
657077,660121
657333,660378
657585,660637
657840,660893
658091,661146
658341,661395
658584,661641
658825,661883
659061,662125
659293,662365
659520,662598
659750,662825
659985,663053
660229,663285
660479,663523
660739,663764
661000,664012
661264,664266
661532,664521
661800,664778
662065,665033
662329,665283
662588,665529
662840,665771
663086,666010
663328,666245
663568,666483
663826,666747
664069,666983
664317,667219
664570,667462
664826,667710
665087,667957
665353,668202
665616,668451
665877,668703
666137,668957
666392,669211
666644,669466
666894,669716
667144,669959
667392,670202
667633,670447
667873,670687
668115,670925
668361,671168
668612,671416
668870,671666
669131,671915
669397,672167
669670,672421
669943,672677
670213,672935
670472,673194
670731,673451
670985,673707
671234,673961
671476,674211
671710,674459
671943,674702
672183,674943
672454,675212
672706,675456
672961,675706
673222,675960
673487,676216
673759,676471
674040,676725
674309,676981
674573,677235
674828,677489
675076,677739
675316,677982
675554,678223
675784,678469
676008,678713
676234,678948
676462,679183
676691,679420
676929,679657
677172,679896
677423,680139
677677,680387
677936,680637
678195,680892
678452,681148
678706,681399
678958,681643
679203,681881
679443,682115
679673,682348
679897,682578
680121,682807
680350,683031
680584,683260
680850,683521
681097,683758
681349,683998
681607,684242
681870,684487
682130,684735
682385,684982
682634,685229
682884,685476
683127,685728
683363,685974
683600,686210
683832,686444
684059,686676
684284,686901
684512,687121
684744,687343
684978,687570
685221,687799
685464,688035
685711,688277
685961,688520
686211,688767
686458,689016
686702,689264
686943,689511
687184,689753
687422,689996
687660,690237
687894,690477
688126,690717
688359,690956
688599,691193
688844,691432
689120,691703
689368,691949
689620,692195
689869,692445
690118,692697
690364,692950
690602,693204
690841,693458
691078,693715
691317,693969
691550,694217
691780,694464
692004,694708
692224,694949
692446,695192
692668,695441
692895,695693
693125,695949
693358,696209
693596,696473
693833,696741
694067,697008
694293,697275
694518,697541
694735,697809
694950,698079
695165,698341
695372,698604
695576,698863
695777,699118
695981,699374
696187,699634
696396,699899
696607,700172
696841,700478
697056,700760
697273,701044
697490,701327
697709,701607
697925,701883
698136,702156
698345,702428
698551,702697
698755,702964
698956,703231
699154,703495
699348,703754
699540,704010
699732,704264
699926,704524
700124,704788
700321,705056
700519,705326
700718,705600
700921,705875
701119,706148
701318,706417
701518,706682
701719,706945
701917,707206
702115,707465
702310,707719
702507,707965
702704,708208
702905,708454
703108,708707
703320,708964
703536,709226
703757,709493
704001,709796
704224,710071
704444,710345
704663,710613
704881,710873
705098,711130
705313,711384
705531,711639
705758,711892
705981,712144
706200,712396
706420,712639
706644,712873
706870,713104
707101,713339
707342,713573
707587,713811
707835,714053
708089,714300
708343,714553
708597,714811
708851,715069
709103,715329
709354,715585
709601,715837
709847,716086
710086,716337
710323,716585
710557,716830
710790,717073
711026,717315
711266,717555
711510,717796
711757,718035
712036,718301
712289,718544
712541,718789
712791,719035
713040,719281
713281,719529
713516,719776
713747,720017
713971,720255
714188,720489
714400,720720
714611,720945
714823,721168
715038,721391
715258,721617
715481,721844
715709,722072
715939,722301
716172,722532
716408,722760
716647,722989
716886,723220
717121,723450
717354,723679
717588,723905
717816,724130
718036,724356
718247,724581
718457,724800
718665,725016
718878,725230
719095,725447
719320,725667
719547,725891
719805,726140
720046,726370
720289,726608
720532,726848
720771,727089
721005,727329
721236,727567
721466,727803
721698,728034
721925,728263
722146,728488
722365,728709
722585,728927
722806,729148
723032,729372
723264,729600
723495,729833
723730,730072
723969,730315
724212,730560
724454,730810
724693,731061
724930,731314
725159,731568
725385,731815
725608,732056
725824,732292
726037,732521
726246,732746
726453,732968
726665,733188
726878,733410
727095,733636
727318,733868
727565,734124
727794,734357
728023,734595
728252,734829
728479,735062
728704,735293
728929,735523
729150,735751
729372,735969
729592,736185
729808,736403
730020,736617
730231,736827
730440,737035
730654,737243
730867,737456
731086,737670
731307,737888
731531,738110
731757,738333
731980,738563
732203,738794
732426,739021
732645,739248
732859,739471
733075,739684
733284,739891
733489,740095
733690,740291
733886,740480
734081,740664
734278,740846
734477,741030
734677,741210
734900,741404
735101,741578
735300,741749
735500,741917
735692,742084
735879,742246
736061,742401
736233,742553
736398,742705
736557,742846
736711,742980
736856,743112
736990,743241
737113,743357
737233,743461
737349,743561
737462,743656
737575,743748
737689,743840
737799,743933
737909,744023
738014,744111
738114,744197
738210,744279
738295,744360
738372,744438
738446,744511
738517,744583
738589,744653
738657,744720
738723,744783
738784,744841
738841,744895
738893,744944
738947,744995
738994,745037
739036,745074
739075,745109
739117,745140
739158,745168
739197,745196
739237,745222
739276,745246
739316,745272
739354,745298
739387,745325
739414,745347
739436,745365
739455,745381
739472,745396
739486,745408
739497,745418
739512,745432
739523,745444
739531,745457
739541,745473
739548,745484
739556,745495
739565,745506
739574,745517
739588,745533
739596,745550
739608,745572
739615,745584
739628,745599
739640,745613
739649,745625
739652,745636
739656,745621
739668,745618
739680,745635
739692,745645
739699,745657
739709,745673
739725,745685
739740,745694
739751,745695
739749,745684
739738,745670
739733,745657
