0,0
7,15
13,29
18,46
22,66
23,78
24,90
23,103
22,116
20,130
16,144
11,160
8,174
6,187
3,202
2,216
4,230
6,244
9,260
14,276
18,295
23,316
29,335
34,355
38,375
43,392
47,407
52,421
60,433
83,451
98,462
116,472
136,481
158,492
181,507
205,526
234,545
265,569
297,598
331,633
366,669
403,706
442,743
483,781
525,822
569,865
615,909
663,953
713,1001
764,1047
814,1097
865,1150
918,1202
970,1257
1024,1313
1080,1369
1136,1426
1194,1484
1253,1543
1316,1602
1379,1660
1514,1775
1579,1834
1643,1893
1709,1952
1774,2014
1840,2077
1908,2141
1976,2207
2047,2275
2120,2346
2191,2419
2263,2495
2337,2573
2414,2652
2491,2734
2572,2819
2654,2908
2737,2999
2820,3089
2905,3181
2992,3273
3080,3365
3173,3457
3267,3551
3362,3649
3461,3749
3559,3852
3660,3957
3767,4064
3875,4175
3985,4287
4096,4401
4204,4516
4311,4627
4418,4733
4525,4840
4635,4948
4746,5056
4860,5167
4974,5280
5090,5395
5207,5511
5325,5630
5442,5753
5561,5879
5680,6005
5814,6143
5937,6269
6063,6395
6189,6521
6317,6647
6447,6771
6575,6896
6704,7023
6834,7153
6965,7287
7092,7422
7217,7552
7341,7681
7462,7811
7583,7940
7706,8067
7828,8197
7950,8328
8074,8457
8196,8586
8317,8715
8438,8847
8560,8982
8685,9118
8812,9255
8938,9393
9065,9533
9195,9672
9327,9810
9461,9944
9595,10074
9731,10203
9863,10330
9993,10449
10123,10564
10251,10684
10380,10809
10513,10933
10646,11056
10780,11176
10916,11295
11055,11418
11195,11545
11339,11672
11483,11803
11644,11951
11790,12088
11938,12230
12087,12372
12236,12519
12383,12670
12527,12820
12667,12973
12804,13129
12940,13283
13070,13431
13196,13576
13319,13719
13443,13865
13569,14009
13693,14148
13815,14286
13937,14425
14061,14561
14184,14694
14310,14823
14436,14953
14563,15085
14691,15213
14822,15338
14953,15466
15086,15595
15219,15726
15355,15857
15489,15991
15622,16125
15749,16257
15869,16382
15987,16499
16107,16613
16226,16730
16347,16850
16468,16969
16591,17086
16725,17215
16852,17331
16980,17449
17107,17567
17234,17685
17361,17806
17489,17930
17618,18055
17747,18184
17875,18317
18004,18452
18132,18589
18261,18729
18392,18867
18522,19008
18650,19149
18779,19287
18907,19421
19032,19549
19156,19677
19280,19810
19412,19941
19540,20068
19667,20193
19794,20318
19921,20441
20046,20562
20174,20685
20298,20811
20425,20940
20552,21073
20681,21207
20813,21342
20945,21479
21080,21615
21216,21756
21357,21898
21499,22037
21643,22181
21805,22340
21948,22482
22088,22620
22226,22753
22366,22887
22508,23024
22653,23165
22799,23305
22946,23446
23095,23592
23248,23738
23401,23889
23555,24041
23710,24195
23865,24350
24022,24506
24180,24665
24338,24824
24496,24982
24653,25144
24808,25305
24961,25462
25113,25617
25263,25773
25405,25925
25544,26072
25683,26215
25820,26362
25958,26505
26094,26650
26233,26791
26368,26933
26506,27075
26644,27217
26784,27359
26925,27505
27067,27652
27214,27800
27363,27951
27514,28104
27684,28274
27839,28429
28000,28583
28162,28739
28321,28894
28475,29044
28630,29187
28788,29328
28947,29475
29108,29623
29272,29770
29435,29924
29598,30079
29764,30233
29932,30392
30098,30555
30263,30722
30431,30889
30596,31060
30763,31236
30931,31414
31100,31591
31265,31767
31429,31945
31591,32118
31748,32290
31898,32458
32039,32616
32176,32769
32314,32921
32445,33075
32576,33225
32708,33368
32835,33512
32963,33652
33092,33789
33221,33924
33347,34059
33476,34191
33618,34338
33745,34471
33873,34602
34001,34735
34132,34869
34263,35003
34396,35138
34524,35273
34648,35405
34774,35532
34900,35659
35028,35787
35156,35917
35285,36047
35416,36179
35551,36311
35689,36447
35831,36587
35976,36727
36120,36866
36266,37007
36416,37150
36567,37295
36720,37442
36873,37595
37027,37752
37181,37912
37336,38074
37488,38238
37641,38404
37792,38568
37941,38727
38090,38875
38239,39023
38388,39173
38535,39318
38682,39462
38825,39604
38970,39742
39114,39878
39274,40031
39418,40173
39565,40316
39711,40461
39858,40606
40005,40751
40151,40895
40298,41040
40442,41184
40587,41327
40729,41470
40866,41610
40998,41745
41128,41878
41260,42013
41396,42149
41533,42285
41670,42422
41808,42562
41951,42702
42096,42842
42242,42988
42392,43137
42545,43286
42699,43439
42856,43592
43014,43747
43175,43902
43337,44059
43499,44218
43660,44381
43820,44542
43974,44702
44124,44860
44270,45018
44415,45173
44562,45323
44704,45474
44845,45622
45000,45782
45139,45925
45276,46067
45414,46205
45551,46342
45688,46480
45824,46618
45958,46758
46094,46895
46229,47031
46364,47169
46495,47306
46627,47441
46764,47574
46900,47704
47030,47835
47159,47959
47288,48080
47418,48205
47547,48330
47674,48454
47800,48577
47926,48700
48053,48822
48182,48947
48311,49075
48441,49204
48572,49334
48703,49465
48837,49598
48970,49732
49106,49868
49243,50005
49381,50145
49519,50289
49657,50431
49796,50575
49932,50718
50064,50856
50204,51000
50329,51127
50456,51253
50583,51379
50709,51507
50835,51636
50963,51766
51090,51895
51219,52028
51347,52160
51477,52295
51611,52429
51744,52566
51879,52707
52015,52845
52151,52987
52290,53128
52430,53269
52572,53412
52716,53552
52863,53691
53008,53835
53143,53974
53279,54107
53416,54238
53557,54374
53698,54512
53838,54650
53974,54789
54113,54926
54253,55065
54395,55208
54536,55353
54678,55497
54822,55641
54969,55787
55116,55935
55266,56086
55417,56240
55568,56397
55737,56568
55890,56725
56045,56883
56197,57042
56348,57203
56497,57357
56641,57511
56786,57662
56931,57811
57076,57961
57219,58111
57364,58259
57507,58405
57651,58555
57792,58706
57934,58856
58078,59006
58221,59159
58370,59314
58518,59471
58667,59629
58819,59789
58972,59952
59129,60115
59284,60279
59444,60442
59599,60604
59750,60754
59900,60893
60052,61035
60205,61185
60358,61333
60511,61481
60664,61631
60819,61783
60973,61935
61130,62087
61288,62243
61450,62401
61630,62577
61793,62739
61957,62905
62125,63071
62294,63235
62460,63403
62628,63573
62794,63741
62957,63906
63115,64070
63269,64230
63418,64386
63565,64537
63714,64689
63860,64841
64006,64992
64149,65143
64294,65294
64440,65444
64584,65593
64732,65743
64880,65896
65029,66050
65181,66203
65334,66355
65488,66509
65645,66667
65801,66824
65959,66982
66118,67139
66270,67290
66417,67437
66565,67581
66717,67728
66869,67877
67024,68023
67181,68171
67337,68324
67497,68478
67675,68649
67838,68807
68002,68969
68167,69133
68330,69297
68495,69465
68662,69635
68828,69808
68994,69980
69159,70153
69323,70325
69483,70492
69640,70655
69792,70816
69942,70973
70090,71126
70236,71278
70378,71429
70520,71581
70660,71728
70798,71875
70938,72023
71076,72168
71216,72314
71356,72462
71500,72611
71647,72760
71796,72912
71943,73068
72094,73225
72247,73378
72397,73533
72551,73686
72705,73841
72863,73997
73015,74147
73163,74293
73316,74437
73474,74583
73629,74730
73799,74896
73956,75046
74112,75197
74269,75347
74424,75501
74580,75654
74737,75807
74894,75965
75054,76125
75214,76290
75377,76457
75541,76625
75706,76800
75876,76974
76044,77146
76212,77323
76378,77498
76539,77662
76696,77821
76849,77983
77006,78140
77160,78295
77311,78448
77463,78601
77612,78754
77761,78903
77910,79054
78056,79207
78208,79361
78360,79514
78513,79670
78666,79828
78825,79983
78986,80139
79146,80300
79309,80460
79474,80617
79638,80777
79792,80932
79955,81095
80102,81241
80247,81384
80391,81530
80534,81675
80680,81820
80824,81964
80970,82111
81121,82261
81274,82410
81429,82561
81582,82716
81737,82871
81894,83028
82052,83190
82212,83355
82374,83526
82538,83698
82701,83870
82864,84046
83026,84219
83182,84386
83330,84546
83478,84704
83629,84856
83783,85006
83932,85161
84083,85311
84236,85458
84385,85607
84534,85756
84684,85905
84836,86054
84987,86205
85139,86358
85293,86514
85449,86671
85606,86829
85761,86990
85918,87148
86094,87322
86254,87485
86415,87649
86569,87805
86717,87956
86868,88103
87022,88252
87175,88407
87329,88566
87485,88726
87641,88886
87802,89046
87963,89201
88125,89359
88288,89516
88456,89669
88624,89827
88792,89991
88965,90154
89139,90323
89312,90499
89487,90677
89660,90855
89830,91035
89993,91214
90145,91384
90298,91549
90446,91706
90592,91863
90736,92015
90878,92162
91020,92311
91160,92458
91302,92601
91447,92745
91592,92891
91739,93038
91890,93189
92043,93343
92215,93517
92373,93678
92534,93843
92697,94006
92858,94169
93021,94332
93182,94490
93335,94643
93488,94798
93644,94949
93801,95107
93955,95268
94108,95427
94260,95588
94412,95751
94569,95913
94727,96077
94890,96246
95056,96412
95224,96576
95391,96743
95563,96905
95739,97069
95914,97239
96092,97407
96267,97576
96439,97750
96610,97923
96771,98093
96928,98259
97082,98421
97236,98581
97390,98738
97544,98892
97694,99048
97846,99203
97996,99354
98144,99507
98295,99659
98461,99820
98614,99971
98768,100125
98925,100279
99086,100436
99248,100596
99410,100756
99573,100916
99736,101079
99899,101239
100048,101395
100191,101545
100342,101687
100495,101831
100648,101983
100801,102133
100957,102281
101108,102433
101262,102586
101420,102741
101580,102902
101740,103067
101902,103233
102062,103403
102226,103574
102392,103744
102557,103918
102725,104091
102892,104267
103058,104446
103223,104620
103381,104789
103533,104954
103685,105112
103838,105266
104001,105435
104149,105585
104298,105734
104444,105885
104594,106035
104745,106185
104895,106342
105050,106499
105206,106661
105364,106827
105526,106991
105687,107158
105851,107327
106014,107495
106182,107662
106348,107834
106518,108005
106677,108172
106831,108334
106990,108490
107150,108654
107308,108817
107468,108975
107623,109135
107779,109294
107938,109446
108097,109602
108260,109763
108424,109926
108592,110091
108761,110257
108934,110423
109107,110592
109282,110763
109478,110951
109655,111125
109828,111298
110001,111471
110166,111642
110326,111804
110482,111958
110636,112109
110788,112258
110940,112405
111092,112550
111238,112698
111383,112843
111530,112988
111677,113135
111826,113284
111977,113435
112131,113587
112287,113743
112445,113902
112607,114063
112770,114224
112936,114387
113103,114554
113270,114724
113442,114893
113606,115064
113762,115232
113923,115392
114085,115550
114246,115711
114407,115867
114570,116019
114732,116176
114896,116337
115082,116515
115251,116680
115422,116851
115593,117024
115765,117199
115941,117376
116116,117558
116294,117741
116473,117924
116651,118108
116826,118292
116998,118472
117158,118643
117316,118809
117472,118968
117628,119124
117782,119279
117933,119435
118082,119591
118234,119745
118381,119902
118530,120060
118681,120219
118835,120380
118990,120546
119148,120712
119310,120881
119469,121054
119633,121230
119795,121406
119957,121586
120117,121767
120281,121948
120439,122123
120606,122304
120762,122463
120920,122625
121076,122788
121235,122950
121398,123106
121561,123257
121727,123405
121895,123554
122064,123704
122233,123858
122402,124016
122571,124178
122738,124346
122908,124513
123078,124687
123248,124863
123417,125038
123586,125209
123755,125382
123917,125551
124070,125711
124227,125864
124384,126019
124543,126175
124700,126327
124857,126478
125013,126631
125169,126786
125326,126940
125483,127100
125643,127262
125805,127428
125969,127595
126150,127783
126316,127954
126485,128126
126652,128302
126822,128477
126990,128651
127160,128824
127323,128993
127478,129152
127637,129303
127799,129460
127963,129626
128129,129790
128295,129951
128460,130114
128630,130277
128802,130439
128977,130606
129152,130777
129328,130947
129506,131119
129685,131294
129863,131474
130040,131657
130220,131842
130399,132032
130580,132220
130760,132406
130935,132596
131102,132779
131267,132952
131431,133124
131591,133295
131750,133459
131923,133636
132076,133800
132230,133964
132382,134124
132533,134286
132686,134450
132844,134614
132998,134777
133157,134943
133316,135111
133479,135276
133645,135443
133812,135612
133980,135779
134154,135946
134324,136114
134483,136276
134646,136426
134811,136571
134971,136728
135134,136880
135296,137030
135455,137184
135613,137339
135773,137493
135933,137647
136092,137806
136257,137965
136420,138126
136587,138290
136756,138457
136926,138630
137096,138806
137265,138980
137453,139177
137624,139356
137793,139528
137952,139695
138109,139859
138267,140017
138426,140174
138585,140330
138744,140485
138904,140639
139065,140795
139227,140952
139386,141113
139545,141273
139706,141433
139864,141599
140026,141769
140187,141938
140352,142107
140517,142277
140682,142448
140851,142617
141018,142789
141184,142962
141349,143130
141503,143291
141656,143447
141815,143603
141973,143764
142130,143927
142291,144086
142453,144242
142612,144400
142774,144558
142955,144732
143121,144894
143288,145058
143457,145223
143628,145389
143802,145559
143977,145732
144152,145909
144327,146088
144502,146265
144674,146447
144843,146625
145003,146796
145163,146961
145324,147126
145487,147287
145647,147447
145805,147607
145964,147767
146122,147925
146277,148085
146432,148246
146589,148407
146746,148570
146905,148735
147064,148902
147228,149067
147390,149237
147555,149405
147721,149572
147890,149740
148056,149910
148222,150079
148376,150239
148544,150407
148699,150560
148854,150723
149011,150881
149168,151036
149323,151196
149480,151356
149645,151515
149811,151681
149982,151849
150155,152017
150332,152189
150510,152364
150690,152537
150871,152711
151055,152888
151238,153068
151423,153248
151604,153428
151783,153612
151953,153791
152122,153959
152289,154129
152455,154298
152622,154463
152786,154631
152948,154805
153112,154977
153276,155148
153435,155327
153593,155507
153752,155685
153912,155863
154072,156041
154235,156217
154419,156409
154588,156585
154759,156757
154934,156924
155112,157094
155286,157261
155455,157418
155628,157567
155798,157720
155965,157872
156130,158021
156297,158170
156465,158321
156632,158478
156805,158636
156980,158799
157153,158967
157328,159138
157505,159308
157682,159484
157863,159666
158047,159850
158232,160035
158415,160226
158596,160420
158776,160612
158947,160799
159110,160980
159277,161155
159446,161329
159611,161505
159778,161675
159945,161840
160107,162007
160287,162186
160452,162344
160616,162507
160781,162673
160948,162844
161116,163018
161286,163195
161457,163376
161634,163556
161810,163737
161984,163917
162160,164092
162336,164267
162497,164434
162653,164587
162810,164735
162966,164890
163122,165050
163277,165208
163432,165368
163588,165529
163746,165691
163906,165853
164068,166018
164233,166187
164400,166355
164572,166524
164744,166699
164920,166875
165098,167050
165278,167229
165452,167414
165629,167600
165798,167781
165977,167970
166140,168139
166304,168304
166465,168471
166624,168635
166785,168795
166942,168954
167098,169114
167255,169272
167414,169429
167572,169592
167735,169757
167901,169926
168068,170097
168239,170267
168415,170438
168590,170612
168769,170782
168948,170954
169126,171124
169293,171286
169457,171438
169624,171589
169790,171743
169955,171896
170120,172051
170282,172207
170444,172364
170607,172522
170773,172686
170944,172853
171115,173025
171289,173200
171465,173378
171663,173576
171843,173755
172025,173939
172209,174122
172392,174304
172576,174489
172754,174674
172921,174852
173083,175022
173249,175189
173414,175355
173575,175519
173734,175682
173893,175847
174053,176012
174214,176176
174375,176346
174537,176516
174701,176686
174870,176859
175040,177038
175213,177215
175388,177391
175566,177571
175745,177751
175926,177930
176108,178109
176282,178283
176450,178447
176622,178603
176795,178762
176967,178921
177138,179077
177311,179237
177546,179466
177718,179634
177890,179807
178062,179982
178235,180160
178407,180337
178580,180516
178753,180697
178928,180878
179104,181061
179282,181246
179456,181427
179631,181609
179802,181792
179963,181969
180123,182137
180282,182303
180440,182469
180596,182630
180755,182786
180911,182945
181067,183104
181227,183261
181390,183419
181553,183582
181722,183743
181892,183905
182063,184073
182238,184247
182412,184423
182585,184603
182758,184785
182931,184964
183101,185141
183275,185324
183429,185480
183586,185631
183743,185789
183900,185950
184058,186109
184213,186268
184370,186428
184527,186591
184689,186754
184852,186921
185021,187090
185191,187261
185362,187435
185536,187606
185709,187781
185882,187958
186059,188134
186236,188311
186413,188491
186586,188668
186752,188839
186913,189006
187074,189171
187234,189334
187393,189496
187551,189658
187710,189822
187870,189983
188029,190145
188187,190310
188349,190473
188515,190637
188678,190806
188862,190989
189030,191155
189199,191326
189369,191498
189544,191671
189717,191843
189890,192016
190063,192190
190229,192358
190388,192514
190548,192665
190713,192820
190876,192981
191042,193145
191206,193307
191371,193470
191535,193633
191703,193800
191870,193973
192038,194145
192205,194315
192373,194486
192545,194659
192720,194832
192894,195008
193070,195183
193249,195358
193426,195537
193605,195716
193775,195887
193939,196052
194102,196218
194264,196388
194424,196557
194600,196743
194758,196910
194914,197078
195073,197241
195232,197407
195392,197576
195556,197742
195722,197910
195889,198080
196061,198249
196235,198416
196410,198591
196587,198767
196767,198943
196947,199125
197123,199305
197288,199474
197458,199637
197628,199803
197795,199974
197960,200138
198124,200303
198288,200473
198455,200637
198618,200801
198782,200969
198948,201140
199116,201309
199285,201478
199457,201648
199628,201823
199805,201998
199985,202173
200164,202351
200345,202529
200544,202726
200717,202901
200883,203066
201047,203227
201210,203392
201375,203558
201538,203721
201699,203885
201857,204049
202016,204212
202173,204374
202330,204537
202486,204701
202642,204863
202803,205025
202964,205191
203132,205358
203301,205522
203471,205691
203641,205863
203815,206034
203989,206205
204159,206374
204315,206533
204467,206681
204626,206827
204784,206982
204944,207135
205105,207285
205268,207442
205432,207600
205599,207756
205769,207913
205939,208073
206130,208254
206303,208420
206478,208587
206655,208758
206832,208932
207011,209109
207192,209286
207371,209466
207549,209647
207726,209825
207892,210002
208057,210175
208222,210344
208384,210513
208540,210684
208696,210851
208853,211017
209007,211183
209161,211346
209316,211510
209474,211674
209635,211839
209799,212004
209964,212168
210132,212335
210305,212502
210481,212668
210657,212835
210834,213007
211009,213182
211180,213356
211340,213526
211503,213690
211670,213857
211851,214044
212013,214210
212174,214371
212331,214532
212489,214696
212650,214861
212814,215027
212980,215197
213147,215368
213316,215543
213489,215718
213662,215895
213836,216074
214012,216254
214189,216434
214363,216615
214536,216793
214699,216964
214860,217133
215022,217302
215187,217469
215348,217631
215509,217794
215669,217958
215828,218122
215988,218287
216148,218454
216313,218619
216478,218788
216646,218961
216816,219134
216988,219307
217161,219485
217336,219665
217532,219862
217711,220041
217888,220225
218061,220404
218225,220574
218390,220739
218559,220905
218728,221075
218894,221242
219062,221407
219232,221572
219405,221735
219577,221903
219751,222075
219929,222245
220108,222415
220286,222590
220465,222767
220649,222943
220833,223121
221017,223303
221203,223486
221385,223668
221566,223848
221737,224025
221905,224194
222076,224362
222246,224531
222415,224698
222583,224862
222750,225030
222916,225197
223084,225365
223250,225536
223436,225723
223606,225891
223777,226060
223951,226231
224130,226402
224310,226571
224491,226747
224675,226925
224862,227099
225043,227274
225209,227444
225374,227605
225539,227765
225704,227931
225867,228093
226030,228254
226187,228415
226348,228575
226511,228735
226674,228899
226838,229066
227003,229236
227171,229403
227338,229571
227507,229743
227678,229919
227851,230096
228026,230277
228199,230459
228374,230639
228545,230818
228707,230990
228870,231159
229036,231327
229216,231516
229375,231686
229536,231850
229698,232012
229857,232177
230019,232345
230183,232513
230348,232684
230513,232858
230682,233030
230854,233206
231027,233381
231203,233558
231381,233735
231562,233915
231745,234097
231924,234275
232092,234441
232261,234598
232434,234761
232604,234932
232776,235102
232947,235272
233115,235444
233284,235617
233455,235783
233627,235953
233801,236126
233978,236300
234158,236477
234338,236656
234520,236838
234702,237023
234882,237213
235081,237419
235256,237606
235427,237791
235589,237969
235745,238138
235902,238302
236057,238471
236209,238640
236361,238805
236511,238971
236660,239136
236812,239298
236961,239462
237114,239630
237269,239798
237430,239969
237593,240142
237759,240315
237930,240488
238102,240662
238277,240839
238455,241017
238634,241198
238804,241376
238967,241542
239135,241701
239305,241868
239472,242039
239642,242206
239812,242372
239984,242541
240159,242708
240337,242875
240516,243042
240693,243212
240896,243397
241080,243566
241266,243740
241457,243913
241650,244088
241841,244268
242032,244451
242220,244635
242403,244819
242575,244998
242745,245176
242915,245351
243083,245526
243250,245705
243415,245883
243581,246063
243745,246238
243910,246410
244075,246582
244240,246758
244408,246932
244582,247103
244755,247277
244928,247451
245104,247626
245283,247798
245460,247971
245640,248144
245818,248315
245981,248484
246146,248647
246318,248805
246484,248966
246648,249131
246832,249307
246998,249469
247164,249630
247334,249789
247505,249955
247681,250122
247857,250293
248033,250466
248215,250639
248396,250816
248580,250996
248766,251175
248952,251355
249136,251538
249319,251721
249494,251897
249659,252070
249824,252238
249993,252404
250158,252567
250322,252729
250484,252896
250646,253062
250808,253226
250969,253392
251131,253559
251296,253726
251462,253897
251628,254070
251799,254242
251972,254415
252145,254591
252320,254766
252496,254940
252691,255133
252857,255303
253016,255461
253181,255615
253348,255773
253515,255930
253680,256083
253844,256235
254006,256390
254168,256541
254334,256695
254499,256855
254665,257014
254833,257181
255000,257346
255167,257513
255336,257684
255508,257857
255679,258033
255852,258212
256024,258389
256196,258566
256360,258745
256515,258918
256669,259083
256824,259251
256971,259415
257118,259576
257266,259733
257414,259886
257565,260038
257715,260193
257869,260350
258025,260507
258201,260683
258363,260845
258527,261010
258695,261178
258865,261347
259036,261518
259207,261692
259379,261861
259550,262035
259708,262202
259857,262359
260012,262507
260171,262662
260328,262821
260484,262977
260640,263132
260798,263288
260957,263447
261121,263610
261286,263778
261452,263950
261619,264122
261787,264295
261953,264471
262123,264644
262293,264819
262466,264999
262634,265181
262802,265362
262970,265539
263132,265713
263292,265882
263454,266051
263617,266220
263793,266403
263951,266566
264110,266727
264266,266890
264424,267051
264584,267214
264746,267381
264911,267550
265079,267722
265251,267893
265424,268066
265602,268243
265780,268423
265960,268604
266138,268785
266313,268964
266475,269130
266630,269285
266788,269434
266951,269588
267112,269747
267276,269904
267440,270065
267607,270229
267780,270394
267953,270563
268128,270735
268306,270912
268486,271089
268665,271268
268848,271447
269032,271627
269219,271807
269407,271988
269614,272190
269800,272375
269980,272557
270154,272733
270326,272905
270497,273076
270666,273247
270834,273415
271000,273582
271164,273750
271328,273917
271492,274086
271656,274252
271822,274419
271990,274588
272160,274759
272331,274931
272506,275104
272682,275279
272860,275457
273036,275637
273216,275816
273396,275999
273566,276178
273730,276345
273897,276506
274064,276665
274228,276825
274394,276984
274559,277145
274724,277308
274892,277473
275064,277642
275237,277814
275428,278008
275602,278182
275780,278358
275957,278537
276136,278719
276316,278906
276498,279092
276675,279281
276853,279471
277025,279660
277187,279841
277350,280016
277515,280188
277676,280362
277835,280531
277996,280694
278156,280858
278315,281020
278474,281181
278635,281346
278799,281511
278966,281678
279131,281850
279298,282021
279466,282192
279635,282362
279805,282534
279975,282706
280144,282880
280316,283056
280477,283230
280632,283393
280787,283547
280940,283706
281108,283881
281260,284037
281416,284188
281572,284342
281729,284493
281890,284642
282055,284795
282220,284951
282386,285108
282555,285266
282726,285429
282896,285599
283070,285772
283245,285946
283414,286128
283584,286306
283753,286478
283915,286648
284072,286808
284226,286958
284381,287110
284539,287264
284695,287418
284851,287572
285007,287725
285164,287876
285323,288027
285483,288181
285642,288339
285803,288501
285968,288664
286132,288831
286298,289002
286467,289173
286635,289346
286823,289537
286996,289710
287170,289884
287340,290060
287503,290229
287659,290390
287819,290547
287980,290710
288139,290878
288297,291044
288456,291202
288614,291359
288772,291524
288932,291692
289095,291861
289260,292032
289430,292205
289602,292376
289775,292548
289952,292723
290133,292898
290314,293075
290492,293256
290670,293438
290843,293612
291007,293784
291170,293953
291332,294120
291492,294283
291651,294442
291812,294601
291972,294760
292131,294920
292293,295079
292474,295259
292640,295425
292808,295591
292977,295761
293147,295928
293319,296096
293490,296269
293667,296441
293837,296617
294008,296796
294186,296968
294351,297135
294504,297297
294662,297448
294824,297601
294984,297766
295147,297929
295308,298093
295469,298257
295631,298417
295791,298582
295955,298749
296124,298915
296292,299081
296464,299249
296639,299417
296818,299586
296998,299758
297181,299933
297366,300107
297547,300282
297723,300460
297892,300632
298056,300797
298232,300973
298391,301130
298549,301282
298704,301430
298861,301577
299018,301723
299176,301872
299335,302023
299498,302176
299663,302334
299828,302496
299994,302661
300159,302831
300328,303003
300495,303174
300662,303351
300829,303531
300998,303704
301163,303873
301318,304032
301468,304177
301623,304318
301781,304461
301945,304609
302109,304757
302273,304904
302435,305052
302598,305200
302762,305353
302929,305508
303099,305669
303270,305835
303442,306005
303612,306176
303803,306366
303980,306540
304157,306717
304335,306894
304515,307072
304688,307249
304852,307420
305010,307586
305167,307746
305322,307906
305476,308059
305628,308210
305781,308362
305934,308512
306087,308663
306244,308817
306403,308973
306562,309133
306725,309294
306891,309457
307059,309623
307230,309789
307402,309956
307575,310126
307747,310297
307925,310461
308100,310625
308260,310788
308420,310943
308582,311093
308744,311247
308905,311401
309070,311557
309238,311714
309421,311890
309584,312049
309749,312209
309917,312372
310084,312535
310253,312700
310426,312860
310597,313028
310770,313201
310948,313373
311128,313547
311305,313723
311483,313900
311660,314076
311828,314249
311990,314420
312155,314587
312319,314754
312479,314918
312637,315081
312797,315239
312955,315399
313114,315561
313273,315723
313436,315887
313600,316052
313764,316219
313932,316389
314103,316557
314276,316730
314450,316905
314626,317077
314804,317249
314975,317419
315154,317595
315315,317742
315477,317890
315638,318043
315803,318193
315968,318339
316130,318490
316294,318641
316456,318793
316624,318946
316791,319105
316961,319268
317131,319433
317298,319603
317467,319773
317637,319945
317807,320115
317975,320291
318146,320466
318318,320641
318487,320818
318649,320992
318810,321161
318974,321327
319131,321493
319285,321653
319438,321808
319591,321960
319744,322112
319898,322265
320057,322415
320216,322573
320378,322735
320544,322897
320728,323076
320898,323238
321068,323404
321240,323573
321416,323740
321591,323911
321766,324086
321937,324261
322095,324427
322254,324584
322415,324741
322577,324895
322733,325052
322893,325207
323052,325361
323212,325515
323371,325670
323532,325827
323694,325986
323858,326146
324019,326309
324182,326472
324346,326637
324511,326805
324682,326977
324850,327152
325022,327324
325192,327503
325362,327679
325524,327848
325686,328011
325848,328174
326011,328339
326172,328497
326334,328647
326508,328812
326667,328962
326829,329110
326990,329263
327152,329420
327318,329579
327488,329740
327654,329910
327826,330077
328001,330244
328177,330416
328354,330592
328532,330769
328714,330945
328886,331122
329048,331287
329210,331442
329376,331601
329544,331766
329715,331932
329884,332094
330050,332260
330219,332428
330391,332594
330560,332762
330730,332935
330904,333108
331079,333281
331254,333453
331429,333628
331605,333802
331782,333976
331959,334151
332136,334328
332332,334523
332504,334700
332669,334871
332836,335034
333004,335197
333170,335365
333333,335530
333497,335690
333659,335846
333818,336003
333977,336160
334140,336319
334305,336480
334472,336642
334641,336806
334814,336969
334984,337137
335158,337302
335334,337466
335510,337630
335686,337799
335866,337967
336040,338131
336204,338290
336369,338444
336539,338601
336704,338763
336867,338923
337030,339083
337192,339243
337355,339406
337520,339577
337689,339750
337858,339923
338046,340119
338216,340297
338388,340474
338565,340649
338738,340828
338915,341007
339091,341186
339268,341362
339446,341536
339620,341705
339787,341869
339954,342032
340122,342191
340288,342349
340452,342507
340614,342664
340772,342820
340931,342974
341088,343130
341244,343288
341404,343448
341564,343611
341726,343776
341892,343942
342060,344104
342228,344267
342395,344430
342564,344587
342734,344743
342900,344899
343055,345049
343211,345194
343369,345337
343524,345486
343692,345648
343843,345795
343991,345943
344135,346090
344282,346236
344426,346385
344573,346534
344722,346683
344871,346833
345022,346980
345179,347128
345338,347279
345499,347434
345663,347589
345826,347742
345989,347900
346153,348061
346316,348221
346473,348379
346626,348530
346777,348677
346928,348824
347078,348970
347228,349119
347377,349266
347527,349414
347678,349564
347830,349713
347982,349866
348136,350021
348292,350175
348447,350334
348605,350496
348766,350659
348943,350840
349107,351006
349271,351169
349437,351331
349601,351494
349755,351652
349906,351797
350060,351937
350216,352084
350375,352234
350534,352383
350692,352534
350850,352690
351010,352848
351171,353008
351333,353174
351496,353338
351660,353502
351826,353667
351992,353834
352158,354005
352328,354177
352499,354349
352668,354522
352837,354696
353007,354868
353167,355035
353321,355195
353475,355348
353631,355499
353785,355650
353941,355795
354098,355940
354255,356084
354429,356246
354587,356394
354746,356545
354906,356696
355066,356850
355225,357006
355385,357162
355546,357318
355705,357476
355865,357638
356026,357798
356187,357962
356350,358123
356511,358284
356662,358441
356812,358590
356965,358737
357120,358887
357274,359034
357429,359176
357581,359318
357736,359461
357894,359606
358052,359755
358213,359911
358374,360071
358536,360231
358697,360395
358863,360558
359029,360722
359197,360886
359367,361052
359536,361221
359705,361389
360096,361785
360255,361945
360414,362104
360570,362262
360724,362421
360878,362577
361031,362733
361185,362887
361340,363041
361498,363198
361659,363357
361822,363519
361988,363686
362157,363854
362326,364024
362498,364197
362672,364371
362848,364544
363025,364718
363190,364891
363353,365052
363517,365207
363679,365363
363843,365515
364005,365663
364169,365813
364333,365968
364498,366124
364662,366282
364826,366444
364994,366608
365162,366774
365328,366940
365496,367106
365682,367292
365853,367461
366025,367632
366196,367804
366366,367976
366533,368144
366692,368306
366850,368461
367009,368615
367169,368771
367329,368927
367486,369086
367641,369242
367793,369396
367945,369551
368097,369707
368252,369862
368409,370019
368569,370178
368733,370337
368898,370496
369066,370657
369235,370822
369406,370986
369577,371151
369748,371317
369907,371478
370061,371630
370216,371775
370374,371924
370530,372079
370686,372231
370843,372381
370998,372533
371154,372684
371325,372850
371485,373004
371647,373163
371810,373319
371974,373477
372140,373637
372310,373799
372481,373966
372654,374136
372826,374308
372999,374483
373170,374660
373335,374832
373495,374994
373655,375154
373818,375310
373979,375467
374138,375627
374297,375783
374452,375938
374609,376090
374766,376244
374925,376396
375085,376551
375247,376709
375410,376870
375575,377036
375743,377205
375912,377374
376083,377543
376256,377711
376432,377879
376607,378050
376776,378216
376950,378388
377109,378537
377268,378690
377425,378842
377583,378992
377741,379142
377899,379297
378062,379453
378227,379610
378393,379771
378562,379931
378731,380091
378905,380254
379078,380423
379255,380591
379435,380761
379615,380936
379793,381115
379970,381291
380145,381466
380310,381638
380468,381803
380625,381964
380782,382123
380939,382282
381094,382439
381251,382595
381404,382754
381556,382910
381711,383063
381869,383220
382027,383379
382187,383539
382351,383701
382533,383880
382699,384045
382866,384212
383036,384379
383205,384547
383378,384715
383542,384877
383698,385027
383855,385170
384010,385318
384165,385465
384320,385609
384472,385753
384622,385899
384776,386043
384932,386190
385089,386344
385250,386503
385412,386663
385573,386825
385734,386988
385896,387151
386060,387314
386225,387480
386390,387650
386554,387820
386719,387990
386880,388161
387033,388327
387183,388483
387336,388634
387488,388788
387643,388943
387802,389098
387976,389269
388135,389425
388294,389580
388456,389734
388618,389891
388781,390053
388946,390216
389114,390382
389280,390550
389447,390719
389616,390889
389786,391060
389958,391233
390131,391408
390303,391582
390461,391746
390616,391898
390778,392045
390943,392198
391106,392354
391273,392507
391439,392660
391604,392816
391772,392974
391943,393135
392117,393298
392291,393462
392468,393629
392648,393799
392830,393971
393013,394146
393199,394323
393388,394500
393577,394679
393780,394880
393964,395060
394140,395233
394306,395403
394475,395568
394645,395730
394810,395892
394974,396056
395139,396217
395300,396379
395460,396543
395624,396705
395787,396870
395952,397037
396118,397207
396288,397378
396456,397551
396628,397725
396801,397900
396976,398076
397151,398251
397327,398426
397492,398595
397647,398752
397803,398898
397964,399045
398126,399195
398290,399345
398451,399497
398610,399654
398771,399808
398935,399963
399102,400127
399271,400297
399463,400484
399635,400658
399808,400833
399983,401009
400161,401187
400340,401368
400523,401548
400704,401727
400886,401907
401059,402086
401225,402258
401394,402422
401559,402586
401719,402748
401880,402904
402041,403059
402199,403217
402360,403373
402521,403535
402681,403698
402843,403861
403003,404023
403166,404183
403331,404347
403498,404512
403668,404678
403838,404845
404010,405017
404186,405190
404357,405361
404519,405527
404681,405683
404845,405839
405008,406000
405193,406173
405360,406329
405528,406486
405697,406643
405868,406805
406039,406970
406214,407136
406388,407305
406563,407478
406738,407653
406915,407830
407094,408010
407275,408193
407455,408378
407636,408559
407816,408738
407990,408910
408156,409073
408322,409235
408492,409398
408662,409559
408831,409720
408998,409882
409166,410045
409335,410207
409504,410371
409674,410539
409845,410710
410016,410882
410190,411054
410365,411228
410543,411403
410721,411582
410902,411764
411084,411946
411287,412149
411459,412330
411626,412498
411798,412660
411973,412828
412146,412998
412319,413166
412487,413333
412654,413493
412818,413649
412982,413803
413144,413962
413311,414120
413476,414277
413645,414437
413813,414602
413983,414771
414156,414944
414330,415120
414501,415296
414671,415474
414842,415650
415006,415818
415163,415978
415326,416134
415491,416293
415651,416453
415811,416607
415971,416759
416131,416912
416293,417066
416461,417223
416631,417386
416803,417553
416994,417741
417170,417916
417350,418093
417533,418271
417716,418450
417902,418626
418086,418806
418271,418989
418448,419164
418615,419331
418785,419495
418957,419661
419130,419829
419301,419994
419472,420159
419637,420326
419802,420490
419968,420652
420134,420818
420302,420986
420471,421156
420642,421329
420813,421503
420986,421680
421162,421859
421338,422040
421514,422220
421691,422398
421869,422576
422041,422751
422206,422917
422367,423078
422530,423233
422693,423382
422872,423545
423035,423694
423197,423844
423360,423996
423522,424153
423685,424314
423849,424480
424016,424650
424184,424823
424354,424996
424523,425173
424696,425348
424873,425523
425052,425697
425233,425872
425416,426049
425599,426223
425770,426388
425940,426546
426116,426705
426291,426870
426465,427031
426635,427191
426804,427352
426974,427514
427147,427677
427320,427846
427495,428018
427673,428191
427851,428370
428030,428554
428210,428736
428394,428918
428577,429106
428780,429315
428966,429499
429148,429683
429320,429866
429490,430041
429657,430212
429822,430380
429985,430543
430147,430702
430309,430862
430473,431022
430637,431182
430802,431345
430969,431512
431138,431680
431313,431850
431488,432024
431668,432203
431852,432384
432036,432568
432223,432755
432410,432940
432597,433124
432778,433306
432947,433479
433118,433642
433295,433806
433466,433975
433638,434142
433812,434305
433983,434471
434154,434639
434327,434808
434503,434980
434700,435176
434878,435353
435059,435533
435244,435717
435430,435903
435619,436092
435809,436284
435998,436477
436187,436667
436373,436855
436547,437036
436715,437207
436883,437373
437050,437538
437213,437699
437375,437855
437539,438014
437701,438174
437863,438334
438031,438497
438200,438664
438373,438835
438550,439010
438730,439185
438913,439361
439099,439541
439288,439721
439479,439898
439671,440075
439864,440250
440047,440422
440222,440587
440400,440747
440575,440909
440766,441089
440942,441253
441118,441417
441291,441585
441469,441754
441647,441927
441827,442104
442008,442283
442190,442467
442375,442651
442563,442838
442752,443028
442944,443222
443141,443418
443337,443617
443533,443817
443725,444011
443906,444196
444086,444378
444270,444558
444446,444735
444617,444908
444788,445075
444956,445242
445121,445407
445289,445571
445457,445742
445628,445917
445804,446094
445984,446273
446166,446457
446352,446643
446541,446831
446732,447020
446944,447230
447141,447415
447332,447602
447511,447782
447690,447951
447870,448117
448047,448287
448226,448456
448405,448623
448582,448792
448761,448960
448943,449131
449130,449309
449318,449490
449509,449672
449703,449856
449892,450043
450086,450230
450279,450419
450475,450615
450672,450814
450869,451013
451063,451208
451246,451395
451421,451572
451599,451746
451778,451921
451953,452094
452128,452265
452303,452439
452480,452611
452656,452788
452833,452970
453010,453154
453208,453358
453389,453546
453571,453733
453752,453922
453935,454111
454120,454301
454306,454490
454498,454679
454680,454865
454852,455041
455030,455205
455211,455379
455392,455562
455572,455739
455751,455915
455926,456090
456103,456260
456281,456432
456461,456607
456645,456786
456835,456962
457025,457140
457217,457323
457413,457503
457608,457687
457803,457874
457998,458058
458189,458242
458368,458417
458539,458581
458712,458739
458884,458898
459051,459054
459215,459212
459381,459368
459558,459546
459719,459708
459881,459870
460043,460038
460205,460208
460372,460377
460540,460551
460708,460725
460880,460898
461054,461076
461228,461258
461404,461439
461582,461621
461759,461800
461927,461975
462095,462141
462268,462305
462439,462472
462612,462641
462786,462805
462959,462973
463133,463137
463310,463301
463489,463472
463671,463647
463855,463823
464043,464005
464233,464186
464425,464372
464618,464560
464814,464750
465010,464943
465206,465136
465399,465330
465600,465535
465782,465716
465967,465897
466145,466077
466315,466247
466482,466412
466646,466574
466809,466737
466976,466901
467146,467066
467318,467234
467493,467408
467672,467582
467853,467757
468035,467934
468221,468108
468412,468281
468601,468459
468792,468639
468986,468820
469171,468998
469348,469171
469528,469338
469706,469505
469878,469673
470054,469838
470228,470003
470398,470171
470574,470339
470755,470511
470938,470690
471126,470873
471318,471060
471511,471251
471729,471463
471927,471659
472125,471855
472326,472050
472523,472247
472718,472445
472901,472637
473072,472819
473245,472994
473421,473171
473596,473350
473770,473528
473943,473705
474117,473885
474288,474064
474461,474242
474638,474424
474819,474611
475005,474799
475194,474991
475386,475183
475582,475376
475779,475572
475979,475767
476181,475958
476379,476146
476571,476329
476752,476504
476937,476672
477124,476840
477307,477013
477491,477183
477672,477353
477850,477524
478049,477712
478231,477886
478415,478066
478605,478247
478794,478432
478987,478620
479179,478813
479373,479006
479569,479199
479764,479399
479958,479601
480150,479802
480331,479998
480506,480184
480683,480367
480859,480547
481031,480724
481205,480897
481381,481067
481553,481239
481726,481410
481904,481580
482083,481759
482265,481942
482450,482127
482636,482315
482825,482505
483017,482697
483209,482893
483405,483090
483601,483287
483798,483483
483982,483674
484162,483850
484363,484035
484543,484207
484719,484378
484893,484543
485067,484708
485241,484873
485416,485036
485592,485204
485772,485375
485952,485549
486136,485722
486321,485897
486505,486074
486694,486254
486885,486438
487076,486629
487267,486822
487459,487016
487646,487207
487824,487392
488006,487572
488188,487757
488367,487938
488544,488113
488722,488287
488897,488463
489073,488637
489249,488815
489426,488998
489606,489185
489788,489372
489974,489563
490162,489754
490353,489943
490566,490156
490761,490348
490956,490537
491153,490723
491339,490906
491522,491080
491710,491245
491895,491420
492079,491596
492260,491770
492441,491946
492622,492121
492802,492294
492983,492474
493169,492655
493358,492842
493549,493031
493739,493224
493930,493419
494124,493616
494318,493813
494511,494013
494703,494214
494893,494410
495072,494601
495248,494783
495424,494963
495598,495139
495769,495312
495942,495481
496114,495655
496285,495828
496455,496001
496628,496179
496819,496378
496992,496558
497167,496741
497345,496922
497524,497103
497704,497286
497886,497467
498070,497647
498253,497826
498437,498008
498611,498184
498779,498349
498950,498510
499122,498676
499290,498842
499457,499007
499622,499175
499787,499341
499954,499507
500122,499679
500291,499854
500463,500029
500639,500201
500815,500378
500992,500558
501172,500735
501354,500916
501534,501102
501715,501286
501890,501468
502056,501646
502219,501818
502380,501984
502542,502148
502702,502309
502876,502487
503037,502648
503195,502811
503353,502974
503512,503135
503671,503301
503833,503469
503997,503638
504162,503812
504329,503987
504499,504160
504670,504335
504840,504510
505012,504682
505186,504853
505362,505025
505526,505195
505688,505358
505856,505514
506021,505679
506188,505847
506357,506011
506526,506177
506690,506347
506859,506513
507029,506681
507202,506854
507378,507028
507557,507203
507742,507378
507929,507555
508117,507734
508308,507910
508501,508093
508714,508297
508907,508483
509093,508673
509271,508861
509446,509043
509620,509222
509788,509398
509953,509567
510116,509733
510280,509898
510444,510065
510608,510229
510774,510393
510940,510564
511110,510735
511279,510909
511450,511085
511625,511258
511801,511432
511977,511609
512152,511782
512330,511953
512507,512123
512674,512290
512836,512452
513001,512610
513165,512770
513324,512935
513484,513098
513642,513262
513799,513431
513958,513599
514123,513769
514291,513943
514476,514138
514649,514316
514825,514495
515008,514671
515191,514854
515379,515033
515569,515211
515757,515394
515946,515580
516132,515761
516307,515941
516478,516118
516654,516292
516824,516465
516992,516635
517160,516804
517330,516971
517498,517139
517667,517310
517839,517475
518009,517646
518180,517822
518356,517997
518530,518172
518703,518351
518876,518525
519050,518698
519220,518872
519392,519046
519562,519218
519721,519386
519877,519547
520036,519707
520194,519862
520366,520033
520523,520188
520681,520342
520838,520499
520998,520662
521163,520825
521330,520994
521499,521168
521670,521345
521842,521523
522016,521702
522192,521882
522371,522066
522552,522248
522732,522431
522907,522619
523075,522802
523236,522979
523401,523153
523564,523328
523728,523503
523890,523677
524052,523848
524213,524019
524376,524186
524539,524355
524706,524529
524879,524701
525053,524878
525229,525060
525411,525243
525591,525427
525773,525611
525958,525793
526160,525991
526344,526170
526525,526342
526695,526505
526867,526661
527040,526821
527215,526982
527390,527138
527561,527299
527732,527462
527905,527620
528080,527781
528256,527948
528436,528116
528618,528288
528803,528466
528990,528647
529178,528829
529371,529015
529564,529207
529756,529400
529947,529591
530129,529787
530301,529981
530468,530168
530636,530353
530802,530534
530966,530713
531131,530890
531296,531067
531461,531243
531627,531417
531797,531592
531971,531771
532167,531964
532346,532144
532527,532329
532712,532512
532900,532698
533084,532888
533269,533078
533452,533270
533632,533462
533802,533651
533964,533830
534126,533999
534288,534172
534451,534343
534613,534512
534775,534682
534940,534853
535106,535022
535274,535191
535447,535359
535622,535527
535800,535698
535983,535870
536170,536041
536358,536217
536549,536399
536742,536584
536934,536767
537122,536958
537307,537149
537482,537330
537658,537502
537835,537675
538011,537850
538198,538037
538368,538205
538538,538374
538709,538542
538881,538716
539055,538895
539234,539075
539417,539255
539601,539446
539787,539635
539974,539824
540164,540019
540354,540210
540545,540398
540738,540590
540928,540780
541110,540961
541292,541135
541476,541314
541659,541490
541840,541661
542020,541833
542199,542008
542379,542182
542562,542357
542745,542535
542930,542717
543116,542901
543301,543085
543486,543269
543672,543457
543859,543647
544045,543841
544231,544029
544430,544242
544601,544430
544764,544607
544928,544779
545091,544953
545255,545121
545414,545283
545576,545444
545739,545607
545904,545768
546070,545934
546240,546105
546412,546278
546587,546452
546762,546634
546940,546815
547118,546999
547293,547187
547471,547375
547648,547562
547821,547752
547994,547941
548158,548121
548319,548288
548480,548451
548644,548615
548810,548774
548975,548933
549138,549098
549304,549261
549469,549423
549634,549591
549800,549762
549970,549935
550141,550110
550376,550357
550547,550533
550718,550714
550892,550898
551068,551082
551245,551257
551417,551437
551583,551612
551745,551777
551907,551944
552067,552114
552227,552281
552386,552443
552544,552606
552702,552772
552865,552937
553028,553107
553197,553285
553368,553465
553545,553641
553722,553824
553905,554011
554090,554195
554276,554381
554463,554567
554652,554751
554840,554934
555025,555118
555203,555297
555377,555469
555554,555643
555728,555815
555906,555980
556082,556140
556274,556325
556450,556492
556630,556660
556811,556832
556995,557009
557179,557187
557363,557370
557547,557554
557734,557738
557920,557924
558107,558114
558294,558301
558484,558483
558668,558673
558847,558863
559020,559043
559186,559218
559351,559391
559522,559560
559692,559728
559861,559901
560034,560072
560207,560244
560379,560420
560556,560596
560735,560770
560916,560946
561095,561127
561279,561307
561463,561489
561649,561677
561838,561866
562032,562052
562222,562244
562431,562455
562621,562642
562795,562827
562968,563004
563145,563174
563316,563339
563482,563507
563651,563670
563820,563831
563988,563998
564159,564166
564335,564335
564508,564506
564682,564679
564858,564849
565034,565021
565211,565198
565392,565376
565577,565553
565763,565731
565945,565917
566128,566101
566303,566279
566468,566452
566634,566622
566800,566787
566965,566951
567128,567115
567293,567279
567458,567446
567623,567618
567794,567790
567967,567964
568141,568142
568334,568343
568510,568525
568686,568706
568860,568889
569035,569071
569214,569251
569390,569433
569567,569616
569741,569797
569904,569973
570070,570144
570237,570313
570404,570479
570569,570646
570736,570813
570900,570979
571067,571147
571231,571319
571400,571495
571573,571673
571746,571858
571922,572043
572102,572227
572282,572414
572468,572599
572656,572780
572847,572959
573037,573145
573224,573328
573404,573503
573581,573678
573762,573855
573940,574032
574114,574207
574307,574405
574480,574583
574652,574760
574826,574940
575002,575123
575181,575306
575359,575494
575541,575684
575725,575873
575914,576062
576101,576255
576290,576447
576483,576637
576675,576826
576867,577013
577044,577193
577221,577365
577401,577533
577581,577698
577758,577866
577939,578035
578118,578206
578296,578378
578474,578551
578657,578727
578842,578904
579028,579086
579214,579273
579405,579463
579598,579659
579795,579858
579997,580056
580196,580258
580395,580462
580613,580682
580795,580876
580974,581064
581156,581250
581335,581439
581511,581629
581687,581816
581859,582007
582031,582196
582207,582383
582384,582571
582561,582766
582743,582961
582927,583156
583116,583351
583305,583546
583498,583741
583694,583934
583890,584127
584087,584320
584277,584511
584461,584689
584649,584857
584837,585029
585020,585207
585209,585379
585395,585552
585581,585730
585765,585910
585952,586092
586140,586277
586327,586463
586512,586652
586700,586842
586910,587054
587106,587249
587302,587447
587496,587650
587689,587855
587884,588056
588066,588252
588239,588439
588416,588617
588596,588797
588770,588979
588944,589156
589116,589333
589291,589509
589468,589685
589647,589867
589826,590052
590011,590238
590198,590431
590387,590628
590578,590826
590770,591024
590963,591223
591156,591421
591346,591621
591532,591819
591710,592007
591888,592183
592067,592358
592245,592539
592424,592719
592603,592894
592780,593070
592958,593243
593140,593415
593343,593610
593530,593787
593717,593971
593910,594157
594103,594343
594302,594529
594500,594725
594701,594926
594906,595128
595107,595334
595301,595539
595487,595735
595671,595922
595859,596109
596046,596300
596230,596488
596412,596675
596595,596859
596776,597039
596957,597222
597140,597404
597326,597587
597511,597772
597698,597959
597887,598145
598077,598330
598268,598516
598462,598704
598656,598892
598851,599081
599050,599267
599237,599450
599413,599625
599592,599792
599786,599981
599956,600158
600125,600333
600295,600507
600463,600683
600633,600861
600806,601039
600977,601221
601150,601407
601328,601590
601509,601773
601688,601965
601871,602156
602060,602345
602247,602539
602434,602734
602622,602923
602798,603105
602970,603282
603148,603458
603325,603641
603498,603822
603668,603999
603840,604173
604012,604349
604180,604527
604353,604707
604526,604889
604700,605075
604877,605265
605055,605455
605235,605648
605419,605847
605607,606042
605816,606257
606008,606451
606204,606642
606393,606830
606580,607008
606777,607177
606975,607355
607172,607535
607368,607711
607562,607887
607754,608063
607946,608240
608139,608421
608332,608605
608526,608789
608722,608975
608916,609162
609111,609355
609308,609551
609505,609749
609700,609949
609892,610147
610081,610342
610264,610534
610434,610721
610606,610902
610781,611083
610954,611263
611124,611439
611289,611611
611452,611781
611617,611946
611784,612113
611954,612287
612144,612479
612320,612658
612501,612845
612685,613034
612872,613225
613060,613420
613253,613616
613445,613812
613639,614010
613825,614207
614004,614391
614183,614563
614364,614739
614543,614920
614723,615097
614902,615270
615076,615450
615254,615627
615431,615807
615610,615988
615789,616173
615972,616362
616155,616555
616340,616750
616527,616950
616714,617157
616900,617360
617086,617559
617267,617759
617447,617954
617618,618135
617785,618307
617957,618472
618133,618637
618327,618819
618503,618983
618677,619147
618850,619311
619025,619476
619198,619645
619372,619816
619548,619990
619723,620170
619900,620355
620083,620541
620268,620728
620452,620916
620642,621102
620833,621288
621024,621470
621216,621650
621399,621826
621575,621994
621756,622158
621936,622326
622114,622493
622287,622660
622461,622827
622633,622995
622807,623162
622984,623333
623165,623511
623347,623693
623534,623875
623722,624059
623910,624246
624100,624434
624295,624623
624512,624832
624706,625025
624900,625219
625091,625411
625269,625598
625441,625775
625619,625949
625792,626128
625961,626303
626129,626473
626293,626648
626458,626824
626625,627001
626794,627184
626965,627374
627141,627565
627319,627759
627500,627956
627684,628152
627875,628349
628066,628549
628259,628748
628455,628945
628649,629143
628832,629334
629019,629514
629210,629692
629393,629881
629576,630067
629758,630250
629940,630438
630122,630631
630309,630826
630498,631027
630711,631257
630906,631465
631101,631674
631298,631881
631495,632083
631693,632290
631893,632497
632092,632702
632291,632906
632482,633107
632666,633302
632853,633489
633040,633675
633223,633861
633407,634041
633589,634219
633770,634395
633951,634571
634130,634750
634311,634933
634496,635118
634682,635303
634869,635491
635060,635681
635255,635871
635451,636060
635645,636249
635840,636437
636034,636621
636219,636802
636395,636974
636572,637143
636748,637318
636926,637492
637120,637677
637299,637846
637479,638020
637662,638192
637845,638363
638027,638538
638212,638715
638399,638892
638584,639070
638770,639249
638955,639433
639143,639619
639334,639805
639522,639993
639711,640183
639900,640371
640080,640556
640252,640736
640427,640912
640601,641089
640774,641265
640946,641440
641117,641613
641287,641785
641456,641961
641624,642136
641796,642313
641968,642490
642142,642674
642320,642859
642501,643047
642680,643235
642861,643426
643041,643617
643220,643806
643417,644010
643583,644189
643743,644358
643907,644523
644071,644690
644236,644859
644402,645030
644572,645198
644742,645364
644916,645530
645094,645698
645276,645869
645460,646043
645648,646218
645835,646396
646026,646577
646212,646764
646403,646953
646594,647143
646782,647335
646967,647528
647148,647716
647329,647899
647508,648082
647686,648262
647862,648438
648038,648612
648214,648785
648390,648957
648566,649134
648743,649313
648920,649495
649099,649678
649279,649867
649479,650076
649664,650267
649849,650460
650033,650654
650216,650844
650400,651030
650580,651212
650751,651386
650922,651554
651096,651723
651269,651895
651444,652065
651617,652234
651786,652403
651960,652570
652139,652742
652320,652919
652505,653099
652694,653282
652883,653470
653072,653659
653260,653852
653450,654050
653640,654246
653827,654444
654011,654644
654188,654838
654359,655025
654533,655209
654711,655398
654885,655587
655058,655769
655230,655946
655402,656122
655589,656316
655763,656492
655937,656670
656112,656851
656291,657034
656472,657219
656654,657407
656840,657598
657028,657790
657216,657986
657406,658180
657597,658371
657787,658560
657962,658747
658142,658923
658323,659095
658499,659271
658674,659446
658851,659616
659028,659787
659203,659962
659386,660136
659570,660314
659755,660495
659942,660674
660128,660852
660317,661034
660508,661220
660698,661408
660890,661598
661081,661789
661270,661981
661455,662171
661631,662357
661831,662559
662016,662746
662196,662931
662377,663110
662562,663286
662742,663466
662923,663647
663106,663830
663290,664014
663476,664199
663663,664387
663853,664576
664044,664769
664237,664963
664432,665158
664627,665355
664822,665550
665013,665739
665195,665925
665379,666104
665565,666284
665750,666468
665935,666652
666120,666834
666302,667018
666484,667203
666670,667390
666856,667580
667043,667771
667231,667962
667421,668151
667607,668344
667794,668541
667984,668738
668192,668953
668380,669150
668569,669346
668757,669541
668937,669731
669114,669912
669292,670091
669470,670273
669645,670450
669820,670626
669990,670809
670161,670990
670332,671169
670504,671347
670676,671529
670852,671708
671034,671888
671215,672074
671402,672261
671594,672445
671785,672630
671978,672814
672174,672991
672364,673172
672546,673348
672726,673515
672908,673682
673089,673858
673269,674034
673450,674205
673626,674381
673803,674559
673986,674735
674170,674918
674376,675127
674567,675313
674755,675505
674943,675702
675135,675899
675328,676098
675522,676302
675715,676505
675909,676703
676094,676899
676271,677085
676447,677260
676624,677433
676802,677605
676979,677772
677152,677941
677325,678114
677497,678286
677671,678462
677846,678642
678024,678826
678203,679013
678383,679207
678565,679398
678753,679588
678939,679778
679123,679971
679308,680157
679490,680343
679667,680531
679833,680710
679996,680876
680164,681043
680330,681216
680514,681405
680681,681573
680845,681743
681011,681914
681183,682085
681354,682263
681528,682444
681703,682629
681881,682818
682059,683008
682239,683201
682422,683393
682607,683587
682793,683781
682980,683976
683167,684170
683343,684357
683518,684534
683695,684710
683876,684885
684054,685061
684232,685237
684410,685408
684585,685580
684761,685750
684938,685921
685115,686092
685296,686266
685479,686445
685664,686624
685851,686808
686041,686996
686234,687183
686426,687369
686616,687560
686829,687768
687018,687953
687195,688136
687373,688312
687555,688486
687740,688661
687923,688840
688109,689016
688295,689192
688482,689370
688670,689551
688860,689731
689048,689916
689237,690103
689428,690289
689616,690478
689806,690668
689996,690859
690191,691050
690384,691246
690576,691441
690770,691633
690953,691825
691124,692007
691297,692178
691471,692347
691637,692517
691803,692682
691970,692844
692134,693011
692297,693181
692465,693349
692633,693521
692800,693702
692992,693898
693168,694075
693345,694259
693526,694443
693710,694625
693892,694812
694074,694998
694261,695183
694438,695367
694607,695543
694779,695713
694954,695879
695126,696047
695302,696211
695480,696376
695656,696543
695835,696712
696016,696882
696197,697060
696381,697242
696565,697427
696749,697616
696934,697806
697116,698000
697302,698192
697488,698383
697672,698575
697853,698766
698033,698953
698202,699135
698366,699310
698535,699479
698700,699650
698862,699817
699036,699998
699197,700161
699357,700327
699521,700496
699685,700669
699850,700850
700018,701035
700186,701221
700355,701412
700528,701604
700704,701791
700880,701983
701058,702174
701239,702362
701418,702551
701593,702737
701763,702910
701935,703072
702111,703238
702285,703415
702464,703589
702640,703762
702814,703939
702991,704110
703167,704281
703344,704458
703524,704634
703706,704814
703886,704996
704070,705182
704254,705367
704438,705554
704627,705746
704818,705934
705025,706143
705210,706333
705387,706513
705556,706679
705722,706845
705888,707011
706051,707171
706212,707328
706373,707485
706533,707643
706695,707801
706859,707958
707025,708119
707193,708283
707365,708446
707538,708614
707711,708785
707890,708952
708069,709127
708249,709302
708431,709475
708608,709652
708786,709830
708955,710004
709113,710170
709267,710327
709423,710483
709579,710646
709736,710809
709894,710973
710052,711142
710214,711308
710373,711476
710532,711647
710711,711833
710876,712005
711043,712179
711212,712355
711385,712531
711559,712709
711737,712886
711918,713067
712100,713248
712279,713429
712450,713608
712619,713779
712784,713950
712948,714124
713111,714297
713271,714469
713429,714639
713585,714806
713742,714968
713898,715130
714058,715292
714218,715457
714383,715621
714551,715787
714723,715956
714896,716121
715070,716287
715244,716456
715419,716623
715593,716790
715766,716960
715930,717126
716083,717283
716236,717430
716403,717594
716556,717749
716713,717903
716866,718057
717019,718213
717175,718372
717334,718529
717493,718693
717654,718860
717818,719026
717984,719195
718154,719368
718328,719543
718506,719722
718687,719907
718872,720092
719058,720279
719245,720466
719428,720651
719602,720829
719775,720998
719952,721168
720127,721341
720296,721510
720465,721677
720633,721848
720804,722019
720974,722191
721143,722370
721314,722550
721485,722731
721655,722910
721827,723090
721999,723270
722195,723467
722373,723653
722554,723839
722736,724027
722923,724217
723100,724405
723268,724583
723442,724753
723622,724928
723799,725112
723979,725294
724159,725474
724337,725654
724518,725830
724701,726006
724886,726186
725074,726367
725263,726554
725455,726746
725649,726941
725844,727139
726044,727338
726247,727542
726450,727746
726653,727949
726849,728148
727035,728340
727220,728526
727404,728709
727581,728894
727758,729077
727934,729256
728110,729437
728283,729619
728476,729816
728651,729998
728830,730184
729011,730369
729196,730555
729382,730743
729568,730933
729755,731117
729940,731300
730125,731485
730311,731671
730491,731853
730663,732024
730838,732188
731012,732354
731186,732522
731359,732684
731531,732845
731702,733010
731875,733177
732050,733343
732224,733513
732398,733688
732575,733864
732753,734041
732933,734221
733112,734406
733295,734591
733474,734776
733655,734965
733836,735152
734013,735336
734180,735513
734343,735682
734507,735850
734683,736037
734840,736207
734998,736378
735155,736547
735308,736719
735464,736889
735623,737059
735782,737233
735944,737407
736113,737579
736286,737754
736460,737932
736639,738113
736822,738294
737008,738477
737193,738665
737380,738852
737561,739031
737732,739204
737908,739370
738084,739540
738260,739718
738438,739895
738616,740070
738791,740247
738969,740427
739147,740606
739328,740788
739505,740973
739683,741163
739865,741351
740044,741544
740224,741741
740410,741938
740613,742156
740796,742354
740982,742547
741167,742740
741343,742925
741517,743100
741697,743272
741872,743448
742046,743621
742224,743785
742395,743952
742564,744118
742736,744280
742906,744445
743076,744615
743250,744783
743425,744952
743602,745122
743780,745294
743962,745466
744146,745637
744330,745810
744513,745985
744699,746155
744874,746323
745038,746485
745204,746640
745369,746800
745530,746966
745695,747126
745858,747284
746020,747450
746187,747616
746355,747785
746769,748209
746943,748385
747123,748563
747303,748747
747487,748934
747673,749121
747861,749313
748048,749504
748236,749693
748423,749881
748596,750065
748764,750241
748935,750412
749103,750585
749266,750761
749430,750934
749594,751107
749756,751282
749920,751457
750083,751639
750251,751820
750419,751998
750590,752179
750764,752363
750942,752546
751122,752730
751304,752918
751488,753107
751670,753295
751854,753482
752036,753671
752207,753848
752382,754018
752561,754193
752758,754390
752937,754564
753113,754738
753288,754915
753465,755090
753644,755267
753823,755453
754006,755642
754189,755832
754376,756030
754566,756224
754758,756423
754952,756623
755146,756821
755340,757017
755534,757214
755721,757407
755899,757589
756076,757764
756248,757940
756415,758116
756584,758282
756752,758449
756921,758616
757089,758786
757260,758954
757432,759125
757606,759295
757781,759467
757958,759640
758137,759811
758320,759983
758503,760159
758688,760338
758891,760533
759078,760713
759259,760894
759430,761067
759600,761233
759770,761399
759938,761569
760105,761731
760271,761894
760438,762059
760604,762227
760775,762397
760946,762574
761119,762757
761293,762941
761470,763128
761653,763318
761836,763508
762020,763702
762209,763895
762400,764084
762589,764279
762781,764471
762964,764659
763140,764840
763318,765014
763495,765189
763670,765362
763846,765533
764020,765707
764192,765880
764362,766054
764532,766227
764701,766401
764890,766594
765060,766771
765232,766946
765405,767120
765578,767297
765753,767475
765931,767655
766111,767834
766289,768015
766471,768194
766638,768370
766801,768538
766970,768697
767136,768859
767299,769021
767464,769178
767626,769333
767787,769494
767952,769654
768121,769816
768287,769985
768456,770155
768627,770326
768801,770498
768977,770673
769154,770851
769336,771030
769519,771211
769703,771396
769889,771583
770078,771768
770260,771952
770437,772136
770615,772316
770809,772510
770985,772687
771162,772867
771341,773046
771515,773227
771690,773408
771865,773589
772039,773769
772212,773955
772391,774139
772572,774321
772752,774508
772932,774698
773119,774887
773304,775076
773488,775269
773679,775458
773861,775646
774029,775831
774199,776003
774371,776169
774535,776342
774704,776509
774878,776670
775050,776834
775219,777001
775394,777163
775569,777326
775745,777489
775920,777652
776098,777813
776274,777977
776451,778145
776629,778314
776810,778485
777007,778683
777187,778865
777366,779045
777533,779226
777695,779403
777860,779573
778024,779742
778185,779908
778348,780071
778514,780231
778676,780394
778840,780553
779004,780710
779170,780868
779336,781028
779504,781190
779675,781355
779849,781523
780024,781695
780202,781872
780381,782050
780562,782229
780743,782410
780919,782586
781091,782756
781265,782926
781440,783095
781615,783265
781791,783434
781967,783606
782145,783776
782326,783948
782507,784128
782693,784311
782899,784516
783088,784706
783278,784902
783469,785098
783659,785294
783849,785493
784037,785691
784220,785893
784407,786095
784587,786290
784758,786479
784924,786665
785088,786844
785251,787015
785414,787184
785576,787353
785740,787523
785903,787693
786070,787865
786239,788038
786407,788214
786579,788392
786754,788570
786932,788747
787113,788933
787294,789119
787479,789305
787666,789488
787852,789673
788031,789852
788204,790019
788378,790178
788551,790344
788725,790509
788916,790695
789088,790865
789264,791034
789440,791205
789617,791383
789796,791563
789976,791744
790155,791927
790339,792113
790527,792301
790715,792495
790906,792689
791098,792883
791288,793080
791478,793276
791664,793466
791842,793644
792017,793814
792189,793986
792365,794155
792540,794326
792712,794502
792886,794679
793060,794859
793233,795041
793408,795223
793584,795406
793758,795592
793936,795778
794119,795962
794300,796151
794479,796342
794663,796535
794850,796727
795056,796941
795243,797132
795421,797315
795598,797489
795776,797654
795956,797822
796135,797995
796315,798168
796496,798343
796679,798520
796862,798700
797046,798883
797232,799067
797416,799251
797603,799437
797791,799622
797978,799811
798169,800001
798360,800190
798546,800387
798731,800583
798915,800774
799091,800963
799256,801148
799418,801323
799579,801490
799738,801655
799896,801819
800055,801983
800212,802149
800373,802318
800532,802488
800695,802659
800859,802834
801043,803025
801211,803195
801383,803369
801555,803543
801730,803717
801906,803890
802084,804065
802265,804239
802446,804413
802623,804589
802794,804756
802962,804915
803135,805075
803307,805241
803480,805404
803656,805567
803832,805739
804012,805913
804193,806090
804376,806271
804562,806457
804750,806642
804939,806826
805128,807011
805322,807196
805518,807383
805712,807573
805907,807765
806101,807957
806293,808152
806474,808347
806652,808534
806829,808717
807008,808900
807199,809100
807374,809281
807547,809460
807720,809638
807895,809815
808069,809994
808245,810173
808424,810352
808608,810537
808791,810727
808975,810918
809164,811111
809353,811303
809543,811494
809733,811683
809923,811872
810110,812053
810289,812226
810467,812393
810643,812559
810818,812724
810991,812888
811164,813054
811336,813222
811511,813391
811690,813566
811872,813747
812058,813930
812245,814118
812434,814309
812628,814499
812822,814692
813014,814887
813208,815077
813423,815291
813612,815487
813795,815679
813974,815866
814149,816054
814326,816237
814498,816417
814668,816598
814842,816776
815016,816954
815192,817136
815370,817320
815549,817504
815734,817693
815919,817885
816107,818078
816295,818269
816485,818461
816678,818651
816869,818839
817058,819029
817249,819217
817432,819397
817609,819575
817785,819747
817957,819915
818130,820085
818300,820257
818471,820429
818641,820601
818812,820776
818986,820951
819162,821127
819338,821303
819535,821498
819717,821675
819903,821858
820088,822046
820273,822233
820456,822420
820634,822609
820812,822796
820981,822981
821142,823159
821303,823330
821465,823498
821622,823666
821777,823833
821935,823994
822093,824153
822252,824315
822415,824476
822581,824635
822749,824798
822921,824967
823095,825138
823270,825314
823446,825494
823624,825679
823804,825864
823983,826049
824160,826232
824337,826411
824507,826582
824669,826746
824837,826905
825007,827066
825179,827231
825352,827398
825544,827587
825718,827761
825896,827939
826075,828119
826255,828302
826436,828486
826618,828669
826799,828852
826984,829037
827171,829227
827358,829417
827544,829603
827728,829792
827911,829982
828091,830165
828262,830341
828431,830511
828604,830679
828777,830848
828948,831017
829121,831184
829295,831351
829469,831523
829647,831695
829825,831866
830002,832042
830181,832224
830364,832408
830547,832594
830731,832785
830918,832973
831105,833161
831290,833349
831470,833533
831669,833727
831838,833899
832002,834066
832171,834223
832338,834382
832504,834548
832672,834713
832842,834878
833006,835049
833173,835222
833342,835394
833511,835569
833681,835747
833853,835924
834028,836100
834204,836283
834384,836470
834567,836656
834749,836844
834928,837040
835106,837236
835281,837426
835447,837607
835611,837780
835779,837948
835948,838115
836115,838280
836284,838443
836456,838607
836626,838775
836799,838940
836976,839105
837152,839274
837329,839452
837531,839649
837714,839833
837899,840021
838089,840210
838280,840403
838473,840600
838664,840797
838850,840990
839024,841177
839199,841352
839374,841521
839546,841695
839713,841869
839882,842036
840049,842202
840213,842370
840383,842539
840558,842711
840735,842888
840917,843070
841102,843253
841291,843440
841484,843630
841683,843818
841881,844006
842080,844201
842278,844397
842475,844593
842662,844787
842839,844975
843021,845156
843205,845334
843378,845514
843552,845690
843748,845880
843922,846058
844099,846235
844277,846411
844457,846592
844636,846782
844820,846974
845005,847166
845192,847360
845382,847557
845578,847750
845772,847946
845966,848140
846160,848334
846347,848521
846527,848694
846710,848861
846892,849033
847070,849205
847247,849376
847427,849549
847602,849727
847782,849907
847964,850088
848144,850272
848325,850454
848509,850636
848694,850823
848885,851009
849074,851195
849264,851386
849454,851582
849642,851775
849828,851967
850023,852172
850196,852351
850374,852526
850546,852705
850718,852882
850891,853059
851063,853239
851237,853418
851412,853595
851590,853773
851769,853959
851952,854144
852138,854332
852325,854522
852515,854715
852708,854908
852902,855101
853095,855291
853290,855478
853481,855662
853665,855835
853848,855995
854033,856152
854212,856316
854391,856477
854571,856635
854744,856799
854919,856964
855096,857131
855273,857302
855450,857476
855629,857653
855812,857832
855994,858018
856199,858223
856388,858412
856575,858607
856762,858806
856946,859004
857129,859202
857304,859393
857475,859575
857651,859750
857829,859923
858007,860095
858186,860264
858366,860435
858547,860607
858730,860776
858915,860949
859099,861130
859286,861315
859474,861505
859664,861700
859854,861899
860050,862099
860243,862298
860434,862496
860626,862692
860815,862886
860991,863070
861165,863244
861340,863412
861513,863585
861686,863756
861863,863921
862040,864087
862219,864255
862424,864441
862610,864608
862797,864781
862988,864955
863182,865132
863377,865314
863576,865500
863778,865690
863979,865887
864178,866088
864376,866287
864564,866486
864750,866679
864935,866867
865117,867053
865296,867237
865478,867415
865660,867595
865843,867777
866029,867957
866218,868136
866403,868322
866589,868507
866779,868688
866969,868874
867163,869062
867359,869252
867556,869440
867752,869630
867952,869817
868143,870005
868323,870185
868505,870353
868685,870519
868856,870691
869044,870875
869212,871037
869379,871203
869545,871370
869713,871538
869887,871709
870067,871883
870249,872061
870435,872241
870625,872423
870818,872606
871015,872789
871212,872974
871408,873164
871606,873356
871796,873546
871976,873732
872160,873910
872346,874088
872531,874266
872715,874445
872901,874624
873084,874809
873265,874994
873448,875177
873630,875363
873811,875558
873996,875753
874180,875948
874366,876146
874556,876343
874747,876539
874940,876733
875135,876926
875345,877134
875525,877314
875707,877480
875890,877639
876070,877805
876249,877972
876432,878136
876612,878305
876790,878481
876974,878655
877158,878833
877344,879011
877531,879192
877720,879374
877911,879559
878102,879747
878297,879935
878488,880126
878676,880322
878864,880518
879048,880711
879222,880899
879392,881077
879565,881247
879736,881413
879906,881577
880078,881739
880248,881903
880421,882070
880595,882238
880771,882408
880946,882586
881124,882766
881305,882949
881502,883154
881683,883343
881869,883531
882054,883721
882238,883909
882425,884093
882604,884273
882775,884443
882945,884602
883115,884755
883286,884909
883454,885067
883623,885226
883792,885388
883960,885554
884128,885722
884299,885893
884471,886067
884644,886241
884817,886413
884991,886587
885167,886764
885345,886942
885528,887121
885711,887303
885893,887488
886078,887676
886257,887861
886426,888044
886596,888222
886771,888399
886944,888579
887117,888758
887290,888930
887478,889120
887652,889288
887824,889453
887996,889616
888169,889779
888343,889947
888522,890115
888703,890286
888886,890463
889074,890643
889264,890829
889455,891016
889647,891205
889836,891393
890015,891574
890186,891745
890362,891907
890539,892070
890715,892239
890895,892411
891077,892585
891257,892766
891443,892951
891634,893138
891826,893331
892022,893526
892217,893720
892412,893917
892608,894115
892807,894311
893004,894508
893200,894707
893395,894909
893591,895107
893795,895322
893972,895507
894152,895683
894332,895857
894512,896029
894693,896199
894873,896371
895051,896541
895230,896709
895408,896879
895586,897053
895767,897229
895950,897408
896133,897595
896318,897783
896509,897971
896701,898161
896894,898350
897086,898535
897279,898719
897467,898901
897643,899075
897820,899243
898000,899411
898177,899583
898358,899755
898537,899927
898713,900102
898896,900274
899082,900449
899274,900627
899469,900807
899668,900990
899867,901178
900090,901383
900294,901571
900499,901764
900704,901963
900909,902163
901113,902365
901306,902567
901494,902763
901685,902953
901876,903138
902065,903321
902250,903504
902434,903686
902616,903866
902795,904047
902976,904229
903160,904415
903344,904605
903529,904799
903716,904995
903903,905188
904091,905378
904278,905565
904464,905749
904651,905934
904834,906117
905006,906290
905180,906455
905360,906615
905536,906782
905715,906947
905896,907114
906074,907286
906253,907459
906454,907653
906639,907833
906828,908013
907016,908195
907204,908381
907395,908566
907589,908753
907786,908944
907983,909138
908179,909335
908374,909532
908559,909724
908739,909908
908921,910085
909102,910259
909281,910431
909458,910601
909633,910775
909806,910951
909981,911128
910157,911308
910335,911495
910514,911686
910698,911881
910884,912080
911074,912278
911267,912477
911462,912675
911658,912867
911857,913055
912051,913241
912234,913420
912419,913588
912607,913756
912811,913953
912996,914134
913182,914314
913367,914493
913553,914670
913743,914844
913938,915020
914136,915196
914333,915377
914532,915563
914736,915751
914937,915945
915140,916142
915340,916342
915534,916543
915729,916744
915913,916939
916090,917127
916270,917307
916448,917483
916620,917657
916792,917829
916967,918001
917139,918175
917311,918354
917489,918537
917667,918725
917846,918918
918027,919115
918213,919314
918401,919511
918591,919705
918784,919898
918979,920088
919174,920278
919385,920484
919566,920660
919749,920826
919935,920991
920120,921164
920303,921339
920488,921514
920672,921693
920855,921872
921040,922051
921227,922232
921416,922414
921606,922601
921793,922790
921985,922974
922175,923162
922366,923354
922556,923545
922742,923737
922928,923927
923108,924115
923280,924297
923450,924472
923623,924643
923794,924807
923962,924971
924127,925138
924296,925301
924461,925462
924628,925623
924794,925787
924967,925954
925141,926123
925316,926296
925512,926493
925693,926674
925877,926855
926062,927038
926249,927216
926435,927397
926620,927578
926797,927751
926966,927917
927140,928080
927313,928245
927486,928412
927662,928580
927839,928750
928015,928922
928194,929097
928376,929279
928562,929461
928751,929642
928935,929830
929125,930017
929314,930202
929503,930391
929698,930580
929895,930771
930091,930967
930288,931165
930479,931357
930660,931542
930845,931723
931033,931903
931216,932079
931396,932256
931578,932432
931776,932623
931957,932800
932141,932981
932327,933166
932515,933355
932704,933549
932896,933743
933090,933940
933287,934135
933487,934326
933684,934515
933882,934705
934079,934893
934261,935078
934444,935256
934628,935436
934808,935620
934990,935801
935172,935981
935353,936165
935536,936354
935726,936545
935919,936739
936112,936939
936307,937143
936503,937347
936702,937552
936905,937758
937111,937966
937320,938173
937528,938382
937736,938590
937939,938791
938134,938983
938350,939188
938546,939368
938734,939552
938923,939732
939112,939911
939302,940091
939490,940275
939681,940459
939873,940650
940067,940847
940265,941044
940465,941245
940666,941448
940869,941646
941074,941843
941273,942043
941475,942235
941674,942426
941860,942610
942047,942785
942240,942953
942428,943126
942615,943299
942803,943471
942990,943647
943178,943823
943368,943998
943561,944180
943754,944372
943954,944562
944158,944753
944361,944950
944567,945152
944777,945351
945068,945634
945278,945838
945487,946042
945684,946248
945872,946447
946064,946635
946249,946827
946431,947019
946616,947203
946800,947388
946983,947576
947169,947761
947356,947949
947546,948141
947744,948332
947939,948527
948136,948726
948338,948918
948538,949118
948738,949318
948941,949511
949146,949701
949348,949894
949543,950079
949738,950255
949929,950431
950116,950609
950301,950783
950485,950957
950668,951133
950855,951307
951043,951493
951235,951684
951432,951879
951648,952101
951843,952304
952043,952506
952244,952705
952445,952910
952648,953114
952853,953314
953054,953516
953243,953710
953432,953897
953616,954086
953799,954272
953979,954450
954155,954629
954333,954810
954511,954987
954690,955170
954872,955357
955055,955547
955244,955739
955433,955937
955626,956132
955819,956333
956015,956534
956214,956733
956416,956933
956619,957134
956815,957327
957005,957511
957199,957690
957392,957874
957584,958058
957776,958238
957965,958417
958174,958615
958365,958800
958567,958987
958771,959178
958974,959376
959183,959578
959396,959779
959609,959986
959821,960200
960034,960409
960244,960619
960446,960829
960639,961026
960822,961218
961006,961406
961188,961587
961369,961767
961548,961951
961729,962131
961908,962311
962086,962494
962269,962678
962456,962863
962644,963051
962835,963240
963030,963430
963224,963625
963423,963819
963622,964010
963820,964204
964020,964397
964215,964582
964396,964759
964575,964929
964759,965093
964957,965279
965134,965449
965311,965618
965489,965789
965666,965968
965851,966151
966039,966338
966227,966529
966417,966723
966613,966915
966814,967109
967015,967310
967223,967511
967432,967714
967638,967921
967846,968125
968051,968327
968239,968524
968427,968707
968616,968885
968803,969066
968983,969245
969168,969422
969352,969606
969537,969794
969728,969983
969918,970178
970109,970377
970305,970571
970498,970770
970695,970969
970894,971163
971095,971358
971294,971555
971517,971767
971722,971958
971919,972150
972108,972334
972301,972510
972493,972686
972679,972862
972861,973036
973046,973214
973230,973394
973416,973574
973604,973762
973795,973956
973994,974150
974194,974353
974396,974560
974604,974769
974814,974977
975026,975187
975237,975393
975444,975602
975645,975806
975838,975996
976029,976179
976222,976362
976415,976543
976607,976722
976798,976907
976992,977094
977183,977285
977376,977482
977573,977681
977769,977882
977966,978090
978188,978316
978392,978522
978593,978734
978798,978944
979006,979150
979212,979359
979408,979562
979598,979751
979790,979933
979980,980112
980166,980296
980354,980480
980542,980661
980728,980844
980917,981031
981110,981221
981308,981414
981504,981614
981704,981815
981906,982017
982107,982220
982311,982424
982517,982624
982718,982831
982919,983036
983114,983231
983298,983423
983483,983611
983672,983791
983855,983969
984036,984147
984220,984322
984400,984497
984579,984673
984778,984863
984960,985036
985142,985217
985329,985395
985520,985575
985711,985761
985905,985949
986103,986136
986299,986327
986494,986518
986689,986705
986875,986890
987055,987067
987239,987242
987424,987418
987605,987601
987793,987779
987982,987958
988173,988140
988368,988327
988569,988514
988772,988704
988975,988900
989180,989098
989385,989295
989594,989495
989806,989695
990018,989899
990230,990107
990441,990312
990643,990515
990836,990712
991026,990904
991217,991091
991421,991295
991602,991479
991783,991663
991962,991847
992141,992031
992323,992218
992508,992415
992699,992612
992892,992810
993084,993013
993286,993213
993492,993413
993696,993619
993906,993822
994114,994024
994314,994223
994503,994411
994695,994583
994888,994757
995077,994942
995269,995119
995458,995294
995647,995476
995838,995656
996034,995837
996231,996028
996430,996224
996631,996421
996832,996622
997038,996827
997250,997029
997458,997238
997670,997448
997879,997657
998110,997889
998307,998093
998502,998288
998696,998481
998880,998671
999062,998856
999242,999034
999422,999212
999603,999389
999786,999571
999972,999759
1000160,999947
1000353,1000139
1000550,1000339
1000750,1000539
1000952,1000739
1001154,1000944
1001354,1001148
1001555,1001349
1001755,1001549
1001944,1001742
1002129,1001923
1002318,1002099
1002503,1002280
1002688,1002462
1002876,1002642
1003064,1002827
1003253,1003010
1003445,1003195
1003638,1003386
1003834,1003580
1004031,1003774
1004251,1003986
1004451,1004177
1004654,1004372
1004859,1004569
1005066,1004767
1005275,1004967
1005482,1005174
1005681,1005379
1005873,1005577
1006061,1005771
1006249,1005960
1006434,1006145
1006618,1006325
1006800,1006502
1006985,1006678
1007166,1006857
1007350,1007035
1007537,1007215
1007727,1007401
1007919,1007589
1008114,1007779
1008310,1007972
1008508,1008168
1008708,1008362
1008904,1008558
1009100,1008748
1009295,1008933
1009483,1009113
1009656,1009284
1009833,1009444
1010032,1009619
1010213,1009786
1010393,1009952
1010575,1010118
1010756,1010285
1010936,1010457
1011119,1010633
1011305,1010813
1011491,1010997
1011681,1011182
1011875,1011367
1012068,1011560
1012264,1011756
1012464,1011949
1012665,1012147
1012864,1012350
1013062,1012548
1013251,1012744
1013429,1012937
1013609,1013126
1013789,1013310
1013966,1013492
1014141,1013671
1014320,1013849
1014496,1014032
1014676,1014214
1014861,1014396
1015050,1014584
1015241,1014777
1015439,1014968
1015660,1015183
1015865,1015384
1016072,1015587
1016279,1015790
1016486,1015993
1016694,1016192
1016891,1016386
1017080,1016569
1017273,1016743
1017465,1016915
1017654,1017095
1017843,1017275
1018031,1017454
1018217,1017638
1018400,1017828
1018585,1018018
1018771,1018211
1018957,1018407
1019146,1018601
1019334,1018799
1019526,1018999
1019722,1019194
1019919,1019393
1020116,1019595
1020314,1019793
1020506,1019983
1020685,1020170
1020867,1020350
1021047,1020528
1021223,1020703
1021416,1020890
1021590,1021056
1021760,1021227
1021932,1021397
1022106,1021566
1022281,1021740
1022460,1021917
1022642,1022094
1022825,1022274
1023013,1022457
1023201,1022642
1023394,1022825
1023585,1023009
1023779,1023193
1023974,1023374
1024159,1023554
1024338,1023729
1024519,1023897
1024700,1024069
1024876,1024245
1025051,1024419
1025224,1024594
1025396,1024772
1025568,1024951
1025741,1025132
1025919,1025315
1026100,1025500
1026285,1025683
1026472,1025864
1026659,1026049
1026867,1026253
1027063,1026434
1027256,1026619
1027447,1026809
1027638,1026995
1027822,1027176
1028002,1027354
1028179,1027531
1028353,1027707
1028524,1027877
1028695,1028044
1028867,1028214
1029039,1028385
1029214,1028555
1029391,1028731
1029569,1028909
1029749,1029090
1029927,1029273
1030109,1029453
1030292,1029633
1030473,1029815
1030657,1029993
1030842,1030170
1031027,1030347
1031216,1030522
1031400,1030695
1031572,1030863
1031748,1031022
1031929,1031179
1032108,1031345
1032305,1031531
1032488,1031702
1032669,1031879
1032850,1032059
1033032,1032235
1033210,1032411
1033386,1032586
1033564,1032754
1033740,1032919
1033914,1033086
1034090,1033255
1034270,1033425
1034452,1033598
1034633,1033773
1034814,1033951
1034995,1034125
1035167,1034295
1035332,1034458
1035492,1034611
1035651,1034762
1035811,1034912
1035972,1035059
1036131,1035205
1036288,1035354
1036443,1035505
1036598,1035657
1036753,1035806
1036906,1035956
1037057,1036109
1037207,1036262
1037373,1036431
1037523,1036585
1037676,1036739
1037829,1036895
1037982,1037055
1038139,1037213
1038298,1037370
1038455,1037525
1038603,1037669
1038744,1037803
1038881,1037931
1039020,1038063
1039160,1038196
1039297,1038331
1039429,1038471
1039557,1038612
1039684,1038748
1039810,1038882
1039932,1039017
1040056,1039150
1040180,1039281
1040304,1039415
1040429,1039550
1040555,1039684
1040684,1039818
1040815,1039952
1040949,1040087
1041083,1040223
1041216,1040357
1041350,1040489
1041475,1040614
1041606,1040742
1041718,1040850
1041828,1040953
1041938,1041059
1042053,1041161
1042167,1041264
1042277,1041372
1042385,1041476
1042484,1041577
1042581,1041677
1042672,1041777
1042759,1041871
1042844,1041963
1042929,1042055
1043011,1042146
1043095,1042236
1043180,1042325
1043266,1042415
1043352,1042505
1043440,1042591
1043531,1042675
1043624,1042759
1043720,1042843
1043814,1042925
1043905,1043002
1043989,1043075
1044067,1043146
1044146,1043214
1044225,1043283
1044304,1043356
1044388,1043438
1044459,1043510
1044527,1043577
1044589,1043640
1044649,1043697
1044705,1043750
1044758,1043802
1044808,1043851
1044853,1043895
1044895,1043939
1044935,1043976
1044967,1044011
1044995,1044042
1045017,1044065
1045034,1044086
1045051,1044105
1045068,1044124
1045086,1044144
1045104,1044162
1045121,1044178
1045138,1044193
1045155,1044207
1045173,1044221
1045189,1044235
1045201,1044248
1045210,1044259
1045219,1044270
1045231,1044274
1045245,1044267
1045257,1044270
1045269,1044275
