0,0
4,12
5,23
7,39
9,55
10,66
19,77
32,86
44,92
50,81
51,70
50,58
46,47
35,43
26,57
36,46
47,54
48,65
59,62
62,73
61,84
61,95
72,99
83,107
95,122
103,133
114,145
129,161
147,180
168,201
191,225
218,251
247,280
280,312
315,347
354,386
396,428
443,475
495,526
551,583
614,646
682,717
757,793
840,875
930,966
1027,1065
1134,1171
1249,1284
1371,1404
1498,1531
1632,1664
1771,1801
1913,1942
2059,2084
2204,2229
2353,2376
2505,2528
2660,2684
2820,2843
2982,3008
3324,3355
3498,3532
3677,3712
3862,3897
4052,4088
4247,4283
4450,4485
4658,4693
4871,4906
5087,5123
5304,5343
5521,5565
5737,5787
5954,6006
6176,6229
6402,6457
6629,6686
6857,6915
7086,7143
7317,7373
7552,7603
7791,7839
8032,8079
8277,8321
8524,8565
8774,8810
9025,9054
9276,9299
9524,9544
9767,9784
10008,10020
10250,10255
10495,10492
10737,10726
10977,10959
11219,11193
11463,11427
11705,11661
11944,11898
12184,12137
12428,12379
12674,12627
12918,12875
13159,13120
13426,13385
13662,13623
13896,13858
14139,14090
14384,14323
14623,14552
14854,14777
15083,15002
15316,15230
15550,15467
15786,15708
16026,15952
16269,16198
16515,16447
16762,16698
17012,16950
17262,17202
17510,17449
17756,17692
17996,17937
18237,18182
18473,18422
18707,18655
18942,18885
19180,19119
19424,19360
19671,19605
19919,19854
20177,20106
20441,20363
20712,20624
20984,20886
21255,21146
21520,21407
21784,21668
22054,21929
22318,22188
22575,22442
22824,22689
23071,22932
23348,23204
23601,23452
23858,23701
24116,23954
24382,24213
24650,24480
24920,24749
25185,25016
25447,25279
25711,25541
25974,25800
26236,26060
26493,26317
26747,26566
26994,26809
27237,27047
27484,27289
27734,27538
27985,27790
28238,28047
28498,28307
28762,28571
29028,28835
29291,29096
29551,29355
29811,29614
30068,29872
30328,30126
30585,30376
30836,30620
31081,30857
31321,31087
31562,31315
31805,31547
32054,31783
32309,32023
32568,32266
32833,32513
33101,32764
33392,33039
33652,33279
33914,33516
34172,33755
34428,33993
34684,34225
34933,34446
35176,34657
35415,34862
35655,35062
35894,35262
36135,35462
36384,35662
36639,35865
36904,36067
37173,36271
37447,36473
37722,36670
37998,36864
38269,37055
38536,37243
38804,37425
39064,37608
39323,37787
39581,37964
39840,38141
40102,38318
40369,38494
40640,38668
40913,38845
41193,39023
41477,39204
41763,39388
42049,39578
42334,39769
42617,39961
42896,40154
43171,40345
43443,40534
43741,40741
44007,40930
44275,41114
44544,41298
44813,41483
45083,41669
45356,41856
45627,42046
45899,42234
46168,42424
46435,42616
46699,42807
46958,42999
47213,43193
47467,43385
47720,43581
47969,43782
48214,43982
48455,44184
48695,44390
48927,44606
49173,44820
49414,45044
49658,45273
49904,45511
50151,45754
50394,45998
50634,46239
50878,46478
51120,46719
51364,46956
51607,47187
51851,47412
52100,47633
52356,47856
52619,48087
52886,48329
53157,48578
53428,48836
53703,49101
54008,49394
54280,49662
54549,49930
54818,50198
55088,50465
55360,50729
55630,50989
55897,51247
56171,51503
56450,51764
56738,52035
57034,52318
57337,52613
57644,52924
57956,53247
58265,53577
58575,53907
58884,54234
59197,54559
59508,54883
59812,55203
60108,55515
60400,55814
60684,56103
60972,56386
61271,56673
61586,56971
61911,57279
62250,57601
62591,57936
62935,58273
63272,58609
63601,58938
63927,59263
64254,59587
64580,59910
64894,60227
65201,60528
65507,60823
65856,61155
66179,61464
66512,61784
66856,62115
67200,62457
67544,62805
67886,63152
68224,63495
68556,63831
68878,64161
69196,64485
69506,64801
69807,65110
70101,65409
70393,65705
70693,66009
71000,66326
71319,66652
71644,66981
71969,67311
72294,67639
72611,67963
72926,68287
73234,68597
73537,68899
73834,69198
74120,69498
74402,69791
74690,70080
74978,70377
75279,70687
75591,71002
75909,71330
76237,71661
76569,71997
76901,72329
77227,72653
77550,72974
77877,73289
78200,73603
78554,73945
78865,74245
79171,74539
79473,74827
79777,75120
80090,75427
80413,75745
80741,76069
81075,76390
81412,76711
81749,77032
82085,77351
82414,77666
82739,77979
83059,78292
83371,78602
83671,78906
83961,79202
84248,79493
84531,79786
84834,80072
85144,80361
85461,80654
85785,80957
86113,81271
86441,81590
86761,81910
87072,82222
87375,82529
87673,82833
87956,83130
88230,83419
88500,83700
88773,83980
89054,84263
89344,84551
89639,84849
89943,85152
90251,85461
90594,85804
90902,86110
91204,86413
91504,86711
91801,87004
92096,87291
92382,87577
92663,87857
92945,88132
93233,88408
93527,88693
93828,88991
94135,89297
94444,89613
94756,89932
95068,90257
95380,90582
95690,90902
95997,91217
96301,91533
96600,91844
96891,92148
97176,92445
97463,92736
97752,93024
98050,93318
98356,93621
98671,93929
98992,94234
99316,94539
99641,94841
99965,95142
100285,95440
100600,95733
100907,96028
101214,96315
101506,96602
101791,96881
102073,97157
102391,97463
102686,97748
102988,98041
103295,98347
103609,98662
103920,98981
104230,99299
104532,99615
104826,99925
105129,100220
105425,100521
105717,100820
106002,101107
106277,101388
106551,101663
106824,101936
107101,102213
107384,102497
107673,102788
107967,103081
108271,103371
108579,103655
108889,103936
109199,104211
109508,104481
109816,104746
110124,105007
110423,105270
110719,105522
111015,105763
111319,105994
111627,106217
111944,106435
112269,106650
112601,106869
112974,107122
113314,107356
113652,107594
113987,107835
114323,108077
114658,108320
114988,108566
115307,108811
115617,109056
115917,109305
116215,109553
116512,109804
116811,110057
117113,110312
117419,110569
117732,110826
118049,111081
118364,111335
118676,111587
118980,111836
119276,112085
119571,112330
119865,112570
120153,112813
120437,113055
120713,113292
120991,113527
121272,113761
121562,113996
121859,114231
122161,114469
122466,114711
122775,114952
123077,115195
123405,115461
123694,115696
123982,115931
124271,116165
124559,116396
124846,116631
125135,116867
125424,117109
125715,117357
126004,117616
126294,117882
126586,118151
126884,118425
127184,118702
127485,118979
127779,119254
128067,119528
128352,119802
128635,120077
128921,120345
129205,120614
129486,120882
129768,121150
130058,121419
130356,121694
130665,121977
130980,122269
131298,122563
131615,122854
131927,123141
132234,123423
132535,123702
132832,123972
133124,124240
133441,124534
133719,124796
133987,125054
134253,125309
134522,125566
134797,125824
135074,126091
135362,126365
135654,126646
135948,126931
136246,127218
136539,127505
136827,127791
137113,128076
137394,128361
137669,128643
137935,128924
138194,129203
138449,129482
138707,129763
138971,130048
139246,130342
139533,130636
139825,130931
140122,131226
140422,131522
140722,131818
141020,132108
141315,132389
141606,132670
141894,132944
142177,133205
142457,133457
142739,133704
143056,133980
143351,134238
143652,134507
143955,134787
144259,135075
144559,135368
144852,135666
145140,135966
145422,136263
145701,136552
145980,136831
146257,137103
146529,137370
146798,137632
147065,137894
147339,138159
147621,138431
147911,138714
148208,139009
148512,139312
148822,139619
149135,139927
149438,140232
149734,140531
150025,140824
150312,141112
150591,141395
150866,141671
151135,141938
151401,142199
151667,142458
151934,142722
152210,142993
152492,143274
152816,143595
153112,143889
153412,144186
153710,144481
154007,144770
154296,145054
154587,145337
154878,145619
155166,145902
155447,146182
155724,146462
156002,146743
156289,147027
156582,147319
156883,147618
157188,147918
157495,148222
157805,148523
158111,148829
158416,149129
158714,149421
159003,149709
159287,149995
159565,150279
159837,150559
160104,150834
160371,151106
160647,151378
160930,151652
161219,151933
161511,152222
161809,152516
162106,152811
162399,153108
162722,153435
163008,153728
163294,154021
163585,154311
163874,154599
164159,154883
164438,155160
164712,155433
164985,155708
165263,155989
165550,156279
165842,156572
166133,156870
166427,157171
166724,157476
167019,157785
167311,158094
167599,158401
167888,158704
168174,159006
168455,159302
168731,159590
169001,159872
169267,160150
169536,160428
169811,160714
170096,161008
170389,161308
170688,161610
170990,161914
171296,162220
171603,162524
171905,162826
172202,163122
172532,163445
172832,163734
173128,164017
173411,164289
173691,164552
173974,164815
174261,165084
174552,165358
174844,165635
175137,165916
175432,166198
175726,166483
176014,166766
176298,167044
176577,167320
176854,167595
177130,167869
177403,168138
177668,168399
177928,168649
178185,168897
178449,169148
178720,169410
178995,169681
179276,169957
179563,170239
179856,170525
180150,170810
180441,171092
180722,171375
181004,171657
181289,171939
181577,172220
181862,172494
182141,172763
182446,173059
182731,173328
183019,173605
183314,173891
183616,174182
183925,174481
184239,174784
184555,175091
184867,175395
185176,175692
185480,175983
185783,176273
186082,176567
186376,176858
186663,177138
186948,177413
187231,177687
187516,177965
187804,178243
188094,178525
188388,178809
188684,179096
188982,179382
189279,179668
189572,179954
189858,180229
190136,180498
190414,180765
190688,181034
190953,181298
191216,181554
191478,181806
191745,182061
192015,182324
192322,182623
192602,182900
192888,183187
193181,183480
193477,183779
193776,184077
194072,184373
194365,184666
194655,184956
194934,185236
195200,185503
195461,185761
195722,186015
195993,186267
196269,186525
196551,186792
196838,187069
197134,187352
197429,187639
197725,187929
198018,188219
198304,188507
198586,188791
198863,189068
199139,189337
199411,189603
199675,189867
199934,190126
200198,190387
200468,190654
200746,190931
201032,191217
201325,191508
201622,191806
201956,192137
202254,192434
202551,192723
202846,193007
203139,193286
203430,193561
203715,193834
203990,194107
204260,194375
204528,194644
204795,194916
205066,195198
205340,195484
205620,195769
205902,196055
206189,196340
206475,196630
206761,196916
207039,197202
207316,197488
207588,197773
207859,198053
208119,198329
208376,198602
208622,198870
208869,199132
209120,199385
209391,199639
209653,199899
209923,200173
210178,200442
210435,200706
210701,200959
210979,201217
211266,201528
211524,201808
211788,202056
212036,202304
212286,202542
212531,202777
212771,203009
213025,203249
213285,203498
213546,203762
213821,204034
214098,204304
214375,204576
214656,204851
214936,205127
215218,205399
215495,205671
215770,205943
216048,206216
216325,206493
216594,206771
216859,207044
217126,207311
217395,207583
217671,207862
217955,208149
218244,208440
218538,208733
218838,209027
219137,209326
219438,209623
219737,209914
220035,210201
220330,210488
220652,210805
220931,211085
221200,211353
221459,211614
221721,211877
221986,212148
222256,212430
222533,212722
222814,213019
223100,213320
223389,213619
223678,213915
223962,214206
224244,214488
224523,214759
224802,215023
225080,215287
225356,215549
225628,215801
225902,216046
226180,216299
226465,216563
226759,216843
227062,217135
227372,217438
227687,217745
228006,218058
228323,218371
228632,218677
228935,218975
229234,219271
229527,219563
229813,219847
230091,220126
230395,220431
230670,220706
230947,220988
231223,221281
231503,221579
231786,221879
232074,222178
232362,222475
232654,222767
232946,223055
233239,223339
233528,223623
233823,223907
234115,224192
234402,224471
234684,224748
234965,225029
235250,225319
235542,225615
235835,225920
236130,226230
236428,226539
236727,226847
237028,227154
237328,227458
237624,227754
237917,228050
238205,228343
238487,228629
238760,228903
239024,229169
239286,229430
239548,229694
239814,229969
240108,230284
240379,230569
240650,230857
240925,231144
241201,231426
241478,231704
241756,231971
242029,232238
242305,232510
242583,232782
242858,233053
243123,233315
243386,233570
243650,233829
243919,234099
244196,234376
244479,234658
244770,234953
245068,235257
245369,235567
245666,235879
245962,236180
246254,236473
246546,236762
246833,237056
247117,237349
247395,237637
247666,237916
247930,238189
248197,238458
248465,238729
248736,239003
249013,239285
249295,239574
249614,239905
249908,240202
250200,240499
250490,240794
250779,241081
251069,241365
251364,241640
251658,241912
251951,242184
252235,242454
252515,242718
252795,242985
253084,243260
253378,243545
253681,243838
253989,244140
254303,244454
254620,244777
254939,245103
255250,245430
255561,245750
255869,246068
256176,246377
256477,246677
256772,246970
257066,247260
257358,247547
257652,247844
257948,248143
258243,248443
258541,248739
258836,249034
259128,249329
259416,249623
259699,249913
260005,250229
260280,250510
260552,250782
260821,251048
261083,251309
261342,251560
261602,251809
261871,252061
262143,252326
262423,252603
262713,252889
263010,253183
263316,253481
263620,253787
263924,254098
264223,254403
264517,254696
264803,254981
265087,255257
265361,255526
265630,255784
265894,256034
266160,256282
266431,256540
266709,256808
266990,257084
267274,257366
267564,257649
267857,257938
268152,258226
268437,258512
268719,258794
268995,259069
269268,259336
269564,259629
269826,259884
270082,260133
270339,260375
270600,260619
270868,260871
271144,261134
271429,261406
271720,261685
272011,261971
272309,262261
272608,262551
272906,262841
273200,263127
273489,263409
273768,263686
274040,263959
274299,264230
274547,264492
274788,264747
275026,264999
275267,265248
275517,265497
275776,265749
276042,266005
276315,266266
276588,266531
276857,266793
277123,267049
277383,267301
277638,267551
277889,267791
278130,268023
278360,268254
278615,268503
278846,268729
279082,268961
279328,269201
279582,269449
279846,269703
280118,269961
280398,270223
280681,270490
280964,270758
281244,271026
281518,271289
281786,271540
282046,271787
282302,272027
282551,272263
282796,272496
283042,272728
283290,272959
283543,273190
283796,273427
284054,273666
284317,273904
284583,274145
284853,274382
285124,274622
285394,274859
285658,275093
285916,275321
286169,275542
286419,275757
286664,275968
286903,276179
287140,276385
287400,276609
287640,276814
287884,277023
288135,277241
288394,277463
288655,277694
288922,277931
289198,278176
289473,278428
289743,278679
290009,278929
290272,279175
290530,279418
290781,279655
291023,279892
291263,280126
291505,280356
291750,280590
292004,280831
292269,281077
292538,281331
292814,281591
293095,281853
293376,282117
293655,282385
293929,282651
294198,282919
294463,283186
294727,283449
294988,283708
295246,283968
295501,284223
295754,284475
296008,284727
296297,285007
296567,285267
296847,285533
297136,285801
297428,286070
297721,286336
298013,286609
298291,286883
298563,287150
298821,287416
299073,287679
299314,287942
299547,288200
299775,288447
300000,288691
300231,288937
300464,289189
300703,289447
300947,289714
301195,289982
301450,290257
301711,290530
301975,290803
302239,291075
302495,291350
302744,291627
302981,291903
303208,292178
303428,292450
303644,292722
303864,292989
304088,293257
304320,293527
304560,293798
304839,294098
305100,294369
305366,294648
305638,294930
305912,295213
306182,295497
306454,295774
306723,296047
306989,296315
307253,296581
307513,296842
307770,297104
308027,297369
308285,297639
308545,297919
308811,298206
309086,298493
309367,298778
309648,299069
309930,299363
310206,299655
310476,299943
310741,300225
311004,300506
311270,300784
311531,301052
311781,301309
312024,301557
312268,301803
312513,302056
312764,302319
313027,302593
313297,302877
313577,303173
313987,303603
314285,303909
314584,304214
314882,304514
315168,304810
315441,305092
315701,305357
315952,305608
316200,305851
316449,306098
316706,306356
316974,306630
317251,306913
317534,307202
317824,307496
318113,307794
318408,308085
318697,308369
318975,308645
319246,308916
319516,309179
319781,309433
320035,309680
320284,309925
320532,310174
320789,310433
321055,310702
321332,310979
321618,311263
321911,311554
322208,311850
322508,312152
322809,312455
323109,312759
323410,313056
323742,313383
324035,313675
324322,313960
324600,314234
324871,314499
325134,314758
325395,315015
325662,315276
325935,315546
326216,315823
326502,316113
326795,316406
327090,316702
327388,317000
327687,317299
327987,317599
328286,317896
328580,318188
328870,318478
329154,318760
329427,319035
329698,319306
329972,319577
330255,319854
330547,320136
330848,320426
331156,320720
331467,321021
331776,321326
332080,321630
332378,321931
332672,322225
332959,322514
333238,322797
333537,323103
333802,323376
334060,323647
334318,323923
334582,324202
334853,324481
335132,324764
335421,325051
335719,325340
336022,325630
336324,325920
336622,326213
336912,326504
337200,326789
337484,327070
337767,327344
338045,327612
338321,327875
338598,328139
338878,328405
339163,328678
339453,328961
339746,329248
340042,329538
340340,329828
340636,330121
340930,330415
341222,330706
341508,330993
341789,331275
342062,331551
342325,331824
342582,332089
342840,332353
343131,332652
343398,332925
343666,333205
343936,333491
344212,333780
344486,334067
344759,334351
345027,334626
345287,334896
345541,335161
345798,335425
346052,335686
346299,335943
346544,336199
346786,336455
347034,336716
347295,336982
347567,337259
347847,337546
348136,337844
348429,338148
348719,338456
349007,338759
349289,339053
349567,339335
349839,339606
350103,339869
350357,340124
350603,340367
350842,340606
351079,340847
351328,341096
351585,341355
351851,341629
352157,341942
352437,342231
352720,342523
353002,342818
353281,343110
353552,343401
353820,343687
354082,343967
354344,344238
354606,344503
354865,344765
355119,345021
355367,345271
355612,345519
355858,345772
356113,346035
356374,346310
356645,346591
356929,346877
357219,347166
357509,347452
357797,347734
358082,348012
358358,348289
358627,348560
358885,348826
359136,349084
359380,349336
359622,349585
359864,349836
360108,350091
360356,350350
360604,350617
360861,350888
361151,351193
361417,351473
361684,351755
361948,352037
362209,352317
362470,352595
362731,352869
362988,353135
363239,353395
363480,353646
363720,353893
363964,354143
364219,354399
364484,354660
364760,354930
365043,355208
365331,355491
365621,355781
365911,356069
366197,356351
366480,356627
366758,356903
367030,357176
367298,357449
367561,357714
367821,357969
368083,358219
368346,358471
368612,358731
368884,359004
369162,359289
369448,359579
369738,359871
370032,360159
370357,360464
370655,360730
370955,360987
371257,361240
371555,361492
371850,361747
372139,362008
372422,362271
372697,362533
372970,362793
373239,363053
373511,363317
373782,363585
374051,363859
374317,364145
374579,364439
374836,364735
375089,365020
375345,365283
375599,365533
375855,365770
376112,366000
376368,366228
376623,366458
376877,366691
377135,366930
377392,367180
377654,367439
377924,367703
378198,367970
378477,368235
378756,368504
379039,368777
379321,369051
379631,369352
379899,369625
380167,369896
380436,370162
380704,370424
380969,370676
381234,370919
381500,371158
381770,371400
382046,371643
382327,371891
382616,372146
382910,372411
383209,372685
383512,372966
383812,373248
384111,373532
384404,373819
384690,374109
384973,374399
385252,374688
385529,374972
385804,375252
386076,375527
386346,375801
386617,376078
386889,376354
387163,376635
387439,376918
387716,377200
387995,377482
388274,377760
388552,378033
388825,378305
389127,378602
389398,378862
389662,379120
389923,379374
390181,379623
390440,379871
390702,380122
390970,380375
391240,380637
391516,380905
391792,381181
392071,381466
392354,381755
392637,382045
392921,382331
393201,382614
393479,382891
393757,383167
394031,383438
394300,383709
394567,383977
394833,384241
395100,384505
395367,384774
395637,385040
395908,385311
396180,385585
396455,385852
396730,386114
397004,386378
397271,386640
397537,386898
397802,387151
398068,387399
398332,387646
398624,387922
398885,388170
399144,388416
399407,388665
399672,388917
399943,389172
400219,389434
400500,389699
400788,389968
401082,390242
401374,390521
401659,390800
401940,391083
402213,391369
402483,391655
402747,391939
403008,392217
403262,392495
403512,392769
403757,393038
404002,393306
404250,393576
404501,393843
404758,394104
405021,394362
405291,394614
405564,394861
405839,395100
406108,395332
406371,395563
406634,395796
406897,396034
407153,396277
407400,396515
407664,396772
407903,397001
408143,397234
408391,397470
408644,397711
408900,397957
409166,398207
409441,398458
409720,398710
410003,398959
410285,399207
410565,399451
410841,399688
411111,399920
411379,400147
411641,400368
411897,400586
412152,400802
412406,401016
412661,401231
412919,401451
413178,401675
413439,401901
413704,402127
413976,402352
414249,402578
414525,402800
414798,403020
415069,403237
415339,403451
415610,403662
415878,403871
416141,404079
416399,404285
416678,404506
416934,404702
417194,404901
417458,405098
417729,405297
418006,405497
418286,405698
418570,405898
418854,406099
419137,406299
419418,406494
419698,406682
419970,406864
420235,407042
420492,407218
420748,407395
421006,407574
421266,407757
421525,407948
421786,408146
422051,408351
422320,408565
422589,408787
422861,409009
423131,409234
423397,409466
423658,409702
423918,409938
424178,410176
424438,410418
424696,410657
424952,410894
425209,411130
425464,411365
425753,411619
426023,411845
426303,412069
426592,412290
426883,412512
427169,412738
427459,412967
427747,413198
428026,413432
428301,413667
428569,413901
428833,414136
429091,414372
429344,414606
429591,414839
429838,415070
430087,415302
430339,415536
430593,415771
430853,416009
431115,416249
431380,416494
431648,416742
431920,416993
432188,417247
432448,417504
432702,417761
432954,418020
433206,418276
433454,418527
433697,418773
433936,419021
434173,419268
434417,419513
434697,419787
434959,420042
435227,420303
435501,420572
435779,420848
436063,421121
436350,421389
436634,421653
436916,421913
437193,422169
437461,422423
437723,422671
437976,422913
438223,423151
438467,423383
438711,423612
438955,423846
439204,424089
439460,424339
439718,424594
439976,424859
440239,425126
440502,425392
440765,425660
441027,425923
441282,426178
441535,426424
441780,426663
442031,426896
442274,427131
442516,427366
442758,427597
442999,427830
443243,428069
443515,428338
443771,428584
444031,428836
444294,429096
444557,429363
444821,429636
445086,429908
445346,430177
445608,430439
445862,430704
446118,430959
446368,431210
446614,431458
446855,431703
447095,431948
447338,432194
447584,432445
447834,432699
448089,432952
448351,433205
448616,433461
448884,433723
449154,433984
449420,434243
449683,434502
449944,434757
450203,435009
450463,435258
450718,435508
450967,435753
451215,435996
451468,436239
451724,436483
451984,436736
452278,437022
452545,437284
452815,437552
453085,437823
453354,438094
453620,438366
453882,438636
454139,438903
454394,439172
454641,439439
454892,439707
455137,439964
455381,440217
455626,440467
455872,440718
456118,440972
456363,441223
456608,441474
456855,441723
457103,441970
457354,442218
457606,442462
457860,442703
458112,442946
458363,443194
458619,443440
458878,443680
459136,443916
459395,444149
459650,444386
459905,444626
460160,444867
460417,445106
460675,445346
460931,445594
461214,445876
461468,446134
461726,446391
461982,446651
462234,446915
462487,447178
462737,447439
462979,447696
463216,447961
463452,448229
463685,448500
463921,448773
464163,449046
464408,449322
464658,449598
464916,449871
465183,450140
465457,450407
465734,450674
466012,450941
466287,451205
466560,451465
466826,451727
467091,451988
467357,452243
467620,452497
467884,452750
468150,452999
468412,453244
468670,453494
468934,453746
469203,454004
469473,454269
469748,454538
470061,454837
470348,455107
470634,455380
470916,455650
471191,455920
471464,456189
471734,456454
471995,456715
472247,456972
472495,457226
472742,457476
472990,457728
473240,457979
473490,458234
473747,458490
474010,458746
474280,459003
474554,459262
474833,459521
475111,459777
475384,460035
475654,460291
475920,460546
476186,460796
476446,461045
476700,461294
476950,461540
477198,461784
477448,462029
477706,462275
477967,462527
478232,462781
478503,463042
478778,463308
479086,463606
479367,463875
479650,464141
479931,464405
480212,464666
480487,464923
480750,465174
481006,465421
481259,465663
481512,465903
481765,466145
482022,466388
482282,466632
482548,466877
482818,467122
483090,467370
483365,467620
483640,467871
483913,468120
484182,468363
484444,468602
484704,468831
484957,469054
485204,469272
485446,469484
485687,469691
485934,469897
486187,470107
486447,470321
486715,470538
486991,470757
487273,470980
487562,471203
487850,471426
488170,471670
488455,471886
488738,472097
489016,472302
489286,472500
489547,472694
489804,472886
490058,473076
490309,473265
490565,473453
490823,473643
491083,473837
491342,474030
491604,474224
491862,474419
492115,474618
492365,474819
492607,475019
492843,475221
493072,475421
493294,475615
493510,475811
493725,476008
493942,476205
494163,476402
494394,476603
494630,476811
494871,477023
495113,477240
495357,477461
495603,477685
495849,477912
496090,478139
496328,478362
496591,478603
496833,478817
497076,479022
497310,479223
497542,479420
497775,479617
498012,479815
498252,480019
498495,480227
498746,480439
499005,480651
499271,480868
499543,481084
499814,481303
500080,481523
500342,481741
500600,481958
500859,482174
501115,482387
501366,482601
501611,482817
501855,483034
502098,483251
502344,483469
502598,483686
502862,483906
503130,484129
503403,484355
503677,484586
503948,484825
504219,485066
504486,485308
504749,485547
505010,485785
505295,486044
505554,486276
505807,486511
506055,486749
506300,486990
506546,487233
506792,487480
507038,487731
507291,487986
507549,488243
507811,488503
508081,488763
508357,489023
508635,489281
508910,489539
509183,489794
509450,490043
509714,490286
509971,490529
510222,490772
510468,491011
510713,491246
510959,491482
511209,491726
511469,491974
511734,492226
512004,492480
512280,492734
512560,492990
512840,493246
513121,493502
513400,493752
513674,494002
513939,494247
514218,494519
514463,494770
514707,495022
514951,495273
515196,495524
515445,495776
515702,496030
515963,496286
516231,496545
516499,496805
516767,497067
517036,497327
517300,497585
517561,497838
517814,498087
518064,498329
518307,498565
518541,498803
518771,499041
519001,499274
519235,499506
519475,499740
519724,499979
519986,500222
520255,500466
520530,500715
520806,500967
521084,501223
521359,501482
521625,501742
521889,501998
522148,502253
522400,502506
522645,502759
522911,503039
523146,503292
523383,503545
523624,503800
523867,504062
524115,504329
524370,504597
524635,504865
524907,505133
525182,505401
525459,505668
525735,505934
526013,506199
526287,506467
526563,506730
526833,506992
527099,507256
527361,507518
527624,507777
527891,508035
528161,508299
528437,508566
528714,508838
528994,509115
529275,509393
529563,509670
529851,509949
530137,510226
530419,510501
530695,510772
530965,511040
531225,511307
531479,511573
531732,511836
531988,512095
532277,512382
532545,512644
532819,512909
533098,513179
533377,513453
533655,513728
533932,514002
534204,514278
534472,514549
534735,514818
534994,515083
535250,515343
535504,515604
535752,515869
535998,516131
536245,516389
536498,516650
536760,516916
537032,517186
537316,517462
537606,517743
537903,518030
538202,518322
538497,518619
538791,518912
539080,519204
539366,519492
539648,519775
539924,520053
540195,520329
540464,520597
540730,520864
541000,521131
541277,521404
541592,521712
541884,521994
542181,522277
542480,522560
542782,522845
543079,523130
543370,523412
543654,523689
543931,523960
544202,524221
544467,524478
544726,524732
544986,524984
545244,525235
545501,525491
545761,525752
546024,526017
546291,526286
546561,526558
546837,526833
547113,527109
547389,527387
547664,527662
547933,527941
548198,528218
548459,528489
548711,528756
548958,529018
549203,529275
549451,529530
549703,529788
549962,530050
550223,530316
550493,530586
550797,530887
551076,531162
551359,531434
551640,531701
551920,531966
552196,532233
552474,532494
552746,532754
553008,533011
553260,533267
553510,533521
553764,533773
554025,534027
554291,534285
554562,534549
554838,534814
555113,535082
555389,535355
555663,535629
555932,535902
556197,536171
556461,536437
556720,536699
556975,536961
557225,537218
557467,537473
557708,537724
557952,537976
558199,538233
558453,538495
558713,538758
558979,539021
559250,539284
559526,539549
559831,539844
560102,540107
560369,540369
560631,540630
560895,540887
561157,541139
561414,541389
561668,541641
561924,541892
562182,542146
562439,542406
562701,542671
562967,542941
563237,543213
563510,543486
563787,543759
564064,544035
564343,544310
564615,544583
564881,544852
565141,545115
565393,545371
565639,545623
565883,545873
566128,546122
566377,546370
566630,546621
566887,546879
567148,547140
567415,547402
567685,547666
567955,547932
568228,548199
568502,548463
568800,548754
569065,549014
569325,549269
569579,549518
569828,549769
570071,550018
570314,550267
570559,550513
570810,550762
571068,551015
571334,551272
571607,551532
571881,551796
572156,552063
572432,552329
572704,552594
572973,552852
573238,553104
573499,553351
573758,553596
574013,553837
574257,554075
574496,554313
574734,554549
574972,554785
575211,555025
575455,555268
575705,555515
575955,555765
576209,556017
576465,556268
576720,556521
576970,556772
577217,557020
577484,557293
577725,557535
577967,557774
578206,558010
578440,558245
578675,558476
578908,558707
579143,558940
579383,559178
579630,559423
579883,559673
580143,559927
580408,560187
580675,560447
580937,560706
581196,560962
581447,561216
581695,561465
581938,561710
582173,561952
582403,562190
582632,562427
582865,562663
583103,562899
583349,563142
583604,563391
583862,563648
584122,563907
584384,564170
584646,564433
584908,564695
585167,564955
585422,565210
585670,565466
585944,565739
586188,565983
586425,566227
586658,566471
586890,566711
587122,566948
587359,567189
587601,567434
587849,567682
588102,567935
588362,568191
588624,568453
588887,568720
589152,568988
589415,569253
589677,569513
589937,569768
590197,570018
590452,570266
590704,570511
590950,570756
591195,571001
591443,571247
591695,571499
591949,571755
592209,572018
592476,572281
592750,572545
593027,572812
593303,573079
593576,573350
593848,573619
594113,573888
594372,574154
594630,574415
594913,574697
595162,574951
595405,575202
595646,575449
595886,575698
596127,575952
596375,576209
596631,576468
596891,576730
597156,576995
597430,577263
597707,577533
597985,577803
598264,578072
598541,578340
598817,578608
599087,578875
599349,579140
599605,579400
599855,579654
600098,579905
600341,580154
600586,580403
600832,580656
601082,580913
601335,581171
601589,581429
601846,581687
602110,581945
602373,582203
602634,582459
602892,582711
603147,582959
603401,583202
604009,583803
604255,584037
604503,584270
604753,584510
605013,584750
605278,584995
605548,585249
605819,585510
606095,585771
606374,586037
606647,586306
606920,586569
607193,586825
607465,587082
607733,587339
607997,587592
608251,587845
608497,588098
608740,588347
608981,588593
609228,588840
609480,589089
609739,589339
610004,589592
610277,589847
610553,590107
610830,590370
611107,590631
611378,590888
611645,591140
611914,591386
612171,591627
612421,591865
612663,592102
612926,592362
613162,592593
613405,592828
613652,593068
613904,593314
614161,593562
614420,593815
614682,594073
614945,594332
615206,594594
615463,594854
615720,595112
615974,595371
616224,595625
616470,595873
616715,596115
616954,596354
617195,596588
617440,596822
617684,597061
617932,597304
618187,597552
618443,597801
618701,598052
618963,598303
619228,598553
619489,598803
619748,599050
620004,599296
620261,599541
620520,599784
620775,600029
621025,600268
621273,600502
621549,600755
621802,600987
622057,601224
622317,601463
622576,601707
622836,601952
623098,602202
623358,602458
623616,602717
623871,602974
624124,603229
624379,603484
624634,603742
624884,603999
625130,604255
625378,604508
625627,604765
625878,605023
626132,605286
626390,605554
626651,605819
626916,606082
627183,606345
627450,606610
627721,606871
627990,607130
628251,607387
628512,607638
628772,607885
629031,608130
629285,608379
629538,608631
629788,608886
630039,609141
630321,609431
630579,609700
630840,609968
631106,610239
631375,610506
631648,610776
631922,611045
632193,611313
632462,611575
632732,611835
632996,612100
633258,612359
633518,612612
633771,612858
634026,613102
634283,613345
634540,613597
634798,613857
635064,614122
635331,614392
635599,614665
635872,614941
636147,615215
636420,615487
636691,615755
636958,616023
637224,616288
637496,616554
637764,616824
638026,617087
638287,617339
638546,617586
638803,617836
639063,618090
639354,618374
639617,618636
639887,618900
640157,619171
640423,619444
640689,619715
640950,619982
641207,620244
641459,620501
641706,620754
641947,621005
642184,621247
642419,621487
642651,621727
642889,621964
643130,622203
643374,622445
643622,622691
643875,622939
644130,623189
644386,623441
644646,623690
644906,623942
645162,624190
645414,624427
645663,624661
645913,624885
646163,625111
646406,625339
646643,625562
646874,625781
647109,625999
647348,626226
647592,626458
647870,626725
648126,626975
648386,627228
648652,627485
648918,627746
649182,628008
649444,628269
649708,628524
649962,628780
650208,629034
650445,629276
650667,629508
650880,629730
651082,629940
651274,630141
651460,630336
651640,630525
651822,630710
652006,630894
652188,631082
652375,631273
652562,631462
652748,631650
652929,631832
653100,632006
653264,632173
653424,632331
653579,632483
653726,632631
653863,632774
653996,632913
654133,633050
654276,633190
654424,633338
654592,633506
654750,633667
654913,633833
655080,634002
655248,634177
655416,634353
655581,634532
655746,634712
655910,634894
656068,635074
656223,635251
656376,635425
656531,635599
656686,635776
656843,635953
656998,636129
657153,636303
657311,636475
657472,636647
657636,636818
657799,636990
657962,637160
658125,637328
658290,637494
658453,637657
658615,637817
658774,637971
658931,638124
659087,638273
659236,638421
659374,638562
659502,638689
659623,638803
659737,638909
659841,639009
659953,639112
660057,639202
660164,639295
660276,639388
660393,639486
660517,639588
660648,639697
660788,639814
660935,639940
661091,640075
661255,640220
661428,640373
661609,640537
661797,640711
661995,640895
662202,641084
662411,641276
662620,641476
662828,641680
663040,641887
663259,642096
663480,642307
663698,642525
663924,642741
664159,642960
664400,643187
664648,643418
664905,643651
665166,643891
665432,644132
665694,644377
665955,644624
666213,644873
666471,645123
666754,645395
667002,645645
667244,645899
667482,646152
667718,646401
667955,646646
668191,646897
668432,647145
668680,647390
668935,647632
669195,647880
669463,648130
669735,648380
670004,648630
670271,648877
670533,649121
670790,649360
671034,649596
671268,649835
671496,650071
671720,650308
671947,650543
672177,650780
672411,651018
672652,651257
672902,651496
673164,651735
673435,651977
673707,652226
673978,652474
674243,652727
674505,652980
674758,653234
675005,653482
675274,653749
675510,653986
675739,654224
675972,654451
676208,654676
676448,654906
676696,655143
676953,655383
677216,655628
677482,655875
677750,656122
678016,656373
678275,656630
678527,656884
678779,657132
679030,657377
679275,657622
679514,657866
679748,658110
679976,658353
680205,658589
680436,658826
680670,659067
680911,659311
681162,659556
681418,659804
681680,660054
681946,660305
682212,660557
682476,660809
682740,661057
682997,661306
683249,661555
683501,661799
683771,662066
684006,662317
684237,662565
684470,662809
684703,663054
684938,663301
685183,663545
685435,663791
685691,664040
685948,664287
686206,664536
686467,664787
686720,665037
686967,665277
687208,665509
687452,665736
687692,665958
687921,666184
688145,666409
688369,666630
688594,666849
688823,667074
689057,667305
689300,667542
689550,667782
689808,668027
690072,668273
690337,668522
690602,668770
690867,669017
691127,669260
691379,669505
691628,669747
691872,669984
692137,670246
692371,670480
692604,670708
692840,670939
693079,671172
693325,671409
693574,671647
693828,671890
694084,672136
694338,672385
694593,672634
694846,672884
695097,673130
695344,673375
695592,673617
695838,673857
696076,674095
696308,674336
696533,674575
696753,674814
696979,675048
697210,675282
697445,675521
697684,675765
697930,676008
698184,676254
698436,676503
698690,676756
698943,677011
699190,677267
699434,677523
699678,677776
699924,678026
700166,678276
700429,678553
700662,678802
700896,679048
701135,679293
701376,679545
701621,679797
701873,680049
702131,680297
702391,680548
702653,680798
702917,681045
703174,681290
703425,681536
703673,681775
703914,682009
704154,682237
704393,682462
704630,682683
704862,682905
705097,683126
705339,683347
705582,683574
705825,683803
706071,684036
706313,684273
706559,684514
706809,684753
707057,684993
707300,685233
707541,685470
707780,685705
708018,685935
708252,686163
708480,686393
708726,686648
708946,686878
709174,687104
709407,687331
709645,687563
709886,687801
710139,688038
710395,688278
710652,688521
710912,688766
711168,689010
711423,689252
711681,689486
711935,689719
712184,689948
712429,690172
712671,690395
712907,690619
713142,690842
713381,691066
713619,691292
713858,691526
714103,691758
714351,691992
714602,692226
714857,692461
715113,692699
715364,692938
715613,693174
715855,693410
716089,693643
716320,693867
716547,694088
716768,694311
716985,694532
717229,694766
717453,694985
717683,695209
717918,695434
718153,695665
718387,695901
718621,696142
718856,696386
719089,696630
719319,696877
719548,697119
719775,697361
720003,697599
720231,697833
720454,698066
720672,698299
720883,698526
721091,698751
721303,698974
721517,699198
721734,699424
721955,699650
722178,699878
722406,700105
722641,700330
722878,700556
723113,700783
723342,701009
723566,701234
723788,701453
724008,701667
724222,701876
724430,702088
724636,702299
724863,702531
725069,702742
725278,702956
725488,703169
725702,703384
725920,703604
726147,703825
726378,704050
726612,704275
726844,704501
727074,704726
727300,704947
727517,705163
727722,705373
727920,705578
728112,705777
728301,705978
728493,706177
728687,706373
728885,706569
729085,706768
729285,706972
729490,707174
729697,707374
729906,707574
730114,707774
730320,707974
730521,708173
730719,708371
730914,708566
731102,708756
731285,708939
731465,709114
731636,709290
731818,709479
731979,709643
732142,709803
732304,709962
732468,710122
732635,710280
732806,710441
732979,710604
733154,710769
733329,710935
733501,711100
733668,711263
733830,711422
733987,711578
734138,711731
734284,711878
734429,712024
734570,712170
734709,712313
734848,712455
734987,712598
735124,712741
735264,712882
735403,713022
735539,713163
735674,713303
735810,713438
735947,713572
736085,713706
736222,713837
736356,713965
736493,714089
736626,714212
736755,714336
736895,714470
737022,714589
737154,714708
737292,714832
737433,714962
737574,715095
737713,715229
737852,715368
737991,715510
738132,715652
738272,715794
738410,715939
738549,716085
738690,716229
738833,716377
738980,716527
739130,716680
739284,716839
739442,716999
739602,717162
739762,717328
739922,717494
740077,717662
740232,717828
740386,717991
740540,718150
740696,718309
740853,718468
741008,718625
741162,718782
741315,718935
741466,719084
741614,719231
741758,719376
741914,719531
742058,719673
742203,719814
742351,719958
742501,720107
742653,720259
742805,720414
742958,720569
743110,720724
743260,720877
743408,721023
743559,721162
743711,721303
743862,721445
744009,721589
744155,721730
744302,721868
744449,722005
744593,722144
744735,722281
744874,722418
745014,722558
745155,722691
745293,722830
745437,722966
745584,723102
745730,723243
745873,723385
746017,723527
746159,723668
746300,723810
746437,723950
746569,724086
746700,724218
746842,724362
746966,724494
747091,724623
747215,724751
747332,724881
747452,725003
747569,725126
747681,725250
747793,725367
747902,725483
748010,725597
748119,725706
748228,725812
748338,725918
748447,726022
748555,726122
748660,726219
748763,726311
748859,726400
748948,726483
749031,726559
749108,726626
749176,726685
749234,726736
749280,726778
749322,726813
749361,726844
749398,726874
749434,726903
749469,726931
749502,726959
749530,726985
749552,727007
749570,727025
749584,727041
749603,727056
749616,727065
749628,727071
749641,727075
749654,727078
749668,727080
749672,727091
749680,727104
749694,727115
749705,727117
749716,727115
749705,727108
749694,727113
749708,727120
749721,727122
749734,727117
749746,727119
749757,727124
749770,727127
749782,727129
749780,727117
749793,727107
749804,727107
749806,727119
749794,727107
