0,0
9,11
6,24
-1,35
-4,49
-2,62
4,73
10,88
15,107
19,124
21,138
10,149
-1,150
-12,149
-23,131
-32,118
-48,107
-65,88
-83,64
-104,39
-128,9
-154,-22
-185,-51
-219,-83
-250,-123
-283,-165
-322,-209
-358,-258
-391,-308
-425,-351
-462,-386
-491,-420
-518,-455
-547,-484
-573,-513
-598,-541
-622,-568
-644,-597
-665,-625
-687,-654
-713,-684
-743,-714
-774,-748
-803,-784
-836,-826
-875,-874
-919,-928
-969,-986
-1025,-1046
-1086,-1112
-1151,-1184
-1221,-1260
-1296,-1340
-1459,-1526
-1552,-1624
-1650,-1729
-1754,-1837
-1865,-1947
-1982,-2063
-2107,-2185
-2239,-2310
-2374,-2447
-2516,-2589
-2665,-2736
-2821,-2891
-2987,-3054
-3161,-3228
-3347,-3410
-3542,-3600
-3746,-3798
-3961,-4000
-4182,-4210
-4412,-4425
-4646,-4646
-4879,-4873
-5114,-5103
-5349,-5334
-5582,-5565
-5818,-5796
-6059,-6025
-6297,-6257
-6539,-6487
-6781,-6722
-7027,-6961
-7275,-7204
-7526,-7457
-7783,-7717
-8043,-7981
-8311,-8252
-8592,-8527
-8878,-8809
-9163,-9097
-9483,-9413
-9769,-9701
-10052,-9994
-10337,-10281
-10622,-10564
-10909,-10843
-11198,-11119
-11486,-11394
-11779,-11671
-12074,-11951
-12369,-12245
-12671,-12546
-12978,-12846
-13293,-13153
-13614,-13464
-13939,-13776
-14262,-14091
-14582,-14406
-14898,-14721
-15215,-15035
-15533,-15340
-15853,-15643
-16171,-15944
-16484,-16245
-16797,-16549
-17112,-16851
-17423,-17164
-17735,-17479
-18051,-17794
-18373,-18112
-18696,-18432
-19020,-18756
-19343,-19076
-19662,-19392
-19972,-19706
-20312,-20049
-20619,-20346
-20916,-20642
-21213,-20932
-21507,-21217
-21798,-21499
-22085,-21786
-22376,-22073
-22669,-22356
-22967,-22647
-23271,-22938
-23578,-23231
-23883,-23530
-24189,-23827
-24494,-24124
-24796,-24422
-25100,-24712
-25405,-25008
-25710,-25305
-26015,-25600
-26320,-25897
-26626,-26195
-26934,-26497
-27240,-26805
-27553,-27111
-27871,-27429
-28192,-27750
-28513,-28068
-28831,-28383
-29143,-28686
-29449,-28986
-29746,-29280
-30040,-29562
-30333,-29853
-30657,-30171
-30950,-30455
-31238,-30743
-31529,-31032
-31824,-31326
-32124,-31625
-32437,-31912
-32758,-32213
-33076,-32522
-33396,-32829
-33711,-33135
-34023,-33438
-34334,-33737
-34644,-34039
-34958,-34334
-35273,-34642
-35589,-34957
-35910,-35271
-36230,-35589
-36552,-35911
-36883,-36235
-37214,-36564
-37552,-36903
-37888,-37237
-38220,-37564
-38543,-37882
-38863,-38194
-39179,-38507
-39499,-38812
-39820,-39120
-40140,-39434
-40462,-39748
-40782,-40060
-41102,-40380
-41462,-40734
-41791,-41056
-42128,-41376
-42470,-41704
-42808,-42039
-43140,-42373
-43471,-42701
-43798,-43025
-44127,-43343
-44454,-43663
-44780,-43980
-45109,-44304
-45439,-44631
-45770,-44957
-46100,-45289
-46436,-45622
-46779,-45962
-47126,-46302
-47477,-46648
-47825,-46989
-48167,-47324
-48505,-47656
-48837,-47985
-49167,-48314
-49503,-48636
-49839,-48967
-50174,-49302
-50509,-49636
-50846,-49975
-51181,-50319
-51522,-50663
-51868,-51008
-52218,-51349
-52567,-51697
-52945,-52078
-53282,-52416
-53615,-52748
-53949,-53072
-54280,-53396
-54612,-53710
-54944,-54031
-55274,-54351
-55607,-54671
-55936,-54997
-56268,-55325
-56607,-55654
-56950,-55987
-57296,-56326
-57636,-56659
-57977,-56985
-58307,-57310
-58635,-57631
-58961,-57950
-59287,-58257
-59612,-58567
-59934,-58880
-60254,-59192
-60571,-59505
-60887,-59823
-61206,-60139
-61537,-60456
-61867,-60768
-62197,-61094
-62520,-61420
-62844,-61737
-63164,-62051
-63486,-62360
-63808,-62668
-64164,-63009
-64488,-63313
-64807,-63624
-65127,-63935
-65442,-64246
-65758,-64558
-66082,-64869
-66409,-65188
-66738,-65501
-67070,-65815
-67397,-66126
-67720,-66434
-68038,-66738
-68351,-67040
-68665,-67343
-68979,-67643
-69296,-67937
-69609,-68244
-69920,-68556
-70231,-68869
-70548,-69186
-70872,-69502
-71204,-69821
-71535,-70147
-71864,-70473
-72191,-70801
-72510,-71127
-72830,-71446
-73149,-71762
-73473,-72075
-73793,-72390
-74116,-72698
-74438,-73021
-74760,-73346
-75084,-73670
-75445,-74035
-75778,-74363
-76113,-74698
-76453,-75038
-76792,-75365
-77128,-75699
-77457,-76029
-77781,-76354
-78107,-76677
-78432,-76993
-78756,-77312
-79083,-77618
-79408,-77934
-79731,-78255
-80057,-78573
-80389,-78897
-80729,-79217
-81073,-79544
-81419,-79870
-81763,-80206
-82102,-80543
-82440,-80876
-82778,-81208
-83119,-81538
-83456,-81872
-83797,-82204
-84142,-82544
-84493,-82886
-84842,-83232
-85195,-83580
-85556,-83927
-85921,-84282
-86286,-84645
-86652,-84995
-87053,-85388
-87404,-85730
-87750,-86070
-88092,-86401
-88433,-86728
-88772,-87052
-89111,-87378
-89448,-87710
-89784,-88042
-90129,-88375
-90481,-88709
-90842,-89049
-91207,-89392
-91572,-89739
-91932,-90090
-92285,-90437
-92643,-90779
-92999,-91116
-93357,-91456
-93710,-91801
-94066,-92141
-94419,-92498
-94778,-92857
-95138,-93219
-95504,-93581
-95872,-93948
-96236,-94310
-96600,-94675
-96957,-95033
-97307,-95380
-97651,-95720
-97990,-96055
-98329,-96381
-98664,-96707
-99039,-97071
-99376,-97402
-99716,-97734
-100059,-98066
-100412,-98394
-100769,-98732
-101128,-99066
-101486,-99410
-101831,-99756
-102174,-100093
-102509,-100423
-102844,-100750
-103176,-101074
-103506,-101396
-103837,-101730
-104170,-102064
-104507,-102400
-104845,-102740
-105189,-103082
-105537,-103433
-105888,-103790
-106245,-104143
-106596,-104494
-106943,-104837
-107283,-105172
-107619,-105502
-107951,-105827
-108280,-106150
-108610,-106472
-108942,-106793
-109270,-107119
-109638,-107486
-109970,-107814
-110307,-108144
-110653,-108480
-111000,-108813
-111343,-109156
-111682,-109495
-112018,-109826
-112349,-110154
-112680,-110474
-113008,-110798
-113335,-111119
-113664,-111449
-113995,-111784
-114334,-112118
-114675,-112455
-115020,-112795
-115368,-113139
-115722,-113485
-116078,-113833
-116428,-114180
-116777,-114517
-117120,-114848
-117458,-115171
-117796,-115494
-118134,-115816
-118470,-116134
-118801,-116465
-119139,-116792
-119475,-117118
-119855,-117484
-120206,-117813
-120559,-118149
-120918,-118483
-121267,-118824
-121610,-119163
-121950,-119495
-122291,-119821
-122630,-120145
-122973,-120473
-123314,-120801
-123661,-121139
-124011,-121480
-124360,-121825
-124709,-122173
-125063,-122525
-125418,-122888
-125777,-123238
-126131,-123592
-126477,-123938
-126816,-124274
-127149,-124608
-127482,-124941
-127815,-125271
-128150,-125592
-128487,-125922
-128825,-126253
-129163,-126582
-129500,-126914
-129843,-127242
-130232,-127610
-130583,-127933
-130930,-128267
-131271,-128600
-131607,-128925
-131938,-129249
-132271,-129566
-132599,-129883
-132927,-130197
-133255,-130520
-133585,-130847
-133916,-131175
-134246,-131506
-134575,-131838
-134906,-132174
-135240,-132516
-135577,-132852
-135912,-133189
-136241,-133523
-136565,-133846
-136883,-134165
-137206,-134476
-137525,-134792
-137847,-135099
-138172,-135414
-138499,-135732
-138824,-136050
-139148,-136371
-139479,-136688
-139815,-137003
-140192,-137356
-140533,-137675
-140872,-138000
-141201,-138325
-141532,-138645
-141860,-138965
-142188,-139284
-142518,-139605
-142846,-139922
-143181,-140254
-143516,-140591
-143854,-140927
-144195,-141268
-144545,-141613
-144895,-141970
-145250,-142319
-145604,-142665
-145951,-143009
-146288,-143342
-146623,-143669
-146960,-143991
-147296,-144311
-147630,-144628
-147963,-144954
-148299,-145285
-148634,-145617
-148972,-145949
-149320,-146280
-149674,-146618
-150029,-146959
-150428,-147339
-150774,-147683
-151118,-148021
-151460,-148351
-151801,-148682
-152138,-149014
-152478,-149348
-152820,-149682
-153170,-150022
-153517,-150365
-153863,-150713
-154216,-151064
-154576,-151416
-154936,-151776
-155300,-152129
-155663,-152485
-156016,-152836
-156366,-153184
-156717,-153526
-157069,-153868
-157419,-154201
-157772,-154542
-158126,-154888
-158481,-155234
-158835,-155586
-159191,-155937
-159552,-156292
-159911,-156652
-160275,-157013
-160630,-157380
-161024,-157782
-161372,-158136
-161722,-158478
-162068,-158819
-162412,-159149
-162758,-159485
-163100,-159825
-163445,-160164
-163788,-160507
-164133,-160849
-164479,-161194
-164828,-161542
-165178,-161884
-165522,-162222
-165859,-162548
-166190,-162865
-166512,-163178
-166830,-163481
-167144,-163782
-167459,-164071
-167772,-164368
-168086,-164667
-168401,-164968
-168720,-165272
-169049,-165577
-169384,-165889
-169724,-166208
-170063,-166526
-170393,-166854
-170719,-167180
-171080,-167534
-171404,-167849
-171729,-168163
-172056,-168485
-172386,-168805
-172721,-169138
-173060,-169477
-173405,-169821
-173759,-170170
-174119,-170527
-174483,-170892
-174849,-171244
-175209,-171600
-175559,-171954
-175907,-172298
-176257,-172642
-176609,-172982
-176960,-173321
-177315,-173655
-177672,-173995
-178028,-174341
-178386,-174690
-178753,-175036
-179126,-175384
-179499,-175743
-179872,-176095
-180238,-176455
-180600,-176811
-180961,-177162
-181317,-177513
-181674,-177857
-182066,-178235
-182417,-178588
-182771,-178942
-183129,-179298
-183491,-179655
-183853,-180011
-184217,-180374
-184583,-180737
-184950,-181101
-185314,-181461
-185674,-181809
-186026,-182153
-186374,-182493
-186719,-182828
-187064,-183152
-187406,-183485
-187745,-183818
-188087,-184147
-188424,-184481
-188763,-184811
-189104,-185143
-189446,-185473
-189791,-185807
-190133,-186144
-190469,-186476
-190802,-186808
-191132,-187136
-191461,-187460
-191788,-187779
-192110,-188092
-192475,-188454
-192803,-188779
-193131,-189102
-193460,-189428
-193785,-189754
-194114,-190084
-194443,-190411
-194776,-190739
-195105,-191067
-195432,-191385
-195752,-191698
-196070,-192008
-196382,-192315
-196699,-192612
-197015,-192924
-197336,-193235
-197662,-193546
-197991,-193862
-198319,-194180
-198656,-194494
-198998,-194813
-199340,-195130
-199682,-195452
-200018,-195776
-200350,-196097
-200680,-196415
-201012,-196728
-201339,-197042
-201665,-197357
-201996,-197671
-202366,-198034
-202703,-198363
-203044,-198690
-203384,-199020
-203727,-199354
-204072,-199696
-204422,-200031
-204767,-200369
-205109,-200701
-205449,-201022
-205780,-201341
-206111,-201656
-206442,-201970
-206772,-202277
-207110,-202597
-207453,-202921
-207800,-203247
-208148,-203575
-208502,-203902
-208861,-204229
-209226,-204561
-209588,-204894
-209948,-205233
-210301,-205570
-210649,-205902
-210995,-206231
-211339,-206553
-211677,-206881
-212017,-207203
-212364,-207537
-212750,-207913
-213100,-208248
-213449,-208586
-213802,-208928
-214161,-209276
-214523,-209623
-214887,-209972
-215248,-210314
-215600,-210650
-215946,-210984
-216290,-211309
-216631,-211632
-216971,-211949
-217312,-212269
-217651,-212594
-217990,-212917
-218329,-213244
-218668,-213569
-219011,-213896
-219356,-214226
-219705,-214544
-220048,-214868
-220381,-215191
-220706,-215507
-221028,-215816
-221350,-216119
-221663,-216424
-221976,-216717
-222288,-217016
-222597,-217320
-222937,-217655
-223244,-217959
-223555,-218263
-223870,-218567
-224188,-218878
-224504,-219182
-224819,-219484
-225124,-219782
-225420,-220070
-225708,-220350
-225993,-220625
-226276,-220893
-226557,-221162
-226842,-221432
-227128,-221700
-227417,-221977
-227704,-222257
-227996,-222535
-228295,-222816
-228600,-223101
-228904,-223393
-229208,-223689
-229507,-223980
-229799,-224278
-230091,-224571
-230383,-224857
-230675,-225142
-230970,-225429
-231268,-225720
-231572,-226017
-231916,-226350
-232232,-226660
-232550,-226976
-232875,-227298
-233213,-227629
-233560,-227962
-233911,-228293
-234255,-228622
-234592,-228939
-234920,-229261
-235247,-229578
-235578,-229891
-235908,-230206
-236244,-230524
-236582,-230849
-236925,-231169
-237271,-231500
-237616,-231831
-237973,-232156
-238337,-232485
-238704,-232817
-239071,-233152
-239428,-233488
-239779,-233818
-240125,-234150
-240472,-234476
-240818,-234797
-241165,-235115
-241507,-235437
-241847,-235763
-242222,-236122
-242554,-236450
-242885,-236774
-243221,-237096
-243563,-237422
-243909,-237753
-244251,-238084
-244587,-238401
-244916,-238723
-245238,-239040
-245558,-239349
-245883,-239656
-246209,-239961
-246539,-240266
-246868,-240575
-247200,-240882
-247534,-241203
-247871,-241523
-248220,-241838
-248577,-242156
-248933,-242479
-249287,-242805
-249634,-243121
-249972,-243450
-250313,-243776
-250655,-244093
-250996,-244411
-251338,-244725
-251676,-245044
-252010,-245371
-252387,-245733
-252727,-246065
-253071,-246400
-253426,-246737
-253781,-247078
-254141,-247420
-254498,-247761
-254851,-248091
-255202,-248426
-255545,-248756
-255884,-249075
-256218,-249392
-256544,-249708
-256859,-250028
-257174,-250336
-257491,-250642
-257808,-250954
-258130,-251261
-258454,-251565
-258778,-251868
-259098,-252168
-259410,-252472
-259713,-252772
-260009,-253079
-260301,-253377
-260597,-253664
-260888,-253946
-261178,-254224
-261462,-254497
-261742,-254774
-262062,-255066
-262363,-255332
-262670,-255611
-262980,-255894
-263300,-256183
-263619,-256484
-263930,-256799
-264238,-257122
-264540,-257435
-264830,-257754
-265119,-258056
-265404,-258344
-265684,-258628
-265962,-258897
-266245,-259153
-266535,-259413
-266828,-259679
-267119,-259936
-267418,-260206
-267725,-260486
-268037,-260774
-268348,-261069
-268652,-261366
-268949,-261664
-269240,-261965
-269524,-262260
-269810,-262544
-270096,-262825
-270381,-263103
-270667,-263377
-270958,-263652
-271281,-263945
-271568,-264210
-271854,-264481
-272147,-264749
-272441,-265033
-272738,-265320
-273038,-265593
-273332,-265863
-273613,-266138
-273892,-266405
-274167,-266669
-274438,-266936
-274713,-267189
-274986,-267452
-275259,-267719
-275536,-267980
-275810,-268246
-276086,-268519
-276369,-268792
-276652,-269073
-276946,-269346
-277243,-269621
-277540,-269903
-277832,-270188
-278124,-270471
-278412,-270751
-278704,-271028
-278994,-271311
-279287,-271594
-279588,-271868
-279927,-272190
-280234,-272483
-280546,-272774
-280857,-273071
-281173,-273377
-281499,-273684
-281826,-273997
-282158,-274300
-282481,-274606
-282798,-274918
-283109,-275218
-283417,-275514
-283725,-275806
-284035,-276092
-284346,-276383
-284661,-276670
-284976,-276957
-285289,-277253
-285602,-277552
-285920,-277852
-286246,-278156
-286579,-278460
-286910,-278773
-287238,-279087
-287562,-279394
-287881,-279707
-288196,-280013
-288514,-280313
-288826,-280614
-289138,-280915
-289487,-281250
-289798,-281545
-290107,-281847
-290411,-282149
-290716,-282446
-291022,-282745
-291332,-283050
-291647,-283355
-291963,-283656
-292273,-283946
-292575,-284244
-292869,-284537
-293162,-284822
-293455,-285103
-293750,-285385
-294048,-285665
-294351,-285948
-294653,-286228
-294956,-286513
-295256,-286806
-295559,-287100
-295870,-287387
-296185,-287677
-296501,-287967
-296815,-288257
-297118,-288552
-297418,-288837
-297713,-289122
-298006,-289407
-298302,-289685
-298627,-289993
-298925,-290276
-299227,-290564
-299529,-290856
-299831,-291143
-300132,-291438
-300438,-291740
-300750,-292041
-301067,-292345
-301386,-292647
-301702,-292944
-302007,-293245
-302310,-293533
-302612,-293822
-302910,-294112
-303213,-294397
-303515,-294685
-303821,-294975
-304127,-295264
-304432,-295560
-304736,-295857
-305040,-296153
-305350,-296452
-305662,-296751
-305979,-297048
-306293,-297348
-306601,-297646
-306904,-297940
-307203,-298227
-307498,-298513
-307826,-298836
-308120,-299122
-308419,-299402
-308720,-299685
-309020,-299968
-309319,-300254
-309617,-300541
-309921,-300822
-310230,-301114
-310540,-301409
-310851,-301698
-311160,-301988
-311460,-302276
-311756,-302556
-312045,-302832
-312328,-303100
-312610,-303370
-312890,-303642
-313176,-303914
-313466,-304185
-313755,-304463
-314050,-304742
-314346,-305025
-314645,-305314
-314948,-305594
-315250,-305882
-315548,-306174
-315845,-306465
-316139,-306753
-316432,-307037
-316843,-307433
-317130,-307713
-317416,-307985
-317705,-308264
-317996,-308546
-318294,-308827
-318591,-309111
-318894,-309397
-319199,-309681
-319502,-309972
-319812,-310257
-320120,-310541
-320422,-310833
-320725,-311123
-321024,-311409
-321319,-311696
-321612,-311979
-321903,-312263
-322195,-312546
-322487,-312825
-322783,-313116
-323084,-313408
-323390,-313696
-323694,-313993
-324001,-314291
-324313,-314584
-324623,-314882
-324932,-315175
-325241,-315472
-325550,-315766
-325895,-316086
-326203,-316372
-326504,-316658
-326804,-316943
-327104,-317230
-327408,-317510
-327714,-317797
-328017,-318089
-328323,-318380
-328632,-318670
-328944,-318965
-329257,-319257
-329566,-319552
-329873,-319846
-330178,-320138
-330478,-320432
-330779,-320723
-331078,-321010
-331373,-321298
-331670,-321584
-331968,-321872
-332267,-322161
-332570,-322445
-332870,-322739
-333172,-323033
-333481,-323321
-333791,-323608
-334094,-323898
-334395,-324193
-334692,-324484
-335018,-324796
-335310,-325077
-335599,-325354
-335886,-325625
-336166,-325894
-336443,-326163
-336721,-326430
-336999,-326698
-337277,-326971
-337556,-327234
-337835,-327507
-338120,-327784
-338410,-328058
-338698,-328333
-338980,-328610
-339259,-328882
-339533,-329151
-339806,-329414
-340079,-329672
-340352,-329932
-340630,-330190
-340908,-330451
-341190,-330713
-341476,-330976
-341762,-331243
-342048,-331516
-342342,-331785
-342642,-332051
-342945,-332328
-343241,-332609
-343535,-332886
-343854,-333195
-344138,-333469
-344421,-333741
-344702,-334016
-344984,-334280
-345267,-334555
-345548,-334836
-345835,-335113
-346125,-335392
-346415,-335675
-346709,-335961
-347013,-336254
-347320,-336555
-347635,-336846
-347948,-337143
-348255,-337441
-348558,-337733
-348857,-338023
-349159,-338305
-349461,-338586
-349762,-338871
-350066,-339147
-350374,-339433
-350683,-339725
-350995,-340021
-351311,-340318
-351635,-340617
-351967,-340918
-352296,-341232
-352623,-341544
-352980,-341890
-353295,-342204
-353611,-342508
-353925,-342809
-354240,-343108
-354556,-343408
-354873,-343713
-355191,-344014
-355512,-344326
-355832,-344640
-356153,-344952
-356476,-345268
-356810,-345587
-357149,-345912
-357491,-346240
-357826,-346556
-358156,-346875
-358476,-347190
-358794,-347498
-359113,-347803
-359431,-348102
-359750,-348401
-360068,-348700
-360390,-349000
-360710,-349308
-361030,-349617
-361354,-349922
-361684,-350225
-362014,-350529
-362346,-350835
-362707,-351171
-363024,-351481
-363338,-351789
-363651,-352091
-363964,-352389
-364273,-352685
-364583,-352979
-364887,-353277
-365193,-353568
-365497,-353871
-365801,-354177
-366109,-354481
-366420,-354789
-366736,-355100
-367058,-355409
-367377,-355719
-367692,-356019
-368000,-356323
-368307,-356621
-368614,-356908
-368918,-357191
-369217,-357475
-369516,-357758
-369817,-358040
-370116,-358316
-370413,-358604
-370712,-358897
-371021,-359187
-371331,-359478
-371646,-359774
-371998,-360097
-372308,-360395
-372614,-360694
-372920,-360987
-373224,-361283
-373531,-361574
-373838,-361862
-374144,-362153
-374449,-362441
-374755,-362732
-375062,-363020
-375368,-363308
-375675,-363606
-375988,-363904
-376309,-364200
-376632,-364503
-376955,-364808
-377278,-365114
-377593,-365423
-377907,-365727
-378219,-366034
-378529,-366338
-378839,-366637
-379149,-366936
-379459,-367230
-379772,-367527
-380083,-367826
-380396,-368121
-380709,-368426
-381029,-368729
-381389,-369062
-381712,-369366
-382032,-369672
-382346,-369984
-382655,-370297
-382964,-370598
-383268,-370907
-383575,-371203
-383882,-371494
-384187,-371789
-384493,-372082
-384800,-372378
-385107,-372678
-385416,-372978
-385726,-373287
-386041,-373598
-386365,-373906
-386693,-374214
-387020,-374522
-387341,-374832
-387663,-375135
-387982,-375436
-388300,-375738
-388623,-376029
-388944,-376321
-389261,-376619
-389582,-376912
-389902,-377213
-390224,-377515
-390547,-377814
-390909,-378156
-391240,-378457
-391574,-378758
-391906,-379061
-392235,-379368
-392562,-379680
-392884,-379983
-393206,-380294
-393527,-380602
-393847,-380905
-394163,-381210
-394476,-381516
-394791,-381823
-395109,-382133
-395426,-382436
-395747,-382747
-396066,-383062
-396393,-383372
-396725,-383681
-397057,-383990
-397387,-384301
-397711,-384615
-398034,-384919
-398354,-385229
-398674,-385537
-398999,-385841
-399326,-386147
-399655,-386452
-399983,-386760
-400311,-387064
-400674,-387421
-401003,-387742
-401335,-388060
-401670,-388377
-402002,-388697
-402335,-389021
-402660,-389351
-402982,-389670
-403304,-389990
-403622,-390311
-403937,-390626
-404253,-390940
-404569,-391252
-404883,-391570
-405202,-391884
-405518,-392195
-405839,-392512
-406164,-392825
-406492,-393138
-406822,-393448
-407152,-393753
-407479,-394061
-407801,-394357
-408120,-394661
-408440,-394963
-408763,-395259
-409085,-395553
-409411,-395850
-409738,-396149
-410065,-396454
-410425,-396797
-410755,-397114
-411088,-397435
-411427,-397753
-411767,-398075
-412104,-398398
-412444,-398720
-412780,-399040
-413114,-399354
-413444,-399673
-413775,-399989
-414105,-400305
-414438,-400625
-414773,-400946
-415107,-401273
-415444,-401595
-415785,-401920
-416128,-402253
-416478,-402584
-416835,-402916
-417186,-403245
-417532,-403574
-417872,-403903
-418209,-404221
-418542,-404544
-418876,-404858
-419208,-405168
-419536,-405481
-419862,-405792
-420185,-406108
-420546,-406454
-420869,-406770
-421194,-407085
-421526,-407393
-421856,-407702
-422186,-408013
-422506,-408325
-422826,-408633
-423138,-408933
-423450,-409236
-423760,-409534
-424069,-409829
-424377,-410124
-424688,-410416
-424994,-410712
-425298,-411015
-425606,-411305
-425918,-411602
-426227,-411905
-426543,-412203
-426858,-412502
-427166,-412799
-427471,-413092
-427771,-413394
-428071,-413687
-428372,-413975
-428673,-414263
-428980,-414542
-429284,-414825
-429587,-415107
-429892,-415393
-430230,-415720
-430534,-416006
-430845,-416300
-431159,-416595
-431474,-416888
-431787,-417184
-432092,-417481
-432398,-417776
-432699,-418073
-433003,-418362
-433309,-418651
-433616,-418946
-433922,-419244
-434234,-419543
-434548,-419841
-434863,-420146
-435180,-420451
-435501,-420757
-435827,-421063
-436154,-421376
-436482,-421684
-436804,-421992
-437121,-422302
-437439,-422612
-437756,-422924
-438078,-423225
-438404,-423529
-438731,-423838
-439059,-424148
-439388,-424461
-439754,-424812
-440084,-425127
-440421,-425440
-440762,-425750
-441100,-426070
-441433,-426392
-441762,-426714
-442091,-427034
-442416,-427356
-442743,-427675
-443070,-427988
-443400,-428306
-443732,-428629
-444067,-428950
-444411,-429272
-444753,-429593
-445095,-429921
-445440,-430252
-445787,-430577
-446130,-430907
-446467,-431232
-446796,-431552
-447120,-431868
-447443,-432180
-447767,-432490
-448091,-432785
-448415,-433088
-448742,-433391
-449069,-433689
-449395,-433993
-449755,-434329
-450088,-434630
-450422,-434939
-450758,-435240
-451086,-435552
-451410,-435869
-451733,-436180
-452054,-436488
-452374,-436792
-452694,-437095
-453014,-437398
-453331,-437697
-453653,-438007
-453978,-438316
-454303,-438626
-454627,-438941
-454955,-439255
-455289,-439574
-455624,-439892
-455956,-440200
-456282,-440515
-456606,-440826
-456925,-441133
-457241,-441438
-457559,-441737
-457876,-442040
-458196,-442340
-458519,-442641
-458844,-442948
-459173,-443254
-459540,-443594
-459871,-443899
-460206,-444203
-460542,-444509
-460870,-444817
-461196,-445128
-461516,-445440
-461838,-445746
-462152,-446052
-462463,-446356
-462771,-446659
-463076,-446968
-463384,-447269
-463696,-447578
-464005,-447892
-464320,-448202
-464640,-448514
-464961,-448831
-465288,-449148
-465616,-449461
-465941,-449773
-466263,-450089
-466582,-450400
-466894,-450708
-467207,-451010
-467518,-451307
-467822,-451609
-468129,-451902
-468436,-452190
-468743,-452490
-469087,-452820
-469396,-453120
-469704,-453422
-470020,-453718
-470331,-454019
-470642,-454316
-470951,-454616
-471256,-454918
-471559,-455218
-471858,-455514
-472154,-455812
-472448,-456109
-472737,-456406
-473026,-456706
-473317,-457000
-473610,-457300
-473904,-457598
-474202,-457892
-474504,-458188
-474813,-458480
-475122,-458776
-475435,-459070
-475747,-459352
-476055,-459642
-476363,-459929
-476675,-460209
-476984,-460490
-477296,-460771
-477604,-461051
-477913,-461338
-478257,-461652
-478567,-461947
-478876,-462244
-479191,-462538
-479510,-462836
-479826,-463138
-480142,-463444
-480458,-463752
-480770,-464052
-481081,-464353
-481390,-464652
-481701,-464945
-482009,-465237
-482314,-465529
-482620,-465822
-482932,-466116
-483243,-466405
-483553,-466700
-483862,-466997
-484174,-467288
-484490,-467581
-484803,-467875
-485118,-468168
-485426,-468461
-485729,-468752
-486032,-469037
-486334,-469329
-486640,-469616
-486951,-469900
-487260,-470189
-487607,-470510
-487918,-470808
-488233,-471106
-488550,-471398
-488871,-471694
-489195,-471988
-489516,-472284
-489832,-472585
-490144,-472883
-490451,-473185
-490758,-473480
-491064,-473764
-491365,-474054
-491666,-474342
-491966,-474630
-492266,-474923
-492570,-475214
-492874,-475508
-493178,-475808
-493485,-476095
-493795,-476392
-494106,-476691
-494418,-476987
-494726,-477284
-495031,-477582
-495330,-477882
-495626,-478178
-495924,-478460
-496223,-478747
-496522,-479035
-496857,-479350
-497160,-479636
-497466,-479927
-497771,-480220
-498080,-480516
-498396,-480804
-498718,-481098
-499035,-481397
-499351,-481694
-499662,-481992
-499969,-482290
-500275,-482586
-500578,-482882
-500882,-483170
-501182,-483459
-501482,-483756
-501784,-484052
-502092,-484349
-502399,-484652
-502711,-484952
-503024,-485257
-503342,-485559
-503660,-485858
-503975,-486162
-504287,-486459
-504592,-486754
-504892,-487046
-505193,-487333
-505489,-487624
-505790,-487910
-506091,-488191
-506425,-488517
-506730,-488808
-507034,-489104
-507336,-489406
-507646,-489703
-507959,-490000
-508274,-490301
-508587,-490595
-508895,-490898
-509202,-491198
-509505,-491495
-509807,-491787
-510107,-492075
-510403,-492365
-510701,-492655
-511000,-492936
-511299,-493230
-511600,-493526
-511906,-493821
-512217,-494115
-512532,-494413
-512850,-494718
-513172,-495024
-513491,-495321
-513802,-495627
-514112,-495930
-514421,-496228
-514728,-496526
-515037,-496823
-515348,-497123
-515692,-497459
-516006,-497751
-516321,-498053
-516633,-498358
-516945,-498661
-517265,-498964
-517585,-499266
-517905,-499572
-518224,-499872
-518535,-500171
-518840,-500474
-519146,-500769
-519449,-501059
-519749,-501349
-520051,-501632
-520347,-501915
-520639,-502197
-520930,-502485
-521222,-502774
-521514,-503062
-521804,-503345
-522098,-503627
-522395,-503907
-522690,-504188
-522985,-504466
-523274,-504726
-523552,-504998
-523825,-505268
-524099,-505529
-524373,-505788
-524675,-506069
-524945,-506324
-525212,-506580
-525482,-506833
-525746,-507082
-526011,-507344
-526280,-507604
-526557,-507861
-526840,-508118
-527123,-508375
-527402,-508633
-527678,-508893
-527948,-509152
-528217,-509404
-528488,-509652
-528756,-509902
-529019,-510156
-529287,-510407
-529554,-510659
-529823,-510911
-530087,-511164
-530351,-511422
-530619,-511679
-530893,-511937
-531167,-512194
-531445,-512458
-531727,-512717
-532005,-512977
-532277,-513238
-532546,-513496
-532845,-513782
-533113,-514039
-533381,-514296
-533646,-514551
-533918,-514813
-534195,-515072
-534468,-515336
-534740,-515604
-535020,-515871
-535303,-516137
-535587,-516410
-535871,-516680
-536158,-516948
-536446,-517220
-536733,-517489
-537016,-517756
-537297,-518020
-537578,-518281
-537857,-518545
-538134,-518815
-538413,-519080
-538694,-519345
-538977,-519619
-539261,-519892
-539546,-520164
-539831,-520440
-540120,-520717
-540416,-520995
-540712,-521274
-541006,-521550
-541330,-521854
-541617,-522129
-541905,-522401
-542187,-522671
-542469,-522940
-542750,-523205
-543030,-523477
-543310,-523749
-543594,-524017
-543878,-524293
-544160,-524569
-544442,-524842
-544727,-525117
-545014,-525392
-545297,-525666
-545573,-525942
-545846,-526215
-546122,-526479
-546397,-526746
-546666,-527013
-546932,-527278
-547195,-527546
-547460,-527814
-547728,-528082
-547993,-528357
-548260,-528634
-548537,-528905
-548815,-529180
-549094,-529459
-549375,-529737
-549687,-530042
-549964,-530318
-550240,-530591
-550514,-530862
-550785,-531129
-551059,-531384
-551332,-531644
-551606,-531901
-551877,-532158
-552148,-532415
-552425,-532674
-552701,-532936
-552979,-533197
-553263,-533457
-553550,-533714
-553839,-533979
-554121,-534247
-554398,-534512
-554674,-534775
-554946,-535035
-555217,-535294
-555488,-535553
-555760,-535812
-556031,-536065
-556303,-536326
-556572,-536592
-556842,-536856
-557116,-537119
-557388,-537384
-557664,-537653
-558223,-538198
-558500,-538459
-558774,-538726
-559044,-538993
-559312,-539253
-559580,-539511
-559846,-539772
-560120,-540030
-560392,-540291
-560666,-540554
-560936,-540816
-561210,-541090
-561481,-541369
-561761,-541648
-562046,-541929
-562331,-542212
-562619,-542495
-562904,-542783
-563187,-543067
-563469,-543344
-563751,-543622
-564034,-543898
-564313,-544172
-564594,-544446
-564878,-544718
-565163,-544993
-565448,-545275
-565732,-545553
-566020,-545828
-566308,-546111
-566633,-546425
-566925,-546708
-567215,-546989
-567506,-547268
-567794,-547548
-568079,-547826
-568363,-548099
-568642,-548377
-568922,-548657
-569205,-548936
-569490,-549214
-569777,-549498
-570069,-549789
-570364,-550078
-570661,-550364
-570960,-550658
-571259,-550955
-571558,-551253
-571855,-551551
-572153,-551843
-572450,-552134
-572747,-552426
-573040,-552713
-573331,-552994
-573619,-553281
-573913,-553564
-574208,-553845
-574499,-554132
-574791,-554415
-575087,-554699
-575415,-555021
-575714,-555305
-576008,-555600
-576304,-555893
-576597,-556186
-576890,-556478
-577184,-556764
-577475,-557051
-577763,-557335
-578051,-557612
-578336,-557896
-578624,-558177
-578914,-558458
-579203,-558741
-579491,-559024
-579785,-559302
-580080,-559584
-580377,-559864
-580670,-560143
-580955,-560431
-581241,-560713
-581526,-560988
-581811,-561261
-582097,-561529
-582379,-561797
-582658,-562066
-582937,-562329
-583211,-562597
-583482,-562868
-583754,-563137
-584025,-563406
-584330,-563705
-584609,-563978
-584886,-564255
-585160,-564533
-585432,-564804
-585698,-565081
-585962,-565358
-586228,-565630
-586494,-565901
-586763,-566169
-587038,-566433
-587309,-566704
-587582,-566977
-587858,-567244
-588133,-567520
-588411,-567800
-588699,-568079
-588992,-568361
-589285,-568651
-589577,-568940
-589866,-569233
-590155,-569520
-590438,-569802
-590721,-570089
-591004,-570373
-591287,-570658
-591578,-570946
-591874,-571229
-592169,-571520
-592464,-571813
-592799,-572127
-593103,-572421
-593410,-572716
-593718,-573012
-594031,-573308
-594343,-573599
-594648,-573896
-594948,-574193
-595247,-574480
-595544,-574776
-595843,-575071
-596147,-575362
-596453,-575658
-596762,-575954
-597072,-576253
-597383,-576553
-597695,-576850
-598016,-577153
-598334,-577460
-598650,-577770
-598968,-578078
-599282,-578385
-599594,-578689
-599902,-578992
-600207,-579285
-600514,-579586
-600818,-579889
-601125,-580188
-601438,-580485
-601744,-580787
-602086,-581120
-602391,-581417
-602693,-581718
-602997,-582020
-603302,-582318
-603603,-582612
-603905,-582902
-604199,-583187
-604483,-583474
-604767,-583755
-605048,-584029
-605330,-584310
-605612,-584586
-605896,-584861
-606180,-585144
-606466,-585424
-606756,-585702
-607046,-585987
-607339,-586268
-607628,-586548
-607912,-586838
-608196,-587125
-608484,-587407
-608770,-587688
-609056,-587961
-609339,-588238
-609621,-588515
-609903,-588786
-610184,-589065
-610463,-589346
-611140,-590002
-611424,-590280
-611710,-590558
-611991,-590836
-612270,-591107
-612546,-591372
-612814,-591642
-613080,-591909
-613350,-592172
-613616,-592437
-613887,-592701
-614162,-592960
-614434,-593225
-614706,-593487
-614980,-593753
-615250,-594027
-615527,-594300
-615812,-594574
-616094,-594857
-616379,-595140
-616662,-595425
-616940,-595714
-617216,-595992
-617492,-596269
-617766,-596547
-618043,-596820
-618320,-597094
-618596,-597370
-618876,-597644
-619154,-597920
-619460,-598227
-619734,-598496
-620007,-598777
-620287,-599060
-620572,-599342
-620854,-599626
-621136,-599904
-621415,-600176
-621687,-600449
-621954,-600717
-622221,-600978
-622490,-601241
-622763,-601500
-623037,-601758
-623309,-602014
-623579,-602272
-623845,-602534
-624111,-602797
-624379,-603057
-624651,-603318
-624923,-603588
-625198,-603859
-625473,-604128
-625743,-604393
-626013,-604656
-626281,-604912
-626546,-605169
-626807,-605425
-627069,-605679
-627331,-605939
-627628,-606228
-627902,-606487
-628171,-606750
-628444,-607012
-628714,-607281
-628985,-607558
-629258,-607832
-629533,-608103
-629803,-608375
-630071,-608640
-630336,-608904
-630600,-609163
-630864,-609421
-631128,-609680
-631393,-609940
-631659,-610201
-631928,-610460
-632198,-610729
-632471,-611001
-632751,-611270
-633036,-611540
-633323,-611813
-633610,-612089
-633894,-612372
-634176,-612654
-634458,-612926
-634736,-613202
-635018,-613474
-635300,-613741
-635580,-614009
-635889,-614307
-636168,-614576
-636449,-614851
-636731,-615128
-637016,-615398
-637303,-615678
-637593,-615963
-637887,-616248
-638180,-616537
-638469,-616821
-638755,-617102
-639041,-617382
-639326,-617657
-639610,-617932
-639891,-618206
-640167,-618472
-640445,-618733
-640717,-618994
-640984,-619253
-641246,-619519
-641508,-619786
-641774,-620044
-642042,-620310
-642316,-620579
-642594,-620848
-642870,-621121
-643143,-621393
-643415,-621660
-643684,-621923
-643948,-622182
-644241,-622458
-644504,-622710
-644763,-622963
-645024,-623212
-645287,-623464
-645547,-623717
-645809,-623967
-646072,-624223
-646336,-624486
-646602,-624748
-646871,-625017
-647140,-625285
-647408,-625543
-647672,-625796
-647928,-626044
-648179,-626286
-648428,-626524
-648676,-626758
-648920,-626987
-649163,-627209
-649410,-627430
-649651,-627655
-649889,-627880
-650129,-628103
-650372,-628328
-650615,-628557
-650859,-628785
-651100,-629020
-651340,-629256
-651579,-629488
-651818,-629719
-652079,-629977
-652316,-630208
-652552,-630436
-652785,-630665
-653020,-630892
-653258,-631123
-653494,-631366
-653735,-631609
-653983,-631852
-654239,-632103
-654500,-632367
-654771,-632634
-655048,-632901
-655322,-633171
-655593,-633439
-655862,-633706
-656129,-633971
-656397,-634234
-656668,-634496
-656942,-634764
-657219,-635034
-657505,-635307
-657795,-635587
-658086,-635874
-658378,-636168
-658681,-636464
-658995,-636754
-659307,-637053
-659618,-637356
-659923,-637657
-660253,-637985
-660548,-638276
-660842,-638565
-661138,-638853
-661432,-639139
-661724,-639428
-662016,-639721
-662312,-640012
-662605,-640303
-662896,-640594
-663185,-640883
-663473,-641177
-663768,-641468
-664066,-641756
-664366,-642048
-664662,-642338
-664950,-642624
-665233,-642905
-665514,-643182
-665794,-643454
-666072,-643726
-666348,-643992
-666627,-644259
-666908,-644529
-667192,-644797
-667472,-645066
-667748,-645334
-668028,-645596
-668311,-645860
-668596,-646124
-668908,-646414
-669183,-646680
-669450,-646947
-669715,-647211
-669975,-647473
-670235,-647730
-670491,-647986
-670744,-648247
-670999,-648507
-671255,-648765
-671515,-649021
-671776,-649282
-672031,-649540
-672284,-649797
-672543,-650055
-672806,-650309
-673070,-650569
-673332,-650828
-673592,-651086
-673848,-651340
-674105,-651593
-674360,-651843
-674613,-652089
-674864,-652337
-675120,-652583
-675377,-652830
-675636,-653084
-675899,-653338
-676163,-653591
-676430,-653845
-676736,-654130
-677013,-654391
-677290,-654652
-677559,-654918
-677826,-655182
-678096,-655447
-678365,-655709
-678632,-655966
-678898,-656229
-679160,-656496
-679425,-656761
-679692,-657026
-679959,-657297
-680232,-657566
-680508,-657842
-680786,-658123
-681068,-658401
-681359,-658682
-681642,-658968
-681927,-659245
-682206,-659523
-682479,-659798
-682754,-660068
-683028,-660339
-683300,-660605
-683571,-660864
-683845,-661127
-684119,-661392
-684392,-661657
-684668,-661921
-684969,-662217
-685247,-662485
-685532,-662755
-685816,-663031
-686100,-663301
-686378,-663576
-686650,-663849
-686922,-664117
-687193,-664383
-687459,-664647
-687727,-664910
-687989,-665181
-688254,-665450
-688522,-665714
-688791,-665985
-689060,-666255
-689330,-666524
-689602,-666794
-689873,-667065
-690154,-667337
-690432,-667610
-690706,-667882
-690975,-668146
-691242,-668413
-691507,-668678
-691771,-668942
-692033,-669205
-692297,-669468
-692568,-669729
-692835,-669996
-693131,-670292
-693397,-670564
-693664,-670839
-693940,-671108
-694221,-671374
-694502,-671641
-694782,-671908
-695059,-672179
-695331,-672456
-695603,-672724
-695873,-672985
-696143,-673248
-696415,-673509
-696683,-673773
-696952,-674040
-697229,-674306
-697508,-674579
-697783,-674861
-698064,-675138
-698348,-675423
-698635,-675713
-698927,-676000
-699216,-676283
-699500,-676563
-699784,-676837
-700065,-677112
-700344,-677386
-700624,-677652
-700902,-677921
-701180,-678190
-701491,-678487
-701771,-678760
-702052,-679036
-702334,-679312
-702615,-679594
-702903,-679870
-703193,-680144
-703484,-680421
-703767,-680697
-704048,-680968
-704324,-681234
-704599,-681495
-704870,-681753
-705137,-682012
-705402,-682268
-705662,-682522
-705926,-682780
-706190,-683036
-706452,-683291
-706711,-683545
-706976,-683797
-707243,-684052
-707508,-684314
-707773,-684573
-708034,-684829
-708297,-685084
-708551,-685339
-708805,-685591
-709058,-685841
-709313,-686092
-709595,-686370
-709848,-686623
-710102,-686878
-710353,-687134
-710606,-687396
-710859,-687661
-711119,-687922
-711382,-688186
-711647,-688451
-711912,-688712
-712177,-688976
-712437,-689242
-712696,-689498
-712954,-689752
-713213,-690005
-713467,-690255
-713720,-690503
-713975,-690748
-714231,-690993
-714488,-691236
-714747,-691486
-715005,-691735
-715265,-691982
-715531,-692234
-715795,-692493
-716062,-692750
-716330,-693005
-716593,-693261
-716855,-693511
-717115,-693762
-717399,-694044
-717654,-694292
-717908,-694538
-718164,-694790
-718425,-695041
-718685,-695293
-718947,-695548
-719210,-695803
-719473,-696061
-719738,-696322
-720006,-696585
-720276,-696848
-720544,-697114
-720807,-697384
-721071,-697648
-721336,-697910
-721603,-698167
-721868,-698421
-722131,-698680
-722394,-698937
-722659,-699193
-722928,-699452
-723195,-699714
-723466,-699974
-723741,-700231
-724018,-700491
-724303,-700754
-724586,-701025
-724865,-701294
-725146,-701560
-725422,-701825
-725722,-702121
-725989,-702384
-726258,-702646
-726527,-702908
-726801,-703167
-727076,-703427
-727351,-703689
-727628,-703956
-727903,-704226
-728181,-704497
-728466,-704767
-728756,-705037
-729048,-705314
-729335,-705591
-729619,-705870
-729901,-706150
-730182,-706424
-730461,-706693
-730738,-706962
-731015,-707229
-731292,-707497
-731570,-707767
-731852,-708036
-732131,-708314
-732415,-708592
-732699,-708869
-732983,-709153
-733270,-709437
-733558,-709720
-733843,-710001
-734156,-710308
-734433,-710581
-734704,-710854
-734972,-711124
-735242,-711389
-735512,-711655
-735784,-711922
-736060,-712183
-736335,-712450
-736610,-712721
-736884,-712995
-737160,-713273
-737443,-713548
-737730,-713825
-738015,-714107
-738300,-714384
-738583,-714658
-738858,-714931
-739131,-715197
-739401,-715462
-739669,-715723
-739934,-715980
-740198,-716238
-740459,-716497
-740719,-716754
-740981,-717008
-741240,-717263
-741498,-717519
-741756,-717780
-742018,-718045
-742312,-718337
-742576,-718596
-742834,-718854
-743088,-719107
-743341,-719353
-743591,-719597
-743836,-719840
-744082,-720081
-744325,-720323
-744566,-720565
-744807,-720806
-745051,-721049
-745292,-721298
-745534,-721543
-745779,-721790
-746027,-722037
-746276,-722282
-746523,-722531
-746768,-722783
-747011,-723028
-747251,-723268
-747494,-723511
-747736,-723748
-747976,-723981
-748216,-724215
-748458,-724446
-748701,-724677
-748944,-724916
-749190,-725155
-749436,-725393
-749711,-725661
-749966,-725904
-750223,-726152
-750483,-726396
-750743,-726638
-750998,-726876
-751249,-727110
-751499,-727345
-751750,-727578
-752000,-727811
-752250,-728041
-752504,-728273
-752759,-728509
-753016,-728745
-753273,-728986
-753532,-729229
-753795,-729472
-754063,-729720
-754332,-729974
-754604,-730233
-754874,-730495
-755142,-730759
-755412,-731021
-755682,-731280
-755951,-731536
-756222,-731790
-756493,-732041
-756758,-732302
-757027,-732561
-757301,-732821
-757610,-733108
-757889,-733373
-758170,-733634
-758452,-733897
-758737,-734164
-759027,-734431
-759314,-734701
-759599,-734971
-759882,-735236
-760163,-735500
-760438,-735764
-760715,-736021
-760991,-736278
-761265,-736536
-761544,-736793
-761823,-737056
-762105,-737322
-762382,-737592
-762662,-737863
-762942,-738133
-763227,-738406
-763518,-738677
-763808,-738954
-764098,-739230
-764386,-739506
-764669,-739779
-764951,-740046
-765233,-740309
-765509,-740572
-765784,-740828
-766088,-741112
-766361,-741368
-766637,-741621
-766908,-741884
-767179,-742140
-767446,-742396
-767714,-742659
-767984,-742920
-768254,-743180
-768519,-743435
-768783,-743683
-769045,-743931
-769302,-744176
-769555,-744417
-769803,-744658
-770054,-744894
-770302,-745130
-770548,-745369
-770802,-745606
-771055,-745842
-771307,-746080
-771558,-746314
-771810,-746554
-772063,-746795
-772319,-747037
-772572,-747281
-772823,-747525
-773072,-747764
-773319,-748000
-773564,-748233
-773835,-748489
-774075,-748719
-774312,-748951
-774545,-749189
-774782,-749423
-775020,-749659
-775259,-749901
-775501,-750144
-775743,-750386
-775988,-750631
-776238,-750879
-776493,-751129
-776749,-751379
-777003,-751626
-777255,-751876
-777503,-752123
-777752,-752368
-778002,-752612
-778250,-752852
-778500,-753092
-778750,-753335
-779007,-753574
-779260,-753822
-779517,-754074
-779775,-754323
-780028,-754568
-780284,-754815
-780547,-755060
-780814,-755307
-781079,-755558
-781376,-755831
-781638,-756080
-781900,-756330
-782165,-756576
-782422,-756823
-782680,-757066
-782940,-757311
-783201,-757554
-783465,-757795
-783727,-758039
-783988,-758283
-784249,-758527
-784508,-758775
-784766,-759023
-785028,-759270
-785292,-759517
-785551,-759764
-785810,-760004
-786066,-760242
-786318,-760479
-786566,-760713
-786812,-760950
-787055,-761185
-787297,-761421
-787544,-761658
-787794,-761894
-788043,-762139
-788296,-762387
-788555,-762636
-788814,-762892
-789081,-763146
-789382,-763430
-789650,-763696
-789920,-763957
-790189,-764217
-790455,-764476
-790724,-764728
-790992,-764979
-791258,-765230
-791524,-765480
-791788,-765731
-792051,-765982
-792319,-766232
-792587,-766485
-792858,-766736
-793124,-766990
-793397,-767245
-793676,-767499
-793954,-767761
-794233,-768021
-794508,-768283
-794783,-768545
-795054,-768803
-795330,-769061
-795599,-769322
-795875,-769580
-796151,-769838
-796426,-770097
-796700,-770352
-796973,-770617
-797250,-770884
-797557,-771174
-797835,-771442
-798120,-771708
-798405,-771976
-798687,-772247
-798962,-772520
-799235,-772788
-799508,-773057
-799780,-773326
-800051,-773586
-800320,-773849
-800586,-774114
-800853,-774375
-801118,-774638
-801384,-774899
-801648,-775162
-801913,-775429
-802181,-775695
-802451,-775964
-802724,-776232
-802999,-776500
-803271,-776765
-803540,-777023
-803806,-777281
-804068,-777531
-804330,-777781
-804590,-778028
-804847,-778273
-805106,-778515
-805367,-778756
-805653,-779025
-805910,-779270
-806168,-779517
-806426,-779763
-806686,-780010
-806950,-780260
-807216,-780510
-807481,-780762
-807746,-781009
-808010,-781258
-808267,-781506
-808525,-781750
-808782,-781991
-809036,-782233
-809290,-782475
-809543,-782721
-809802,-782967
-810062,-783212
-810325,-783458
-810586,-783708
-810848,-783957
-811114,-784206
-811380,-784455
-811649,-784702
-811917,-784953
-812180,-785202
-812438,-785447
-812695,-785689
-812949,-785929
-813198,-786171
-813476,-786438
-813729,-786678
-813987,-786922
-814248,-787166
-814511,-787416
-814778,-787672
-815047,-787926
-815319,-788188
-815595,-788455
-815876,-788720
-816156,-788987
-816435,-789256
-816715,-789520
-816992,-789787
-817268,-790051
-817543,-790313
-817818,-790573
-818088,-790836
-818360,-791099
-818633,-791358
-818907,-791621
-819184,-791881
-819461,-792142
-819735,-792413
-820014,-792682
-820296,-792951
-820578,-793218
-820854,-793480
-821127,-793736
-821396,-793990
-821690,-794267
-821958,-794520
-822223,-794775
-822490,-795026
-822757,-795277
-823027,-795529
-823292,-795787
-823560,-796046
-823832,-796304
-824106,-796567
-824386,-796827
-824668,-797092
-824949,-797360
-825229,-797628
-825504,-797897
-825777,-798164
-826054,-798424
-826329,-798682
-826603,-798938
-826879,-799193
-827150,-799453
-827424,-799713
-827699,-799973
-827973,-800234
-828247,-800496
-828522,-800760
-828798,-801023
-829081,-801289
-829367,-801555
-829654,-801821
-829968,-802121
-830247,-802392
-830526,-802657
-830800,-802927
-831075,-803192
-831353,-803450
-831628,-803713
-831901,-803972
-832176,-804235
-832448,-804504
-832718,-804769
-832991,-805033
-833263,-805302
-833538,-805570
-833815,-805834
-834092,-806100
-834364,-806366
-834633,-806629
-834900,-806890
-835163,-807148
-835426,-807402
-835685,-807655
-835942,-807906
-836203,-808153
-836464,-808405
-836725,-808656
-836986,-808906
-837242,-809161
-837500,-809415
-837762,-809665
-838054,-809950
-838317,-810205
-838583,-810453
-838844,-810701
-839102,-810944
-839352,-811189
-839602,-811434
-839849,-811676
-840092,-811920
-840341,-812158
-840590,-812401
-840839,-812645
-841091,-812886
-841346,-813126
-841601,-813369
-841859,-813608
-842117,-813849
-842370,-814093
-842623,-814334
-842875,-814573
-843124,-814814
-843374,-815049
-843624,-815284
-843872,-815518
-844116,-815751
-844360,-815984
-844602,-816224
-844846,-816464
-845089,-816704
-845333,-816946
-845608,-817215
-845862,-817459
-846120,-817708
-846381,-817960
-846642,-818208
-846899,-818460
-847152,-818710
-847405,-818963
-847655,-819214
-847907,-819460
-848157,-819711
-848412,-819959
-848671,-820203
-848931,-820449
-849193,-820697
-849454,-820948
-849715,-821203
-849982,-821454
-850251,-821701
-850520,-821954
-850792,-822206
-851063,-822455
-851330,-822703
-851597,-822948
-851860,-823192
-852118,-823440
-852376,-823686
-852632,-823932
-852887,-824176
-853147,-824418
-853438,-824684
-853699,-824921
-853958,-825157
-854214,-825393
-854469,-825630
-854726,-825872
-854984,-826113
-855242,-826354
-855500,-826593
-855757,-826833
-856008,-827074
-856258,-827312
-856508,-827549
-856753,-827789
-856999,-828029
-857248,-828270
-857500,-828514
-857753,-828757
-858010,-829006
-858271,-829257
-858533,-829506
-858797,-829756
-859066,-830005
-859338,-830257
-859608,-830514
-859874,-830773
-860144,-831031
-860410,-831287
-860677,-831542
-860940,-831798
-861203,-832051
-861491,-832333
-861747,-832589
-862010,-832841
-862272,-833099
-862537,-833354
-862803,-833608
-863073,-833865
-863343,-834122
-863618,-834378
-863894,-834635
-864166,-834894
-864434,-835151
-864696,-835410
-864959,-835669
-865223,-835925
-865489,-836178
-865752,-836432
-866019,-836684
-866286,-836935
-866553,-837188
-866828,-837441
-867099,-837698
-867372,-837958
-867652,-838217
-867935,-838476
-868219,-838737
-868498,-839002
-868772,-839264
-869045,-839524
-869315,-839784
-869697,-840146
-869967,-840402
-870239,-840657
-870508,-840909
-870778,-841165
-871046,-841423
-871313,-841679
-871579,-841934
-871846,-842189
-872116,-842449
-872392,-842713
-872671,-842976
-872943,-843238
-873215,-843494
-873477,-843748
-873735,-843996
-873993,-844241
-874250,-844483
-874508,-844725
-874770,-844970
-875034,-845219
-875296,-845468
-875559,-845717
-875823,-845976
-876085,-846235
-876356,-846490
-876631,-846746
-876909,-847008
-877188,-847268
-877463,-847536
-877763,-847830
-878035,-848090
-878306,-848349
-878571,-848608
-878842,-848860
-879110,-849114
-879376,-849369
-879646,-849619
-879917,-849876
-880187,-850135
-880457,-850389
-880724,-850645
-880991,-850906
-881265,-851166
-881537,-851427
-881812,-851688
-882086,-851943
-882356,-852202
-882618,-852457
-882882,-852708
-883140,-852956
-883396,-853203
-883653,-853449
-883911,-853689
-884170,-853931
-884432,-854177
-884693,-854424
-884949,-854676
-885212,-854924
-885479,-855174
-885773,-855451
-886038,-855705
-886302,-855962
-886567,-856218
-886831,-856471
-887094,-856721
-887353,-856970
-887607,-857222
-887858,-857473
-888107,-857726
-888358,-857982
-888610,-858237
-888863,-858491
-889116,-858746
-889375,-859004
-889641,-859262
-889906,-859524
-890175,-859781
-890437,-860035
-890693,-860286
-890947,-860535
-891197,-860782
-891449,-861023
-891705,-861262
-891956,-861502
-892206,-861744
-892456,-861985
-892708,-862225
-892957,-862466
-893206,-862709
-893482,-862982
-893735,-863225
-893993,-863465
-894254,-863708
-894515,-863953
-894772,-864200
-895028,-864447
-895282,-864692
-895537,-864933
-895788,-865175
-896037,-865418
-896286,-865661
-896540,-865905
-896795,-866148
-897049,-866390
-897303,-866637
-897555,-866884
-897806,-867132
-898064,-867378
-898326,-867626
-898586,-867876
-898850,-868121
-899113,-868363
-899368,-868605
-899618,-868843
-899868,-869082
-900118,-869322
-900365,-869561
-900615,-869800
-900864,-870042
-901150,-870305
-901413,-870542
-901672,-870782
-901933,-871024
-902195,-871269
-902459,-871521
-902725,-871772
-902989,-872028
-903253,-872284
-903517,-872542
-903786,-872797
-904052,-873048
-904316,-873299
-904580,-873545
-904838,-873794
-905092,-874046
-905351,-874296
-905613,-874546
-905874,-874800
-906138,-875052
-906406,-875301
-906678,-875556
-906952,-875817
-907226,-876076
-907495,-876334
-907759,-876597
-908022,-876850
-908282,-877103
-908542,-877357
-908805,-877608
-909097,-877884
-909363,-878132
-909631,-878376
-909897,-878626
-910165,-878880
-910434,-879137
-910703,-879392
-910983,-879650
-911266,-879913
-911550,-880177
-911833,-880441
-912110,-880707
-912385,-880971
-912660,-881233
-912935,-881494
-913212,-881750
-913489,-882006
-913759,-882264
-914031,-882518
-914303,-882775
-914574,-883035
-914843,-883296
-915114,-883559
-915386,-883830
-915663,-884103
-915947,-884376
-916230,-884648
-916507,-884916
-916779,-885177
-917046,-885437
-917334,-885716
-917594,-885969
-917854,-886219
-918118,-886468
-918387,-886716
-918655,-886965
-918924,-887213
-919193,-887465
-919461,-887722
-919732,-887976
-920004,-888236
-920278,-888496
-920558,-888757
-920835,-889021
-921107,-889282
-921373,-889540
-921639,-889793
-921902,-890044
-922162,-890290
-922420,-890533
-922674,-890782
-922931,-891027
-923193,-891270
-923454,-891517
-923716,-891766
-923978,-892014
-924243,-892265
-924509,-892521
-924779,-892778
-925051,-893037
-925324,-893293
-925624,-893570
-925889,-893816
-926147,-894063
-926403,-894302
-926659,-894537
-926912,-894777
-927171,-895016
-927435,-895253
-927700,-895502
-927968,-895748
-928235,-895990
-928500,-896254
-928771,-896514
-929047,-896776
-929323,-897043
-929601,-897310
-929875,-897575
-930151,-897837
-930427,-898096
-930698,-898348
-930970,-898605
-931238,-898861
-931505,-899118
-931770,-899375
-932038,-899631
-932306,-899886
-932575,-900145
-932842,-900401
-933107,-900659
-933373,-900925
-933670,-901226
-933936,-901495
-934203,-901760
-934469,-902022
-934732,-902277
-934994,-902534
-935256,-902787
-935518,-903040
-935780,-903294
-936043,-903551
-936311,-903809
-936583,-904065
-936856,-904325
-937131,-904586
-937409,-904845
-937688,-905112
-937969,-905378
-938248,-905640
-938524,-905907
-938798,-906174
-939067,-906437
-939337,-906698
-939606,-906954
-939878,-907205
-940142,-907457
-940407,-907707
-940669,-907954
-940934,-908205
-941197,-908461
-941460,-908714
-941754,-908995
-942022,-909252
-942296,-909509
-942572,-909769
-942846,-910030
-943114,-910285
-943375,-910541
-943636,-910798
-943895,-911050
-944150,-911302
-944409,-911553
-944671,-911802
-944932,-912053
-945193,-912305
-945455,-912557
-945718,-912812
-945979,-913065
-946237,-913322
-946503,-913577
-946774,-913829
-947043,-914085
-947309,-914335
-947574,-914589
-947832,-914842
-948090,-915083
-948345,-915328
-948598,-915575
-948851,-915818
-949100,-916063
-949352,-916307
-949636,-916573
-949889,-916820
-950141,-917068
-950394,-917312
-950647,-917560
-950903,-917808
-951159,-918058
-951417,-918308
-951673,-918553
-951927,-918795
-952178,-919034
-952426,-919268
-952672,-919500
-952914,-919733
-953152,-919964
-953394,-920191
-953638,-920420
-953885,-920648
-954133,-920874
-954382,-921109
-954630,-921344
-954881,-921578
-955131,-921820
-955386,-922060
-955644,-922298
-955901,-922541
-956153,-922785
-956405,-923025
-956656,-923263
-956905,-923498
-957180,-923752
-957427,-923981
-957668,-924214
-957911,-924446
-958153,-924681
-958397,-924917
-958646,-925156
-958896,-925396
-959148,-925637
-959402,-925882
-959661,-926132
-959923,-926379
-960179,-926629
-960434,-926877
-960686,-927118
-960935,-927358
-961180,-927601
-961428,-927839
-961676,-928073
-961923,-928307
-962170,-928542
-962418,-928775
-962666,-929013
-962916,-929253
-963169,-929497
-963426,-929743
-963690,-929995
-963962,-930248
-964234,-930504
-964507,-930763
-964806,-931051
-965076,-931308
-965343,-931566
-965605,-931820
-965868,-932070
-966132,-932324
-966394,-932580
-966658,-932832
-966923,-933085
-967189,-933337
-967450,-933586
-967707,-933838
-967964,-934090
-968223,-934342
-968483,-934597
-968743,-934852
-969001,-935102
-969257,-935346
-969510,-935586
-969756,-935823
-970002,-936056
-970246,-936288
-970487,-936520
-970731,-936748
-970979,-936980
-971225,-937212
-971472,-937445
-971718,-937681
-971963,-937920
-972208,-938156
-972487,-938421
-972740,-938663
-972993,-938903
-973244,-939142
-973495,-939384
-973741,-939625
-973988,-939864
-974233,-940099
-974473,-940334
-974709,-940568
-974946,-940800
-975181,-941031
-975418,-941262
-975654,-941493
-975891,-941720
-976126,-941950
-976365,-942181
-976605,-942406
-976845,-942636
-977083,-942862
-977320,-943082
-977551,-943308
-977780,-943533
-978010,-943753
-978239,-943971
-978468,-944191
-978697,-944412
-978928,-944633
-979159,-944855
-979391,-945076
-979648,-945324
-979882,-945549
-980116,-945777
-980354,-946008
-980596,-946236
-980839,-946464
-981082,-946696
-981324,-946929
-981565,-947156
-981802,-947382
-982038,-947606
-982275,-947826
-982510,-948050
-982745,-948273
-982980,-948498
-983215,-948724
-983456,-948947
-983698,-949176
-983939,-949407
-984182,-949637
-984425,-949869
-984670,-950102
-984922,-950334
-985175,-950570
-985426,-950808
-985674,-951045
-985919,-951278
-986163,-951510
-986405,-951742
-986646,-951972
-986912,-952226
-987152,-952457
-987395,-952685
-987644,-952914
-987894,-953148
-988147,-953382
-988402,-953613
-988659,-953849
-988920,-954086
-989187,-954323
-989455,-954565
-989721,-954808
-989989,-955052
-990254,-955304
-990520,-955555
-990787,-955804
-991050,-956053
-991312,-956305
-991567,-956561
-991826,-956813
-992087,-957063
-992350,-957315
-992617,-957565
-992882,-957821
-993150,-958076
-993422,-958329
-993697,-958586
-993973,-958849
-994250,-959109
-994522,-959370
-994794,-959631
-995101,-959917
-995374,-960174
-995648,-960429
-995921,-960681
-996195,-960935
-996471,-961191
-996747,-961453
-997027,-961713
-997311,-961974
-997598,-962234
-997888,-962494
-998179,-962762
-998473,-963025
-998762,-963294
-999046,-963565
-999328,-963832
-999611,-964097
-999896,-964357
-1000178,-964613
-1000453,-964874
-1000725,-965140
-1000998,-965404
-1001266,-965668
-1001538,-965928
-1001806,-966189
-1002072,-966446
-1002336,-966703
-1002599,-966961
-1002867,-967219
-1003160,-967508
-1003421,-967765
-1003679,-968017
-1003933,-968269
-1004182,-968522
-1004433,-968767
-1004684,-969011
-1004931,-969254
-1005179,-969494
-1005430,-969732
-1005679,-969974
-1005926,-970216
-1006170,-970461
-1006416,-970705
-1006663,-970950
-1006918,-971189
-1007174,-971430
-1007427,-971676
-1007678,-971920
-1007925,-972166
-1008171,-972410
-1008419,-972649
-1008660,-972886
-1008903,-973121
-1009146,-973357
-1009386,-973595
-1009632,-973826
-1009879,-974061
-1010123,-974299
-1010390,-974562
-1010634,-974805
-1010880,-975048
-1011128,-975292
-1011379,-975537
-1011627,-975782
-1011874,-976022
-1012121,-976256
-1012367,-976488
-1012608,-976716
-1012843,-976948
-1013084,-977178
-1013323,-977408
-1013563,-977634
-1013807,-977864
-1014047,-978100
-1014289,-978336
-1014531,-978574
-1014775,-978816
-1015024,-979053
-1015275,-979295
-1015530,-979543
-1015786,-979790
-1016040,-980035
-1016294,-980279
-1016547,-980524
-1016802,-980761
-1017054,-980998
-1017332,-981261
-1017584,-981499
-1017837,-981742
-1018092,-981989
-1018348,-982237
-1018605,-982481
-1018862,-982729
-1019119,-982977
-1019379,-983222
-1019638,-983472
-1019898,-983721
-1020157,-983967
-1020413,-984217
-1020666,-984460
-1020919,-984701
-1021168,-984940
-1021419,-985177
-1021670,-985414
-1021922,-985649
-1022172,-985886
-1022422,-986125
-1022674,-986363
-1022926,-986609
-1023182,-986856
-1023444,-987102
-1023710,-987353
-1023978,-987610
-1024246,-987866
-1024542,-988149
-1024806,-988400
-1025072,-988648
-1025339,-988893
-1025605,-989140
-1025870,-989386
-1026132,-989633
-1026398,-989883
-1026663,-990136
-1026933,-990388
-1027201,-990639
-1027466,-990893
-1027734,-991145
-1028003,-991408
-1028273,-991671
-1028541,-991930
-1028807,-992187
-1029066,-992445
-1029323,-992696
-1029578,-992943
-1029832,-993190
-1030087,-993432
-1030339,-993674
-1030594,-993920
-1030850,-994164
-1031107,-994411
-1031366,-994661
-1031624,-994913
-1031885,-995164
-1032176,-995442
-1032443,-995695
-1032708,-995947
-1032972,-996201
-1033233,-996457
-1033493,-996708
-1033752,-996951
-1034010,-997194
-1034267,-997434
-1034518,-997672
-1034766,-997912
-1035015,-998150
-1035269,-998386
-1035522,-998628
-1035775,-998869
-1036030,-999107
-1036283,-999350
-1036540,-999598
-1036800,-999845
-1037060,-1000093
-1037322,-1000339
-1037577,-1000584
-1037831,-1000826
-1038081,-1001067
-1038328,-1001307
-1038572,-1001544
-1038815,-1001777
-1039057,-1002013
-1039326,-1002268
-1039573,-1002498
-1039819,-1002728
-1040067,-1002958
-1040316,-1003190
-1040563,-1003430
-1040815,-1003668
-1041072,-1003907
-1041332,-1004146
-1041588,-1004388
-1041842,-1004632
-1042093,-1004877
-1042343,-1005120
-1042596,-1005361
-1042847,-1005602
-1043096,-1005845
-1043342,-1006088
-1043590,-1006331
-1043839,-1006571
-1044089,-1006816
-1044339,-1007062
-1044591,-1007285
-1044843,-1007528
-1045100,-1007779
-1045365,-1008029
-1045626,-1008284
-1045893,-1008529
-1046184,-1008805
-1046444,-1009054
-1046703,-1009296
-1046957,-1009538
-1047212,-1009778
-1047470,-1010016
-1047725,-1010259
-1047980,-1010502
-1048238,-1010748
-1048497,-1010987
-1048757,-1011241
-1049017,-1011495
-1049280,-1011750
-1049545,-1012004
-1049814,-1012257
-1050087,-1012509
-1050358,-1012760
-1050623,-1013014
-1050888,-1013266
-1051152,-1013508
-1051416,-1013753
-1051678,-1013997
-1051938,-1014240
-1052197,-1014481
-1052455,-1014725
-1052715,-1014971
-1052979,-1015218
-1053269,-1015494
-1053532,-1015743
-1053795,-1015993
-1054061,-1016253
-1054329,-1016513
-1054600,-1016768
-1054870,-1017023
-1055134,-1017274
-1055395,-1017523
-1055655,-1017772
-1055914,-1018019
-1056166,-1018254
-1056420,-1018498
-1056677,-1018740
-1056935,-1018984
-1057192,-1019227
-1057450,-1019476
-1057708,-1019726
-1057968,-1019972
-1058230,-1020220
-1058495,-1020469
-1058760,-1020711
-1059020,-1020962
-1059276,-1021212
-1059532,-1021456
-1059788,-1021694
-1060037,-1021932
-1060570,-1022440
-1060816,-1022679
-1061060,-1022915
-1061305,-1023144
-1061550,-1023383
-1061797,-1023623
-1062042,-1023861
-1062289,-1024100
-1062538,-1024341
-1062790,-1024583
-1063043,-1024822
-1063290,-1025063
-1063538,-1025295
-1063782,-1025521
-1064025,-1025754
-1064267,-1025985
-1064508,-1026215
-1064749,-1026446
-1064991,-1026677
-1065235,-1026910
-1065480,-1027147
-1065724,-1027389
-1065974,-1027630
-1066224,-1027869
-1066481,-1028119
-1066740,-1028373
-1067003,-1028627
-1067291,-1028905
-1067550,-1029159
-1067808,-1029406
-1068063,-1029655
-1068315,-1029903
-1068567,-1030141
-1068812,-1030388
-1069056,-1030636
-1069300,-1030883
-1069544,-1031129
-1069786,-1031378
-1070031,-1031625
-1070275,-1031868
-1070518,-1032116
-1070766,-1032361
-1071016,-1032595
-1071269,-1032843
-1071523,-1033088
-1071774,-1033332
-1072023,-1033572
-1072272,-1033812
-1072522,-1034048
-1072769,-1034283
-1073018,-1034519
-1073269,-1034756
-1073519,-1034990
-1073773,-1035227
-1074057,-1035498
-1074316,-1035745
-1074575,-1035992
-1074836,-1036242
-1075100,-1036493
-1075372,-1036741
-1075643,-1036996
-1075909,-1037251
-1076173,-1037503
-1076439,-1037759
-1076704,-1038011
-1076967,-1038262
-1077231,-1038508
-1077491,-1038757
-1077750,-1039008
-1078013,-1039260
-1078274,-1039516
-1078539,-1039766
-1078804,-1040027
-1079069,-1040288
-1079335,-1040549
-1079603,-1040809
-1079870,-1041064
-1080139,-1041317
-1080405,-1041569
-1080663,-1041821
-1080924,-1042065
-1081207,-1042333
-1081461,-1042577
-1081717,-1042817
-1081974,-1043056
-1082231,-1043293
-1082486,-1043530
-1082745,-1043769
-1083003,-1044009
-1083258,-1044257
-1083513,-1044498
-1083770,-1044742
-1084031,-1044989
-1084292,-1045234
-1084553,-1045478
-1084816,-1045722
-1085078,-1045965
-1085338,-1046210
-1085596,-1046454
-1085854,-1046696
-1086112,-1046933
-1086366,-1047165
-1086615,-1047405
-1086865,-1047643
-1087117,-1047879
-1087366,-1048116
-1087614,-1048355
-1087889,-1048617
-1088138,-1048857
-1088387,-1049098
-1088637,-1049333
-1088886,-1049569
-1089132,-1049809
-1089378,-1050045
-1089620,-1050278
-1089860,-1050509
-1090101,-1050737
-1090337,-1050964
-1090574,-1051188
-1090808,-1051412
-1091042,-1051629
-1091275,-1051848
-1091508,-1052073
-1091741,-1052301
-1091974,-1052533
-1092210,-1052761
-1092449,-1052989
-1092685,-1053217
-1092923,-1053443
-1093156,-1053670
-1093386,-1053895
-1093616,-1054113
-1093840,-1054320
-1094063,-1054532
-1094303,-1054761
-1094514,-1054969
-1094722,-1055175
-1094929,-1055376
-1095131,-1055579
-1095330,-1055780
-1095523,-1055975
-1095704,-1056173
-1095883,-1056363
-1096062,-1056545
-1096238,-1056709
-1096418,-1056871
-1096595,-1057032
-1096767,-1057188
-1096936,-1057337
-1097099,-1057480
-1097256,-1057617
-1097407,-1057748
-1097552,-1057874
-1097688,-1057997
-1097819,-1058116
-1097941,-1058229
-1098056,-1058337
-1098165,-1058439
-1098266,-1058539
-1098360,-1058635
-1098447,-1058726
-1098535,-1058820
-1098607,-1058897
-1098674,-1058965
-1098739,-1059022
-1098797,-1059063
-1098848,-1059104
-1098896,-1059134
-1098938,-1059159
-1098977,-1059180
-1099015,-1059196
-1099052,-1059211
-1099088,-1059224
-1099124,-1059236
-1099156,-1059250
-1099187,-1059265
-1099217,-1059283
-1099243,-1059301
-1099267,-1059320
-1099289,-1059338
-1099311,-1059355
-1099330,-1059372
-1099345,-1059391
-1099359,-1059411
-1099372,-1059431
-1099385,-1059452
-1099398,-1059471
-1099412,-1059489
-1099431,-1059511
-1099444,-1059526
-1099457,-1059540
-1099469,-1059554
-1099481,-1059568
-1099494,-1059582
-1099506,-1059593
-1099516,-1059605
-1099525,-1059616
-1099543,-1059636
-1099558,-1059655
-1099571,-1059675
-1099586,-1059693
-1099600,-1059712
-1099615,-1059731
-1099632,-1059748
-1099648,-1059764
-1099663,-1059778
-1099674,-1059792
-1099687,-1059803
