0,0
55,1
96,-1
135,-3
171,-5
206,-6
239,-5
270,-4
299,-1
326,1
353,5
380,10
407,15
435,20
465,28
497,37
529,49
562,63
594,77
625,89
654,103
681,117
708,130
735,142
764,153
795,164
828,175
863,189
898,205
933,224
970,243
1008,263
1049,284
1093,308
1137,333
1180,362
1223,392
1265,420
1308,449
1351,478
1394,510
1437,545
1484,585
1536,630
1592,679
1651,734
1713,793
1779,854
1847,920
1916,986
1990,1053
2066,1121
2144,1190
2225,1261
2313,1335
2403,1413
2495,1494
2600,1585
2698,1672
2798,1762
2900,1856
3006,1952
3114,2053
3227,2157
3345,2263
3464,2372
3588,2480
3715,2589
3846,2698
3977,2809
4112,2918
4247,3028
4381,3138
4515,3245
4648,3351
4779,3459
4913,3567
5046,3675
5179,3782
5313,3891
5449,4001
5586,4116
5728,4234
5871,4358
6015,4485
6159,4615
6303,4745
6447,4877
6590,5008
6732,5141
6871,5275
7010,5408
7148,5543
7287,5679
7425,5817
7564,5955
7703,6093
7843,6232
7987,6376
8138,6521
8293,6671
8451,6823
8614,6979
8778,7133
8957,7302
9120,7456
9283,7610
9450,7762
9616,7917
9784,8071
9957,8231
10132,8392
10310,8554
10489,8717
10670,8883
10851,9051
11032,9220
11212,9389
11393,9556
11575,9727
11760,9900
11946,10075
12132,10250
12318,10426
12505,10603
12689,10784
12870,10964
13048,11139
13221,11311
13390,11483
13553,11651
13711,11819
13865,11983
14015,12145
14165,12302
14313,12455
14462,12606
14612,12759
14767,12913
14922,13072
15079,13234
15235,13397
15392,13561
15550,13728
15710,13895
15895,14079
16065,14245
16230,14410
16389,14573
16550,14730
16709,14886
16865,15040
17020,15196
17175,15351
17330,15510
17486,15672
17643,15835
17803,15999
17966,16164
18130,16330
18296,16493
18460,16652
18621,16809
18777,16965
18930,17118
19081,17272
19231,17426
19380,17582
19529,17738
19679,17893
19831,18051
19983,18213
20141,18378
20301,18548
20466,18721
20633,18895
20802,19069
20972,19243
21142,19417
21311,19589
21482,19760
21651,19929
21821,20096
21988,20261
22172,20443
22338,20606
22503,20770
22667,20933
22833,21095
23000,21259
23170,21425
23341,21594
23513,21764
23687,21935
23863,22108
24040,22280
24218,22454
24396,22628
24573,22804
24747,22980
24918,23156
25087,23333
25255,23511
25424,23688
25592,23864
25759,24038
25924,24212
26091,24387
26261,24562
26431,24738
26603,24914
26777,25090
26952,25267
27125,25440
27298,25612
27469,25781
27640,25946
27811,26107
27983,26265
28156,26421
28329,26576
28501,26732
28673,26889
28846,27045
29035,27220
29207,27382
29379,27547
29553,27716
29730,27887
29909,28063
30089,28240
30272,28418
30453,28597
30633,28775
30810,28952
30986,29126
31160,29299
31330,29470
31498,29641
31664,29811
31827,29980
31987,30147
32148,30310
32312,30474
32480,30641
32652,30811
32830,30984
33012,31159
33195,31337
33376,31517
33554,31697
33730,31876
33903,32054
34078,32227
34252,32399
34425,32573
34604,32744
34782,32916
34957,33087
35130,33252
35303,33416
35475,33580
35649,33748
35844,33934
36022,34105
36201,34277
36381,34450
36560,34624
36735,34799
36910,34973
37083,35147
37251,35319
37413,35487
37571,35652
37728,35820
37883,35985
38035,36151
38187,36312
38342,36470
38498,36632
38657,36794
38819,36956
38985,37121
39154,37287
39327,37452
39501,37618
39674,37782
39845,37942
40014,38099
40183,38256
40351,38413
40519,38573
40689,38733
40856,38895
41024,39057
41191,39221
41358,39388
41526,39557
41696,39730
41868,39903
42041,40075
42215,40245
42409,40431
42584,40596
42757,40754
42926,40906
43095,41055
43260,41204
43423,41352
43586,41500
43750,41653
43916,41808
44081,41962
44245,42116
44411,42271
44580,42429
44754,42589
44930,42751
45107,42914
45283,43077
45460,43236
45636,43395
45809,43553
45980,43706
46148,43855
46314,44000
46483,44144
46656,44288
46831,44435
47008,44584
47185,44732
47362,44880
47539,45026
47720,45175
47908,45325
48097,45476
48287,45626
48479,45775
48671,45927
48863,46080
49056,46230
49247,46381
49455,46549
49642,46701
49827,46855
50010,47011
50192,47168
50373,47323
50548,47476
50725,47625
50907,47774
51093,47926
51285,48080
51479,48232
51677,48385
51875,48538
52076,48689
52277,48837
52474,48983
52672,49125
52871,49266
53072,49405
53274,49541
53474,49674
53674,49807
53877,49939
54081,50073
54284,50213
54489,50354
54694,50500
54898,50650
55103,50802
55310,50957
55518,51116
55730,51278
55942,51443
56153,51607
56361,51768
56566,51928
56769,52085
56970,52238
57183,52403
57370,52551
57558,52695
57743,52837
57926,52978
58110,53117
58297,53257
58485,53400
58675,53546
58867,53695
59060,53847
59256,54000
59455,54156
59654,54315
59854,54476
60052,54637
60247,54799
60441,54960
60633,55120
60822,55281
61011,55439
61203,55596
61390,55749
61574,55897
61754,56047
61932,56199
62112,56353
62292,56511
62474,56672
62658,56836
62846,57005
63034,57179
63224,57355
63414,57530
63598,57704
63778,57876
63957,58045
64138,58212
64319,58378
64501,58547
64704,58728
64888,58893
65073,59058
65260,59223
65447,59392
65637,59564
65828,59737
66019,59913
66212,60089
66405,60268
66601,60448
66796,60629
66989,60808
67181,60987
67369,61164
67555,61337
67740,61508
67922,61679
68105,61851
68288,62025
68469,62203
68646,62381
68824,62557
69004,62737
69186,62919
69370,63105
69552,63294
69734,63484
69920,63675
70110,63869
70301,64064
70491,64256
70678,64442
70860,64623
71035,64799
71206,64973
71373,65150
71538,65325
71698,65499
71871,65687
72029,65857
72188,66029
72354,66203
72522,66379
72692,66557
72863,66734
73035,66911
73211,67089
73388,67268
73565,67445
73738,67620
73908,67789
74074,67953
74240,68110
74405,68267
74568,68425
74728,68582
74889,68736
75047,68891
75206,69046
75368,69201
75533,69359
75699,69521
75862,69683
76023,69841
76181,69997
76338,70150
76491,70300
76643,70446
76791,70591
76938,70737
77085,70887
77234,71037
77381,71188
77525,71339
77669,71490
77817,71646
77970,71806
78143,71987
78302,72151
78465,72317
78629,72482
78796,72647
78966,72810
79137,72971
79305,73130
79474,73287
79643,73441
79811,73596
79976,73751
80142,73905
80305,74063
80466,74223
80628,74384
80793,74546
80959,74713
81133,74885
81315,75064
81502,75245
81687,75427
81871,75607
82055,75784
82235,75960
82411,76135
82585,76304
82754,76471
82919,76636
83081,76800
83243,76964
83400,77129
83553,77292
83705,77453
83860,77617
84020,77787
84186,77961
84358,78139
84535,78320
84714,78501
84913,78700
85095,78881
85278,79061
85461,79239
85642,79412
85819,79579
85995,79742
86171,79905
86349,80068
86524,80233
86701,80401
86880,80569
87059,80739
87238,80909
87419,81080
87602,81255
87788,81432
87975,81612
88165,81793
88351,81974
88537,82155
88724,82337
88910,82521
89095,82706
89278,82890
89464,83075
89640,83263
89814,83444
89986,83621
90157,83799
90329,83976
90506,84154
90687,84336
90872,84519
91062,84703
91256,84888
91454,85077
91655,85267
91856,85457
92075,85665
92273,85852
92469,86038
92661,86221
92851,86401
93035,86579
93215,86756
93393,86933
93573,87108
93752,87284
93929,87460
94104,87634
94277,87807
94448,87980
94621,88152
94796,88325
94974,88500
95154,88676
95331,88849
95503,89019
95668,89186
95827,89350
95982,89515
96138,89679
96291,89843
96441,90005
96593,90166
96746,90327
96904,90488
97066,90649
97232,90810
97401,90970
97573,91130
97746,91293
97923,91461
98102,91633
98284,91806
98465,91979
98642,92151
98816,92322
99006,92510
99177,92682
99348,92855
99518,93027
99687,93198
99860,93369
100036,93540
100210,93711
100383,93881
100557,94052
100734,94221
100910,94390
101086,94559
101259,94728
101430,94895
101595,95062
101756,95226
101917,95391
102079,95557
102242,95724
102402,95888
102559,96051
102716,96213
102875,96381
103038,96553
103206,96727
103377,96904
103548,97083
103717,97265
103885,97447
104058,97627
104232,97805
104405,97980
104576,98154
104747,98326
104916,98498
105079,98669
105253,98855
105407,99019
105561,99180
105715,99343
105873,99509
106039,99676
106209,99847
106382,100020
106559,100190
106737,100357
106914,100524
107088,100692
107261,100859
107430,101024
107594,101191
107758,101360
107924,101529
108087,101697
108245,101864
108404,102032
108565,102198
108727,102367
108890,102537
109057,102705
109225,102875
109393,103047
109562,103217
109730,103386
109893,103553
110056,103719
110219,103882
110382,104042
110537,104199
110688,104352
110856,104517
111012,104669
111169,104824
111330,104981
111494,105138
111660,105298
111827,105463
111997,105631
112163,105800
112332,105963
112500,106123
112663,106280
112825,106434
112983,106587
113141,106740
113298,106891
113453,107038
113606,107182
113763,107325
113922,107468
114082,107612
114243,107758
114407,107904
114573,108052
114741,108201
114910,108353
115082,108505
115253,108655
115425,108802
115597,108948
115770,109092
115944,109236
116120,109380
116297,109525
116490,109686
116662,109832
116831,109980
117001,110128
117178,110279
117361,110435
117549,110592
117741,110752
117935,110913
118129,111076
118323,111241
118515,111409
118707,111581
118896,111753
119081,111923
119262,112091
119440,112259
119618,112428
119793,112598
119966,112765
120135,112931
120306,113096
120480,113262
120657,113427
120837,113591
121021,113755
121208,113919
121397,114082
121588,114242
121782,114401
121975,114559
122165,114714
122351,114867
122534,115019
122719,115172
122927,115344
123118,115504
123310,115671
123505,115842
123705,116016
123906,116196
124108,116376
124312,116554
124519,116734
124730,116912
124942,117086
125155,117257
125365,117427
125571,117594
125778,117757
125983,117920
126187,118082
126385,118243
126579,118403
126769,118560
126960,118719
127154,118880
127353,119044
127560,119209
127773,119376
127989,119545
128208,119713
128431,119882
128653,120050
128872,120218
129089,120386
129304,120551
129521,120712
129737,120871
129974,121048
130189,121207
130404,121369
130621,121534
130841,121700
131061,121866
131285,122036
131510,122210
131738,122390
131972,122573
132207,122756
132442,122944
132678,123127
132911,123311
133136,123497
133356,123682
133571,123867
133784,124049
133992,124227
134198,124400
134407,124569
134619,124737
134832,124907
135049,125077
135269,125249
135493,125422
135720,125596
135946,125774
136171,125955
136394,126138
136615,126324
136835,126509
137052,126691
137264,126871
137493,127073
137697,127257
137901,127445
138105,127635
138309,127826
138514,128015
138722,128206
138932,128404
139146,128604
139363,128805
139584,129005
139809,129206
140033,129408
140253,129609
140471,129807
140680,130000
140878,130190
141072,130378
141262,130566
141449,130759
141635,130950
141818,131139
142001,131324
142187,131507
142376,131691
142570,131879
142771,132068
142979,132259
143192,132456
143408,132658
143625,132860
143842,133064
144057,133266
144271,133466
144507,133684
144722,133881
144935,134077
145143,134276
145348,134476
145551,134676
145748,134873
145943,135068
146141,135262
146340,135463
146542,135669
146748,135877
146958,136086
147167,136293
147374,136493
147577,136690
147776,136885
147968,137078
148157,137269
148342,137462
148525,137654
148704,137843
148878,138028
149051,138210
149230,138393
149416,138578
149608,138768
149805,138960
150005,139152
150206,139344
150404,139536
150601,139726
150800,139918
151002,140111
151225,140327
151425,140520
151625,140713
151823,140907
152018,141100
152214,141288
152408,141477
152599,141667
152792,141859
152986,142052
153180,142247
153378,142444
153578,142641
153778,142837
153977,143031
154177,143221
154374,143412
154569,143600
154759,143788
154945,143979
155127,144168
155306,144355
155481,144541
155657,144726
155838,144913
156023,145107
156211,145308
156406,145512
156607,145716
156811,145919
157021,146121
157234,146324
157444,146521
157648,146711
157868,146912
158065,147093
158261,147277
158452,147462
158638,147642
158821,147819
159002,147994
159181,148171
159364,148348
159553,148530
159744,148718
159936,148909
160130,149101
160322,149293
160513,149481
160699,149663
160879,149840
161052,150015
161225,150189
161396,150363
161567,150539
161740,150712
161917,150883
162093,151059
162269,151238
162447,151418
162627,151600
162807,151784
162987,151967
163167,152147
163344,152324
163521,152498
163697,152671
163871,152842
164064,153027
164238,153190
164409,153351
164572,153510
164732,153666
164892,153823
165051,153981
165211,154139
165374,154298
165540,154460
165709,154628
165880,154798
166053,154969
166226,155138
166397,155309
166567,155479
166739,155649
166908,155821
167075,155992
167239,156160
167399,156324
167559,156485
167722,156644
167887,156801
168050,156961
168214,157123
168381,157285
168553,157450
168726,157619
168902,157791
169081,157963
169260,158135
169434,158309
169606,158480
169941,158797
170109,158948
170277,159099
170446,159251
170613,159404
170779,159558
170949,159715
171121,159875
171296,160040
171473,160204
171653,160367
171834,160530
172014,160691
172193,160850
172372,161008
172550,161168
172727,161327
172900,161484
173075,161645
173255,161811
173436,161984
173617,162157
173798,162328
173978,162494
174157,162659
174339,162820
174524,162981
174713,163143
174908,163304
175107,163462
175303,163617
175500,163767
175698,163910
175894,164047
176089,164180
176304,164322
176499,164449
176690,164575
176879,164697
177066,164819
177250,164942
177433,165066
177620,165193
177809,165326
178000,165465
178191,165609
178382,165759
178577,165914
178769,166071
178955,166229
179136,166384
179317,166536
179495,166687
179668,166837
179836,166984
179997,167123
180152,167253
180304,167375
180457,167493
180612,167612
180770,167735
180936,167861
181112,167990
181292,168121
181472,168252
181653,168385
181835,168518
182018,168651
182197,168781
182387,168917
182551,169034
182714,169147
182877,169260
183034,169374
183189,169486
183347,169594
183506,169702
183669,169814
183837,169931
184007,170054
184180,170181
184356,170308
184530,170438
184703,170568
184877,170697
185050,170828
185223,170956
185398,171081
185571,171207
185742,171337
185909,171472
186077,171606
186242,171742
186405,171881
186573,172021
186743,172166
186914,172313
187087,172459
187265,172603
187446,172747
187630,172894
187818,173042
188006,173190
188216,173352
188405,173501
188585,173652
188760,173801
188932,173947
189096,174095
189255,174243
189417,174387
189577,174535
189737,174687
189901,174840
190069,174996
190239,175155
190410,175317
190585,175480
190758,175647
190933,175814
191105,175980
191275,176147
191440,176319
191602,176494
191761,176670
191917,176845
192069,177013
192216,177178
192364,177341
192513,177508
192663,177679
192816,177853
192970,178026
193127,178197
193287,178371
193449,178548
193617,178727
193806,178924
193976,179102
194148,179276
194324,179448
194501,179617
194675,179784
194847,179948
195021,180110
195198,180277
195377,180450
195559,180630
195744,180816
195931,181007
196121,181200
196312,181397
196503,181597
196693,181797
196879,181998
197062,182196
197243,182393
197421,182589
197597,182784
197773,182973
197949,183158
198125,183340
198301,183521
198478,183706
198661,183894
198849,184081
199042,184270
199238,184460
199434,184655
199630,184853
199826,185050
200036,185265
200224,185451
200412,185633
200598,185816
200783,186000
200966,186182
201147,186361
201328,186539
201511,186720
201696,186900
201884,187083
202078,187269
202273,187460
202467,187655
202660,187848
202850,188035
203039,188234
203236,188405
203421,188580
203596,188758
203771,188932
203935,189098
204116,189251
204298,189397
204478,189550
204664,189701
204857,189851
205051,190007
205247,190167
205444,190328
205642,190490
205835,190655
206023,190821
206209,190986
206644,191364
206825,191525
207005,191683
207181,191840
207360,191997
207543,192156
207728,192319
207911,192484
208095,192648
208279,192808
208463,192969
208646,193133
208827,193297
209003,193457
209175,193617
209344,193780
209511,193945
209673,194106
209827,194261
209978,194413
210130,194565
210285,194723
210447,194885
210614,195050
210783,195219
210953,195390
211126,195560
211298,195728
211472,195895
211650,196061
211829,196228
212007,196391
212187,196551
212362,196712
212550,196892
212720,197055
212892,197217
213061,197383
213228,197550
213399,197719
213571,197893
213746,198070
213921,198249
214096,198428
214271,198607
214442,198782
214613,198949
214781,199112
214947,199276
215113,199439
215282,199602
215449,199762
215615,199919
215779,200072
215942,200228
216105,200390
216272,200555
216441,200724
216611,200896
216785,201071
216963,201247
217144,201425
217324,201607
217502,201788
217680,201967
217860,202144
218042,202320
218219,202498
218393,202673
218581,202856
218756,203021
218936,203190
219121,203361
219310,203535
219503,203712
219697,203895
219889,204080
220083,204263
220273,204445
220462,204624
220653,204798
220845,204970
221034,205145
221225,205319
221418,205489
221607,205651
221795,205806
221983,205957
222170,206106
222355,206254
222542,206401
222731,206551
222919,206707
223105,206867
223288,207028
223467,207189
223641,207351
223813,207513
223981,207675
224143,207835
224301,207991
224455,208144
224611,208294
224787,208461
224947,208611
225106,208756
225262,208893
225414,209021
225565,209139
225706,209251
225835,209360
225960,209466
226081,209576
226200,209695
226315,209816
226433,209937
226554,210060
226675,210187
226799,210319
226926,210452
227055,210589
227188,210733
227321,210883
227456,211040
227591,211203
227723,211372
227852,211547
227977,211723
228105,211895
228236,212063
228370,212232
228504,212402
228641,212568
228778,212734
228915,212898
229054,213062
229195,213227
229354,213412
229500,213582
229649,213752
229799,213924
229947,214095
230094,214265
230241,214433
230382,214603
230514,214771
230640,214937
230760,215101
230880,215263
231001,215420
231125,215571
231251,215723
231374,215882
231509,216038
231650,216193
231792,216353
231939,216513
232092,216673
232248,216833
232401,216992
232558,217146
232718,217301
232874,217458
233028,217613
233180,217761
233331,217904
233479,218045
233621,218183
233755,218314
233883,218441
234003,218564
234127,218694
234232,218805
234329,218906
234421,218999
234508,219088
234589,219173
234662,219252
234731,219323
234794,219386
234853,219443
234905,219495
234953,219540
234994,219579
235030,219614
235063,219649
235100,219685
235135,219725
235169,219767
235206,219807
235245,219848
235283,219888
235319,219927
235350,219963
235377,219993
235401,220016
235422,220033
235437,220048
235449,220060
235461,220070
235479,220085
235493,220096
235499,220109
235507,220123
235520,220137
