0,0
-12,-11
-23,-23
-36,-33
-49,-42
-61,-57
-68,-68
-80,-81
-96,-97
-113,-115
-130,-135
-139,-146
-150,-158
-165,-173
-185,-190
-210,-211
-237,-232
-266,-255
-298,-279
-331,-305
-367,-334
-405,-367
-444,-402
-485,-440
-527,-481
-570,-525
-614,-570
-659,-619
-706,-668
-752,-721
-799,-773
-845,-826
-892,-879
-940,-930
-988,-984
-1039,-1036
-1089,-1089
-1142,-1141
-1192,-1195
-1244,-1248
-1295,-1299
-1346,-1350
-1397,-1402
-1450,-1454
-1504,-1508
-1558,-1562
-1615,-1617
-1732,-1731
-1791,-1789
-1852,-1845
-1911,-1904
-1974,-1959
-2036,-2017
-2098,-2074
-2160,-2131
-2222,-2185
-2280,-2241
-2339,-2293
-2397,-2346
-2454,-2398
-2511,-2450
-2566,-2503
-2622,-2556
-2677,-2609
-2732,-2662
-2785,-2716
-2837,-2769
-2890,-2822
-2942,-2876
-2995,-2929
-3048,-2984
-3100,-3040
-3156,-3096
-3211,-3154
-3268,-3213
-3325,-3273
-3382,-3332
-3441,-3391
-3499,-3452
-3561,-3514
-3624,-3580
-3688,-3644
-3749,-3710
-3813,-3774
-3878,-3839
-3943,-3902
-4014,-3973
-4082,-4038
-4149,-4103
-4218,-4168
-4284,-4232
-4354,-4293
-4422,-4353
-4489,-4414
-4557,-4474
-4624,-4532
-4689,-4589
-4755,-4646
-4821,-4703
-4884,-4759
-4949,-4812
-5011,-4865
-5070,-4917
-5129,-4967
-5185,-5015
-5237,-5060
-5286,-5102
-5337,-5143
-5386,-5187
-5435,-5233
-5484,-5281
-5535,-5330
-5587,-5380
-5640,-5432
-5694,-5486
-5749,-5542
-5804,-5602
-5861,-5660
-5918,-5721
-5976,-5784
-6037,-5846
-6098,-5911
-6161,-5976
-6226,-6044
-6294,-6112
-6362,-6183
-6440,-6263
-6511,-6336
-6583,-6412
-6657,-6488
-6732,-6565
-6807,-6643
-6882,-6722
-6958,-6800
-7034,-6880
-7110,-6963
-7187,-7042
-7262,-7123
-7341,-7202
-7421,-7282
-7502,-7363
-7584,-7445
-7667,-7525
-7751,-7604
-7835,-7682
-7917,-7760
-8004,-7837
-8089,-7916
-8175,-7996
-8260,-8075
-8344,-8154
-8426,-8233
-8506,-8312
-8586,-8389
-8667,-8468
-8750,-8549
-8834,-8632
-8918,-8718
-9005,-8804
-9093,-8891
-9181,-8980
-9270,-9067
-9356,-9157
-9444,-9243
-9529,-9331
-9626,-9427
-9712,-9515
-9798,-9602
-9882,-9689
-9966,-9775
-10052,-9863
-10136,-9951
-10222,-10038
-10305,-10127
-10389,-10215
-10472,-10301
-10555,-10384
-10638,-10469
-10725,-10552
-10809,-10636
-10896,-10717
-10982,-10798
-11069,-10874
-11156,-10949
-11242,-11023
-11329,-11096
-11416,-11170
-11502,-11244
-11587,-11320
-11674,-11394
-11758,-11471
-11841,-11546
-11924,-11623
-12008,-11701
-12092,-11782
-12177,-11865
-12260,-11947
-12344,-12031
-12430,-12112
-12513,-12196
-12608,-12285
-12689,-12373
-12774,-12456
-12856,-12541
-12939,-12624
-13020,-12706
-13102,-12788
-13183,-12872
-13266,-12953
-13346,-13041
-13428,-13125
-13507,-13211
-13586,-13293
-13666,-13376
-13745,-13461
-13828,-13543
-13907,-13628
-13989,-13711
-14073,-13792
-14154,-13876
-14237,-13957
-14319,-14037
-14401,-14113
-14482,-14188
-14563,-14262
-14644,-14335
-14723,-14409
-14805,-14484
-14886,-14558
-14966,-14633
-15049,-14709
-15135,-14789
-15221,-14874
-15309,-14960
-15405,-15055
-15494,-15141
-15584,-15228
-15674,-15316
-15765,-15406
-15856,-15495
-15949,-15586
-16042,-15676
-16133,-15769
-16226,-15860
-16317,-15955
-16408,-16048
-16498,-16141
-16589,-16232
-16680,-16326
-16774,-16420
-16864,-16515
-16956,-16610
-17046,-16702
-17137,-16794
-17229,-16882
-17319,-16970
-17411,-17055
-17501,-17145
-17590,-17234
-17681,-17323
-17771,-17411
-17862,-17497
-17953,-17583
-18044,-17668
-18134,-17754
-18222,-17839
-18310,-17922
-18399,-18005
-18498,-18096
-18585,-18181
-18673,-18265
-18763,-18352
-18856,-18442
-18949,-18536
-19040,-18631
-19135,-18723
-19226,-18816
-19319,-18909
-19410,-19001
-19500,-19093
-19589,-19186
-19679,-19276
-19770,-19367
-19861,-19456
-19950,-19546
-20041,-19636
-20132,-19724
-20220,-19813
-20308,-19898
-20394,-19986
-20482,-20073
-20569,-20160
-20655,-20246
-20742,-20331
-20828,-20415
-20914,-20498
-21000,-20581
-21085,-20666
-21169,-20745
-21254,-20827
-21338,-20909
-21422,-20986
-21504,-21064
-21596,-21152
-21679,-21233
-21762,-21315
-21842,-21396
-21923,-21478
-22006,-21561
-22092,-21646
-22178,-21733
-22266,-21821
-22355,-21911
-22443,-22002
-22534,-22092
-22624,-22180
-22711,-22269
-22800,-22354
-22888,-22438
-22974,-22525
-23060,-22611
-23146,-22698
-23232,-22785
-23323,-22872
-23411,-22962
-23500,-23049
-23588,-23139
-23676,-23229
-23764,-23317
-23851,-23405
-23939,-23492
-24026,-23577
-24111,-23664
-24196,-23747
-24279,-23832
-24362,-23914
-24445,-23992
-24534,-24079
-24616,-24155
-24700,-24229
-24780,-24307
-24862,-24381
-24946,-24455
-25029,-24532
-25112,-24606
-25196,-24681
-25281,-24760
-25366,-24840
-25450,-24924
-25538,-25009
-25626,-25095
-25714,-25182
-25801,-25271
-25888,-25358
-25972,-25445
-26055,-25530
-26136,-25613
-26217,-25697
-26298,-25779
-26379,-25862
-26461,-25947
-26544,-26031
-26626,-26116
-26707,-26200
-26788,-26279
-26871,-26358
-26954,-26440
-27040,-26521
-27125,-26603
-27210,-26688
-27294,-26771
-27390,-26862
-27478,-26942
-27564,-27024
-27652,-27105
-27739,-27184
-27825,-27267
-27912,-27348
-27998,-27429
-28085,-27510
-28172,-27591
-28260,-27672
-28348,-27754
-28435,-27834
-28522,-27917
-28611,-28000
-28700,-28086
-28789,-28173
-28879,-28262
-28969,-28352
-29059,-28445
-29149,-28535
-29237,-28626
-29326,-28716
-29413,-28804
-29500,-28891
-29586,-28977
-29670,-29061
-29753,-29148
-29838,-29229
-29919,-29313
-30004,-29396
-30088,-29477
-30171,-29561
-30253,-29643
-30344,-29734
-30425,-29816
-30507,-29897
-30589,-29977
-30671,-30059
-30752,-30139
-30832,-30220
-30913,-30301
-30995,-30381
-31077,-30462
-31159,-30544
-31243,-30624
-31326,-30704
-31407,-30785
-31488,-30865
-31569,-30946
-31652,-31025
-31735,-31108
-31819,-31191
-31906,-31276
-31994,-31362
-32082,-31449
-32172,-31537
-32262,-31625
-32353,-31713
-32443,-31801
-32533,-31888
-32620,-31972
-32707,-32058
-32793,-32143
-32877,-32225
-32961,-32309
-33044,-32390
-33126,-32473
-33215,-32564
-33297,-32649
-33380,-32734
-33464,-32821
-33547,-32908
-33628,-32993
-33709,-33076
-33791,-33159
-33874,-33243
-33957,-33328
-34041,-33412
-34126,-33496
-34212,-33577
-34296,-33660
-34384,-33741
-34470,-33822
-34558,-33904
-34647,-33984
-34736,-34064
-34825,-34144
-34914,-34225
-35003,-34305
-35093,-34385
-35185,-34470
-35278,-34559
-35372,-34649
-35467,-34742
-35561,-34835
-35654,-34929
-35746,-35022
-35838,-35114
-35929,-35206
-36018,-35297
-36106,-35386
-36200,-35481
-36284,-35568
-36367,-35653
-36449,-35738
-36530,-35820
-36612,-35902
-36695,-35985
-36779,-36069
-36861,-36152
-36941,-36234
-37023,-36313
-37104,-36395
-37188,-36476
-37270,-36558
-37352,-36639
-37434,-36717
-37515,-36793
-37595,-36871
-37676,-36946
-37755,-37021
-37835,-37094
-37917,-37167
-37997,-37241
-38075,-37316
-38154,-37390
-38234,-37465
-38313,-37539
-38389,-37613
-38466,-37686
-38542,-37762
-38620,-37837
-38697,-37915
-38774,-37995
-38853,-38074
-38941,-38160
-39019,-38241
-39098,-38320
-39177,-38401
-39257,-38479
-39336,-38559
-39415,-38637
-39494,-38714
-39572,-38792
-39651,-38866
-39729,-38943
-39810,-39021
-39890,-39100
-39973,-39180
-40053,-39261
-40132,-39342
-40210,-39421
-40288,-39499
-40366,-39578
-40444,-39658
-40522,-39736
-40601,-39815
-40681,-39890
-40758,-39968
-40838,-40044
-40919,-40120
-40998,-40196
-41078,-40271
-41157,-40347
-41237,-40424
-41320,-40501
-41402,-40581
-41483,-40661
-41565,-40741
-41659,-40831
-41745,-40916
-41830,-41002
-41918,-41086
-42005,-41173
-42092,-41260
-42180,-41345
-42268,-41431
-42356,-41516
-42443,-41600
-42529,-41685
-42614,-41770
-42700,-41855
-42786,-41940
-42871,-42026
-42958,-42114
-43046,-42204
-43135,-42295
-43222,-42385
-43310,-42476
-43400,-42565
-43489,-42653
-43579,-42742
-43670,-42832
-43761,-42921
-43853,-43011
-43944,-43102
-44037,-43192
-44130,-43280
-44222,-43368
-44314,-43454
-44405,-43540
-44495,-43625
-44586,-43709
-44676,-43793
-44777,-43888
-44868,-43971
-44958,-44059
-45050,-44148
-45144,-44238
-45236,-44332
-45329,-44425
-45422,-44519
-45516,-44614
-45609,-44709
-45700,-44806
-45790,-44901
-45879,-44995
-45966,-45085
-46051,-45175
-46135,-45265
-46220,-45351
-46305,-45438
-46390,-45524
-46478,-45610
-46565,-45700
-46654,-45788
-46743,-45874
-46830,-45962
-46921,-46048
-47011,-46136
-47102,-46225
-47194,-46310
-47284,-46397
-47377,-46485
-47467,-46574
-47557,-46661
-47646,-46746
-47734,-46833
-47830,-46926
-47916,-47012
-48001,-47094
-48085,-47177
-48168,-47258
-48250,-47338
-48331,-47417
-48414,-47497
-48497,-47580
-48579,-47662
-48662,-47745
-48744,-47824
-48826,-47904
-48906,-47984
-48986,-48063
-49065,-48144
-49145,-48224
-49224,-48303
-49300,-48384
-49376,-48462
-49453,-48540
-49528,-48619
-49604,-48696
-49681,-48772
-49758,-48850
-49833,-48929
-49910,-49005
-49985,-49083
-50061,-49159
-50137,-49234
-50212,-49309
-50288,-49383
-50364,-49457
-50440,-49532
-50524,-49612
-50602,-49683
-50678,-49755
-50754,-49825
-50832,-49893
-50907,-49963
-50981,-50033
-51057,-50100
-51129,-50169
-51201,-50236
-51274,-50304
-51347,-50370
-51416,-50437
-51487,-50503
-51559,-50570
-51630,-50640
-51700,-50709
-51769,-50777
-51839,-50849
-51910,-50918
-51981,-50991
-52052,-51063
-52123,-51133
-52192,-51204
-52260,-51276
-52329,-51345
-52395,-51416
-52462,-51483
-52530,-51552
-52599,-51623
-52671,-51693
-52740,-51764
-52810,-51833
-52880,-51898
-52956,-51974
-53028,-52041
-53100,-52109
-53173,-52179
-53246,-52248
-53321,-52318
-53395,-52389
-53470,-52459
-53544,-52530
-53618,-52601
-53694,-52671
-53768,-52742
-53841,-52812
-53915,-52882
-53989,-52951
-54061,-53021
-54132,-53088
-54205,-53154
-54278,-53222
-54352,-53294
-54426,-53364
-54497,-53434
-54572,-53501
-54646,-53570
-54720,-53645
-54794,-53720
-54867,-53796
-54942,-53872
-55017,-53945
-55092,-54020
-55166,-54097
-55243,-54172
-55320,-54249
-55399,-54326
-55487,-54416
-55567,-54499
-55649,-54581
-55728,-54662
-55808,-54743
-55888,-54826
-55969,-54907
-56051,-54991
-56133,-55074
-56216,-55154
-56298,-55237
-56380,-55317
-56463,-55398
-56544,-55477
-56624,-55556
-56706,-55633
-56787,-55711
-56866,-55789
-56944,-55862
-57024,-55934
-57101,-56007
-57178,-56076
-57252,-56147
-57329,-56216
-57405,-56287
-57482,-56358
-57558,-56430
-57634,-56502
-57711,-56574
-57788,-56648
-57864,-56723
-57939,-56799
-58014,-56876
-58089,-56951
-58169,-57033
-58241,-57108
-58313,-57183
-58384,-57257
-58455,-57333
-58527,-57408
-58600,-57482
-58672,-57559
-58745,-57633
-58816,-57708
-58887,-57779
-58958,-57848
-59030,-57920
-59104,-57989
-59178,-58061
-59252,-58131
-59326,-58203
-59402,-58273
-59478,-58343
-59556,-58413
-59633,-58485
-59709,-58556
-59786,-58626
-59863,-58695
-59939,-58764
-60016,-58833
-60092,-58904
-60170,-58974
-60246,-59048
-60323,-59120
-60398,-59193
-60478,-59265
-60556,-59340
-60632,-59417
-60716,-59499
-60792,-59577
-60869,-59653
-60944,-59730
-61019,-59808
-61092,-59885
-61164,-59961
-61235,-60036
-61306,-60111
-61376,-60185
-61448,-60259
-61519,-60332
-61591,-60407
-61665,-60482
-61740,-60559
-61814,-60638
-61892,-60716
-61969,-60796
-62046,-60880
-62125,-60962
-62204,-61044
-62282,-61124
-62361,-61204
-62440,-61280
-62520,-61356
-62600,-61430
-62680,-61504
-62759,-61577
-62840,-61651
-62922,-61724
-63004,-61797
-63086,-61871
-63169,-61944
-63254,-62021
-63339,-62100
-63433,-62187
-63518,-62271
-63607,-62356
-63698,-62444
-63791,-62537
-63885,-62630
-63983,-62724
-64080,-62821
-64177,-62916
-64273,-63013
-64369,-63108
-64462,-63201
-64554,-63295
-64645,-63387
-64734,-63479
-64825,-63570
-64915,-63660
-65006,-63752
-65097,-63845
-65187,-63939
-65275,-64032
-65364,-64122
-65452,-64211
-65541,-64299
-65630,-64389
-65721,-64478
-65811,-64570
-65904,-64661
-65995,-64755
-66089,-64848
-66184,-64940
-66279,-65034
-66378,-65126
-66476,-65220
-66583,-65323
-66681,-65414
-66780,-65506
-66878,-65600
-66975,-65696
-67075,-65793
-67176,-65892
-67276,-65992
-67377,-66090
-67478,-66190
-67578,-66288
-67676,-66388
-67775,-66484
-67871,-66580
-67966,-66676
-68060,-66768
-68153,-66860
-68245,-66953
-68339,-67042
-68431,-67137
-68524,-67230
-68618,-67324
-68711,-67418
-68804,-67510
-68895,-67599
-68989,-67690
-69083,-67780
-69178,-67870
-69273,-67961
-69366,-68053
-69459,-68144
-69553,-68233
-69644,-68320
-69735,-68401
-69833,-68490
-69920,-68568
-70007,-68647
-70093,-68728
-70180,-68809
-70268,-68892
-70356,-68979
-70445,-69065
-70536,-69155
-70629,-69248
-70724,-69343
-70817,-69440
-70914,-69533
-71010,-69626
-71102,-69720
-71194,-69813
-71285,-69904
-71371,-69993
-71456,-70081
-71539,-70164
-71620,-70247
-71702,-70327
-71785,-70406
-71867,-70492
-71953,-70575
-72037,-70661
-72122,-70745
-72208,-70828
-72292,-70911
-72376,-70992
-72461,-71072
-72545,-71155
-72630,-71236
-72713,-71317
-72804,-71407
-72888,-71487
-72971,-71565
-73051,-71644
-73133,-71718
-73210,-71794
-73287,-71866
-73365,-71939
-73444,-72014
-73522,-72089
-73601,-72164
-73680,-72240
-73761,-72319
-73843,-72400
-73924,-72482
-74006,-72561
-74087,-72641
-74166,-72720
-74247,-72801
-74327,-72884
-74406,-72965
-74485,-73045
-74562,-73125
-74640,-73203
-74716,-73280
-74793,-73357
-74870,-73435
-74946,-73515
-75027,-73595
-75108,-73680
-75192,-73769
-75276,-73859
-75361,-73944
-75444,-74029
-75538,-74121
-75625,-74203
-75710,-74287
-75796,-74367
-75879,-74449
-75964,-74526
-76046,-74603
-76128,-74678
-76209,-74751
-76289,-74825
-76367,-74897
-76444,-74969
-76519,-75040
-76595,-75110
-76672,-75182
-76749,-75261
-76827,-75339
-76905,-75417
-76985,-75494
-77067,-75573
-77147,-75654
-77228,-75736
-77311,-75818
-77394,-75902
-77478,-75988
-77559,-76072
-77641,-76155
-77721,-76235
-77801,-76316
-77877,-76397
-77956,-76477
-78033,-76558
-78109,-76640
-78189,-76721
-78277,-76815
-78360,-76901
-78443,-76986
-78525,-77070
-78609,-77154
-78693,-77234
-78775,-77313
-78858,-77386
-78939,-77460
-79021,-77532
-79102,-77608
-79185,-77683
-79267,-77760
-79350,-77837
-79434,-77913
-79516,-77990
-79598,-78066
-79680,-78142
-79760,-78219
-79841,-78298
-79922,-78373
-80002,-78452
-80082,-78528
-80165,-78603
-80249,-78681
-80333,-78761
-80417,-78840
-80502,-78922
-80588,-79007
-80677,-79093
-80763,-79182
-80849,-79268
-80932,-79353
-81014,-79433
-81103,-79522
-81182,-79605
-81262,-79685
-81343,-79768
-81425,-79851
-81509,-79934
-81594,-80022
-81679,-80112
-81767,-80201
-81854,-80293
-81941,-80381
-82028,-80470
-82115,-80558
-82202,-80645
-82287,-80732
-82373,-80818
-82459,-80904
-82546,-80991
-82635,-81075
-82723,-81163
-82810,-81247
-82897,-81331
-82984,-81414
-83074,-81495
-83161,-81580
-83250,-81663
-83340,-81751
-83433,-81838
-83525,-81923
-83616,-82012
-83709,-82097
-83803,-82185
-83897,-82273
-83994,-82360
-84100,-82462
-84197,-82554
-84294,-82649
-84390,-82745
-84486,-82841
-84582,-82939
-84678,-83034
-84776,-83132
-84876,-83228
-84976,-83326
-85077,-83424
-85178,-83521
-85279,-83621
-85375,-83721
-85474,-83822
-85571,-83922
-85669,-84023
-85766,-84122
-85862,-84221
-85957,-84320
-86051,-84417
-86145,-84515
-86241,-84610
-86337,-84704
-86434,-84796
-86532,-84889
-86629,-84981
-86725,-85072
-86820,-85161
-86915,-85247
-87009,-85333
-87102,-85420
-87194,-85506
-87285,-85593
-87376,-85681
-87477,-85780
-87568,-85869
-87658,-85959
-87747,-86048
-87834,-86137
-87921,-86223
-88005,-86308
-88090,-86391
-88175,-86472
-88258,-86552
-88342,-86629
-88426,-86707
-88510,-86786
-88595,-86868
-88681,-86948
-88764,-87030
-88847,-87109
-88932,-87190
-89016,-87272
-89099,-87353
-89180,-87434
-89261,-87513
-89342,-87591
-89422,-87669
-89502,-87746
-89582,-87824
-89662,-87901
-89743,-87976
-89824,-88052
-89906,-88128
-89986,-88205
-90068,-88282
-90150,-88361
-90229,-88440
-90338,-88544
-90418,-88619
-90497,-88696
-90578,-88773
-90658,-88852
-90739,-88929
-90818,-89009
-90896,-89089
-90974,-89169
-91052,-89248
-91130,-89327
-91208,-89406
-91288,-89485
-91369,-89563
-91451,-89646
-91534,-89729
-91621,-89815
-91709,-89904
-91798,-89992
-91885,-90080
-91972,-90166
-92058,-90254
-92148,-90345
-92240,-90437
-92333,-90531
-92426,-90624
-92520,-90718
-92613,-90812
-92708,-90906
-92804,-90999
-92899,-91091
-92995,-91181
-93090,-91270
-93186,-91360
-93292,-91457
-93386,-91546
-93482,-91636
-93575,-91725
-93668,-91816
-93761,-91904
-93855,-91991
-93948,-92085
-94043,-92180
-94141,-92278
-94240,-92376
-94337,-92477
-94435,-92577
-94534,-92677
-94630,-92776
-94728,-92873
-94823,-92970
-94918,-93065
-95011,-93160
-95104,-93255
-95196,-93349
-95288,-93443
-95380,-93535
-95473,-93628
-95567,-93723
-95661,-93819
-95756,-93914
-95852,-94011
-95950,-94108
-96049,-94204
-96148,-94301
-96249,-94396
-96347,-94494
-96448,-94590
-96560,-94696
-96662,-94793
-96765,-94888
-96867,-94985
-96969,-95080
-97069,-95173
-97169,-95265
-97268,-95359
-97366,-95455
-97465,-95552
-97565,-95650
-97664,-95747
-97764,-95847
-97866,-95946
-97968,-96047
-98068,-96148
-98169,-96246
-98267,-96345
-98364,-96442
-98460,-96537
-98552,-96630
-98644,-96720
-98732,-96808
-98819,-96897
-98907,-96983
-98994,-97070
-99080,-97159
-99168,-97247
-99257,-97336
-99346,-97427
-99437,-97520
-99530,-97613
-99622,-97708
-99714,-97804
-99817,-97905
-99909,-97998
-100004,-98092
-100099,-98185
-100195,-98278
-100292,-98369
-100390,-98460
-100487,-98553
-100585,-98643
-100684,-98734
-100783,-98826
-100882,-98915
-100978,-99005
-101072,-99094
-101164,-99177
-101255,-99263
-101346,-99350
-101439,-99440
-101530,-99531
-101623,-99620
-101714,-99712
-101804,-99804
-101895,-99896
-101984,-99988
-102071,-100080
-102157,-100170
-102244,-100258
-102328,-100346
-102413,-100435
-102499,-100525
-102589,-100615
-102681,-100708
-102784,-100817
-102879,-100914
-102975,-101012
-103070,-101107
-103164,-101203
-103259,-101297
-103353,-101389
-103447,-101481
-103542,-101570
-103637,-101662
-103734,-101751
-103830,-101840
-103925,-101930
-104020,-102017
-104115,-102106
-104208,-102194
-104303,-102282
-104397,-102371
-104491,-102459
-104584,-102549
-104678,-102638
-104771,-102728
-104862,-102820
-104956,-102911
-105049,-103004
-105143,-103098
-105240,-103192
-105334,-103291
-105430,-103387
-105525,-103485
-105629,-103592
-105722,-103688
-105813,-103785
-105904,-103878
-105994,-103971
-106085,-104065
-106176,-104160
-106264,-104254
-106353,-104346
-106443,-104438
-106535,-104529
-106627,-104619
-106720,-104710
-106815,-104800
-106911,-104888
-107004,-104977
-107099,-105064
-107190,-105151
-107282,-105237
-107373,-105322
-107465,-105408
-107557,-105493
-107650,-105579
-107743,-105665
-107835,-105751
-107928,-105835
-108018,-105918
-108111,-106004
-108206,-106091
-108302,-106181
-108404,-106281
-108502,-106369
-108601,-106462
-108698,-106557
-108796,-106653
-108894,-106750
-108992,-106848
-109090,-106946
-109186,-107042
-109281,-107139
-109372,-107232
-109465,-107324
-109556,-107415
-109646,-107507
-109736,-107599
-109828,-107692
-109920,-107790
-110013,-107888
-110106,-107986
-110201,-108084
-110297,-108182
-110396,-108282
-110498,-108386
-110602,-108490
-110706,-108593
-110808,-108696
-110913,-108796
-111019,-108898
-111123,-108997
-111228,-109095
-111342,-109200
-111444,-109295
-111547,-109390
-111650,-109484
-111750,-109577
-111849,-109671
-111951,-109766
-112050,-109864
-112151,-109962
-112252,-110064
-112355,-110166
-112460,-110270
-112566,-110374
-112674,-110479
-112781,-110584
-112884,-110688
-112987,-110786
-113087,-110884
-113184,-110979
-113281,-111073
-113378,-111166
-113476,-111264
-113574,-111364
-113676,-111465
-113780,-111569
-113886,-111674
-113993,-111784
-114099,-111893
-114204,-111998
-114308,-112106
-114422,-112216
-114524,-112321
-114628,-112426
-114732,-112529
-114836,-112636
-114940,-112740
-115046,-112841
-115151,-112943
-115256,-113042
-115361,-113140
-115464,-113238
-115566,-113333
-115667,-113430
-115770,-113523
-115871,-113616
-115971,-113713
-116073,-113809
-116176,-113909
-116281,-114010
-116387,-114114
-116494,-114220
-116602,-114327
-116710,-114432
-116817,-114538
-116921,-114641
-117023,-114743
-117121,-114843
-117217,-114941
-117311,-115037
-117404,-115131
-117504,-115237
-117597,-115332
-117689,-115431
-117784,-115527
-117877,-115624
-117969,-115720
-118062,-115815
-118155,-115912
-118250,-116003
-118346,-116099
-118444,-116194
-118544,-116287
-118641,-116380
-118738,-116470
-118835,-116562
-118934,-116653
-119031,-116745
-119129,-116836
-119228,-116925
-119323,-117015
-119418,-117104
-119513,-117192
-119607,-117285
-119704,-117378
-119800,-117473
-119896,-117570
-119994,-117663
-120094,-117761
-120196,-117861
-120299,-117962
-120401,-118064
-120516,-118178
-120620,-118283
-120724,-118385
-120827,-118489
-120930,-118592
-121031,-118694
-121130,-118796
-121231,-118896
-121329,-118997
-121429,-119098
-121532,-119199
-121635,-119302
-121734,-119403
-121834,-119501
-121933,-119597
-122030,-119697
-122129,-119796
-122229,-119897
-122329,-120001
-122431,-120106
-122532,-120210
-122634,-120307
-122732,-120403
-122830,-120497
-122930,-120587
-123027,-120679
-123128,-120767
-123230,-120860
-123331,-120954
-123434,-121048
-123547,-121154
-123650,-121250
-123754,-121351
-123858,-121453
-123961,-121556
-124065,-121654
-124165,-121752
-124265,-121850
-124365,-121947
-124464,-122049
-124565,-122151
-124666,-122255
-124769,-122360
-124870,-122464
-124971,-122566
-125071,-122667
-125172,-122768
-125275,-122870
-125378,-122972
-125484,-123076
-125595,-123177
-125707,-123284
-125818,-123392
-125930,-123497
-126040,-123601
-126150,-123704
-126261,-123810
-126372,-123916
-126483,-124021
-126590,-124127
-126709,-124240
-126816,-124340
-126922,-124442
-127027,-124541
-127132,-124638
-127236,-124736
-127340,-124834
-127442,-124932
-127544,-125028
-127646,-125126
-127749,-125225
-127851,-125325
-127952,-125424
-128054,-125522
-128158,-125620
-128262,-125725
-128369,-125830
-128475,-125936
-128582,-126044
-128687,-126149
-128789,-126256
-128893,-126358
-128990,-126459
-129087,-126559
-129182,-126655
-129274,-126752
-129365,-126849
-129456,-126944
-129547,-127040
-129637,-127137
-129736,-127242
-129826,-127336
-129919,-127429
-130011,-127524
-130106,-127619
-130202,-127713
-130299,-127808
-130396,-127902
-130494,-127993
-130594,-128086
-130692,-128180
-130791,-128273
-130888,-128365
-130985,-128454
-131080,-128542
-131171,-128629
-131262,-128714
-131351,-128798
-131440,-128888
-131530,-128977
-131622,-129065
-131713,-129156
-131806,-129248
-131900,-129340
-131994,-129431
-132089,-129524
-132185,-129617
-132282,-129709
-132378,-129802
-132473,-129893
-132577,-129991
-132669,-130082
-132761,-130173
-132852,-130262
-132942,-130350
-133034,-130440
-133125,-130534
-133218,-130626
-133310,-130724
-133402,-130820
-133494,-130915
-133584,-131004
-133673,-131094
-133764,-131182
-133856,-131273
-133948,-131365
-134044,-131456
-134137,-131550
-134233,-131642
-134330,-131735
-134427,-131828
-134525,-131920
-134622,-132012
-134720,-132104
-134814,-132198
-134908,-132290
-135002,-132381
-135095,-132476
-135190,-132570
-135284,-132665
-135389,-132769
-135484,-132865
-135580,-132963
-135675,-133057
-135769,-133156
-135864,-133252
-135959,-133349
-136051,-133448
-136144,-133543
-136234,-133637
-136325,-133731
-136415,-133825
-136505,-133919
-136597,-134012
-136690,-134107
-136784,-134204
-136877,-134298
-136970,-134387
-137062,-134476
-137156,-134568
-137250,-134661
-137346,-134753
-137440,-134846
-137533,-134941
-137630,-135036
-137728,-135129
-137828,-135223
-137927,-135318
-138028,-135413
-138129,-135508
-138239,-135616
-138341,-135712
-138443,-135808
-138546,-135906
-138647,-136005
-138746,-136104
-138852,-136203
-138956,-136308
-139062,-136416
-139170,-136521
-139277,-136628
-139386,-136737
-139494,-136844
-139600,-136950
-139707,-137053
-139811,-137156
-139914,-137256
-140016,-137356
-140118,-137454
-140222,-137553
-140326,-137656
-140428,-137762
-140533,-137860
-140635,-137961
-140740,-138062
-140844,-138167
-140952,-138272
-141060,-138380
-141169,-138489
-141278,-138598
-141397,-138715
-141505,-138818
-141612,-138919
-141716,-139019
-141817,-139115
-141918,-139210
-142016,-139303
-142113,-139394
-142207,-139486
-142302,-139577
-142399,-139673
-142496,-139768
-142593,-139863
-142690,-139954
-142788,-140047
-142883,-140146
-142982,-140242
-143081,-140342
-143182,-140444
-143282,-140547
-143384,-140650
-143483,-140752
-143580,-140852
-143679,-140949
-143776,-141047
-143874,-141147
-143976,-141248
-144080,-141352
-144184,-141460
-144288,-141568
-144401,-141684
-144505,-141790
-144608,-141895
-144711,-142002
-144817,-142108
-144921,-142214
-145024,-142318
-145126,-142417
-145227,-142515
-145326,-142610
-145424,-142702
-145523,-142793
-145622,-142881
-145720,-142970
-145816,-143060
-145911,-143146
-146005,-143232
-146098,-143320
-146191,-143408
-146282,-143500
-146378,-143594
-146476,-143690
-146576,-143793
-146679,-143897
-146784,-144005
-146890,-144114
-146996,-144225
-147102,-144336
-147208,-144446
-147314,-144555
-147420,-144663
-147537,-144777
-147641,-144882
-147743,-144990
-147847,-145095
-147952,-145202
-148057,-145305
-148165,-145410
-148274,-145516
-148383,-145623
-148492,-145729
-148599,-145833
-148706,-145934
-148813,-146034
-148918,-146133
-149022,-146228
-149125,-146321
-149226,-146412
-149326,-146501
-149424,-146585
-149519,-146669
-149613,-146752
-149707,-146835
-149799,-146920
-149890,-147005
-149981,-147092
-150069,-147177
-150158,-147267
-150246,-147361
-150336,-147455
-150425,-147552
-150524,-147658
-150614,-147754
-150706,-147850
-150795,-147944
-150883,-148036
-150970,-148126
-151057,-148215
-151144,-148302
-151231,-148392
-151320,-148481
-151408,-148569
-151494,-148656
-151581,-148740
-151668,-148829
-151756,-148918
-151845,-149003
-151930,-149087
-152017,-149168
-152103,-149247
-152188,-149325
-152275,-149400
-152361,-149478
-152447,-149554
-152534,-149627
-152619,-149706
-152705,-149783
-152789,-149859
-152871,-149935
-152952,-150010
-153032,-150088
-153121,-150173
-153202,-150254
-153285,-150336
-153371,-150421
-153458,-150511
-153549,-150603
-153642,-150692
-153731,-150786
-153822,-150881
-153913,-150975
-154005,-151070
-154097,-151166
-154188,-151262
-154278,-151358
-154371,-151454
-154468,-151550
-154565,-151650
-154666,-151753
-154770,-151855
-154871,-151954
-154973,-152049
-155074,-152152
-155176,-152253
-155277,-152352
-155375,-152450
-155475,-152548
-155573,-152645
-155671,-152742
-155770,-152838
-155869,-152936
-155980,-153042
-156084,-153137
-156184,-153236
-156285,-153334
-156386,-153430
-156488,-153526
-156585,-153622
-156684,-153718
-156785,-153817
-156888,-153917
-156990,-154017
-157092,-154117
-157196,-154218
-157297,-154320
-157400,-154419
-157500,-154520
-157599,-154620
-157697,-154718
-157793,-154814
-157888,-154909
-157982,-155003
-158077,-155101
-158173,-155201
-158269,-155302
-158365,-155400
-158460,-155495
-158556,-155594
-158654,-155697
-158755,-155800
-158859,-155904
-158972,-156017
-159076,-156117
-159179,-156215
-159282,-156313
-159387,-156406
-159490,-156500
-159592,-156593
-159693,-156685
-159793,-156774
-159893,-156865
-159994,-156958
-160094,-157052
-160195,-157147
-160296,-157242
-160396,-157339
-160495,-157438
-160598,-157539
-160700,-157641
-160801,-157747
-160903,-157851
-161004,-157955
-161103,-158061
-161202,-158166
-161300,-158269
-161397,-158371
-161495,-158472
-161593,-158573
-161694,-158673
-161797,-158775
-161900,-158879
-162013,-158992
-162115,-159092
-162218,-159190
-162321,-159290
-162424,-159390
-162528,-159490
-162632,-159592
-162734,-159691
-162836,-159786
-162937,-159881
-163038,-159976
-163140,-160068
-163241,-160160
-163342,-160253
-163444,-160344
-163544,-160439
-163647,-160536
-163752,-160636
-163855,-160734
-163957,-160833
-164062,-160935
-164170,-161039
-164280,-161145
-164388,-161258
-164497,-161369
-164605,-161481
-164713,-161593
-164820,-161703
-164926,-161815
-165032,-161924
-165145,-162044
-165251,-162151
-165358,-162258
-165464,-162368
-165571,-162477
-165678,-162583
-165785,-162689
-165896,-162800
-166008,-162914
-166121,-163028
-166232,-163139
-166342,-163243
-166449,-163345
-166554,-163445
-166658,-163541
-166763,-163635
-166866,-163729
-166969,-163826
-167068,-163920
-167169,-164011
-167270,-164105
-167368,-164202
-167467,-164297
-167567,-164391
-167669,-164492
-167773,-164600
-167878,-164708
-167984,-164813
-168088,-164922
-168190,-165028
-168301,-165139
-168400,-165244
-168500,-165346
-168599,-165447
-168698,-165548
-168800,-165650
-168905,-165753
-169010,-165860
-169117,-165966
-169220,-166071
-169324,-166173
-169427,-166280
-169533,-166392
-169640,-166504
-169747,-166615
-169853,-166724
-169958,-166834
-170066,-166939
-170173,-167045
-170278,-167151
-170384,-167252
-170488,-167355
-170592,-167452
-170696,-167549
-170798,-167650
-170902,-167750
-171004,-167849
-171104,-167946
-171205,-168042
-171308,-168140
-171412,-168240
-171528,-168351
-171633,-168454
-171736,-168556
-171838,-168656
-171937,-168753
-172035,-168846
-172131,-168942
-172226,-169035
-172321,-169126
-172416,-169217
-172513,-169310
-172611,-169406
-172708,-169499
-172806,-169589
-172901,-169679
-173001,-169772
-173104,-169868
-173208,-169969
-173314,-170070
-173419,-170171
-173523,-170270
-173628,-170367
-173733,-170463
-173841,-170558
-173948,-170654
-174055,-170750
-174161,-170844
-174266,-170935
-174372,-171029
-174478,-171122
-174595,-171221
-174699,-171316
-174805,-171411
-174914,-171513
-175022,-171621
-175134,-171728
-175248,-171841
-175361,-171956
-175475,-172071
-175586,-172185
-175697,-172296
-175805,-172406
-175911,-172516
-176018,-172623
-176125,-172734
-176229,-172842
-176333,-172945
-176434,-173047
-176538,-173157
-176648,-173272
-176760,-173390
-176875,-173508
-176992,-173623
-177109,-173740
-177225,-173856
-177339,-173964
-177448,-174071
-177556,-174177
-177664,-174280
-177772,-174386
-177889,-174503
-177999,-174609
-178108,-174718
-178221,-174834
-178335,-174952
-178452,-175067
-178569,-175183
-178688,-175298
-178806,-175413
-178920,-175529
-179033,-175645
-179146,-175760
-179256,-175874
-179365,-175985
-179473,-176093
-179576,-176206
-179681,-176316
-179786,-176429
-179890,-176540
-179993,-176646
-180095,-176753
-180202,-176861
-180313,-176976
-180423,-177090
-180537,-177200
-180650,-177313
-180762,-177420
-180872,-177522
-180982,-177622
-181090,-177717
-181205,-177822
-181308,-177916
-181411,-178006
-181510,-178099
-181611,-178193
-181711,-178289
-181810,-178385
-181911,-178478
-182012,-178578
-182118,-178682
-182223,-178791
-182329,-178900
-182436,-179005
-182541,-179109
-182645,-179211
-182748,-179310
-182850,-179405
-182954,-179497
-183056,-179588
-183153,-179679
-183251,-179761
-183350,-179848
-183455,-179942
-183563,-180039
-183669,-180140
-183778,-180243
-183888,-180345
-183996,-180451
-184105,-180557
-184216,-180664
-184336,-180781
-184444,-180885
-184553,-180992
-184656,-181097
-184760,-181202
-184863,-181302
-184962,-181405
-185061,-181506
-185157,-181606
-185255,-181709
-185354,-181815
-185457,-181924
-185561,-182032
-185664,-182137
-185768,-182243
-185871,-182346
-185974,-182446
-186071,-182543
-186168,-182641
-186266,-182740
-186364,-182838
-186462,-182937
-186560,-183037
-186658,-183135
-186756,-183231
-186854,-183328
-186954,-183431
-187053,-183536
-187155,-183644
-187258,-183748
-187505,-184004
-187610,-184108
-187713,-184210
-187818,-184311
-187922,-184410
-188023,-184510
-188125,-184606
-188229,-184702
-188331,-184798
-188431,-184892
-188530,-184986
-188630,-185081
-188730,-185176
-188828,-185270
-188925,-185364
-189024,-185457
-189123,-185550
-189223,-185644
-189322,-185745
-189422,-185849
-189522,-185954
-189621,-186059
-189722,-186160
-189819,-186262
-189916,-186361
-190013,-186458
-190109,-186558
-190207,-186657
-190305,-186756
-190402,-186852
-190507,-186955
-190602,-187046
-190700,-187138
-190801,-187235
-190901,-187333
-191003,-187435
-191106,-187534
-191209,-187633
-191310,-187731
-191412,-187827
-191516,-187924
-191620,-188020
-191725,-188121
-191832,-188225
-191940,-188331
-192048,-188438
-192156,-188544
-192267,-188655
-192379,-188765
-192493,-188876
-192610,-188992
-192731,-189111
-192856,-189232
-192982,-189356
-193112,-189481
-193240,-189608
-193366,-189732
-193492,-189852
-193612,-189973
-193731,-190089
-193857,-190214
-193970,-190325
-194083,-190435
-194194,-190546
-194306,-190661
-194418,-190776
-194529,-190888
-194642,-190997
-194754,-191110
-194867,-191224
-194982,-191338
-195097,-191454
-195213,-191568
-195330,-191683
-195447,-191797
-195566,-191909
-195681,-192019
-195799,-192125
-195919,-192237
-196039,-192348
-196161,-192460
-196280,-192573
-196396,-192680
-196509,-192785
-196622,-192889
-196732,-193000
-196845,-193111
-196959,-193223
-197071,-193340
-197185,-193455
-197309,-193584
-197418,-193700
-197528,-193814
-197637,-193927
-197744,-194039
-197853,-194150
-197962,-194262
-198071,-194373
-198182,-194482
-198295,-194593
-198408,-194707
-198522,-194817
-198637,-194924
-198750,-195037
-198869,-195155
-198989,-195272
-199110,-195396
-199228,-195519
-199346,-195638
-199463,-195758
-199584,-195876
-199704,-195995
-199825,-196114
-199946,-196231
-200066,-196345
-200184,-196460
-200302,-196572
-200420,-196685
-200537,-196800
-200653,-196917
-200769,-197032
-200896,-197159
-201017,-197276
-201137,-197399
-201260,-197525
-201386,-197648
-201512,-197773
-201633,-197902
-201756,-198026
-201876,-198148
-201993,-198268
-202110,-198386
-202228,-198503
-202345,-198620
-202463,-198738
-202579,-198855
-202693,-198966
-202811,-199079
-202926,-199198
-203043,-199316
-203161,-199430
-203277,-199547
-203392,-199662
-203506,-199776
-203620,-199889
-203732,-199996
-203841,-200099
-203949,-200200
-204054,-200300
-204158,-200397
-204259,-200489
-204368,-200586
-204468,-200671
-204564,-200760
-204660,-200846
-204759,-200933
-204858,-201024
-204955,-201118
-205053,-201212
-205150,-201304
-205242,-201397
-205333,-201489
-205420,-201578
-205504,-201664
-205590,-201748
-205674,-201833
-205759,-201920
-205846,-202004
-205933,-202089
-206022,-202175
-206115,-202263
-206208,-202352
-206302,-202438
-206397,-202523
-206491,-202612
-206588,-202698
-206685,-202785
-206782,-202873
-206878,-202964
-206974,-203054
-207072,-203145
-207181,-203248
-207278,-203341
-207376,-203436
-207475,-203531
-207575,-203628
-207675,-203725
-207775,-203826
-207877,-203928
-207980,-204030
-208082,-204129
-208187,-204225
-208289,-204327
-208394,-204429
-208501,-204533
-208608,-204637
-208716,-204743
-208824,-204849
-208931,-204956
-209038,-205065
-209145,-205172
-209247,-205280
-209348,-205382
-209449,-205482
-209546,-205585
-209643,-205689
-209741,-205790
-209838,-205894
-209940,-206001
-210043,-206110
-210147,-206222
-210264,-206344
-210373,-206455
-210483,-206565
-210595,-206677
-210706,-206789
-210819,-206897
-210932,-207007
-211044,-207117
-211156,-207226
-211266,-207332
-211373,-207440
-211482,-207546
-211587,-207653
-211690,-207761
-211797,-207867
-211905,-207976
-212011,-208084
-212114,-208190
-212218,-208294
-212324,-208398
-212429,-208505
-212530,-208610
-212633,-208711
-212734,-208813
-212835,-208916
-212936,-209018
-213035,-209120
-213133,-209221
-213228,-209319
-213321,-209415
-213422,-209518
-213514,-209613
-213607,-209706
-213696,-209800
-213785,-209890
-213878,-209979
-213971,-210077
-214067,-210172
-214164,-210269
-214262,-210366
-214361,-210465
-214462,-210566
-214565,-210667
-214667,-210770
-214770,-210872
-214874,-210971
-214976,-211070
-215081,-211171
-215187,-211272
-215294,-211375
-215403,-211480
-215516,-211591
-215632,-211708
-215748,-211822
-215865,-211935
-215984,-212050
-216102,-212166
-216221,-212283
-216338,-212396
-216453,-212506
-216579,-212624
-216690,-212730
-216800,-212834
-216909,-212936
-217017,-213035
-217123,-213136
-217229,-213238
-217336,-213340
-217439,-213446
-217542,-213550
-217645,-213650
-217746,-213749
-217851,-213851
-217955,-213958
-218062,-214065
-218168,-214173
-218274,-214279
-218380,-214382
-218486,-214482
-218589,-214580
-218692,-214679
-218794,-214777
-218896,-214872
-218998,-214968
-219101,-215062
-219204,-215158
-219309,-215254
-219418,-215354
-219526,-215456
-219636,-215559
-219755,-215671
-219868,-215777
-219983,-215887
-220100,-215998
-220216,-216112
-220329,-216224
-220440,-216337
-220547,-216448
-220653,-216554
-220755,-216661
-220857,-216765
-220958,-216868
-221058,-216972
-221161,-217078
-221265,-217185
-221369,-217289
-221472,-217388
-221576,-217487
-221682,-217593
-221793,-217700
-221906,-217808
-222019,-217921
-222133,-218032
-222247,-218142
-222359,-218252
-222472,-218359
-222585,-218465
-222696,-218572
-222806,-218679
-222915,-218788
-223035,-218903
-223141,-219004
-223244,-219105
-223350,-219208
-223455,-219315
-223562,-219423
-223670,-219532
-223783,-219643
-223895,-219756
-224009,-219867
-224124,-219973
-224236,-220082
-224348,-220191
-224456,-220298
-224563,-220403
-224666,-220508
-224769,-220613
-224870,-220719
-224969,-220823
-225067,-220928
-225165,-221032
-225261,-221139
-225359,-221247
-225458,-221355
-225557,-221461
-225656,-221562
-225757,-221659
-225859,-221759
-225964,-221860
-226071,-221961
-226179,-222065
-226301,-222181
-226413,-222285
-226524,-222389
-226637,-222493
-226749,-222596
-226860,-222698
-226971,-222802
-227081,-222905
-227192,-223007
-227300,-223111
-227410,-223214
-227522,-223319
-227633,-223426
-227748,-223540
-227868,-223656
-227989,-223773
-228109,-223894
-228230,-224013
-228348,-224131
-228462,-224249
-228575,-224364
-228687,-224478
-228795,-224591
-228903,-224700
-229009,-224806
-229114,-224915
-229220,-225022
-229323,-225129
-229428,-225237
-229533,-225346
-229650,-225470
-229759,-225585
-229866,-225696
-229973,-225807
-230082,-225918
-230192,-226032
-230308,-226148
-230422,-226264
-230539,-226379
-230656,-226490
-230773,-226605
-230890,-226720
-231010,-226833
-231128,-226943
-231246,-227057
-231365,-227169
-231481,-227281
-231597,-227392
-231712,-227501
-231822,-227613
-231936,-227724
-232053,-227834
-232165,-227952
-232284,-228069
-232404,-228187
-232520,-228310
-232638,-228431
-232755,-228550
-232868,-228667
-232981,-228780
-233102,-228900
-233210,-229009
-233319,-229115
-233428,-229220
-233536,-229325
-233648,-229430
-233762,-229536
-233876,-229645
-233991,-229749
-234101,-229853
-234209,-229958
-234322,-230064
-234436,-230169
-234550,-230279
-234666,-230390
-234780,-230497
-234891,-230604
-235002,-230709
-235114,-230812
-235223,-230914
-235331,-231013
-235438,-231110
-235541,-231207
-235646,-231304
-235751,-231401
-235856,-231505
-235963,-231608
-236073,-231712
-236187,-231821
-236305,-231933
-236438,-232060
-236556,-232180
-236676,-232298
-236793,-232416
-236905,-232533
-237014,-232645
-237118,-232757
-237221,-232867
-237324,-232974
-237426,-233082
-237533,-233192
-237640,-233301
-237748,-233409
-237856,-233515
-237963,-233621
-238073,-233727
-238185,-233834
-238299,-233946
-238418,-234061
-238540,-234183
-238662,-234307
-238785,-234424
-238903,-234539
-239017,-234650
-239130,-234756
-239241,-234863
-239350,-234968
-239459,-235071
-239567,-235177
-239672,-235279
-239790,-235393
-239901,-235498
-240011,-235607
-240122,-235713
-240235,-235819
-240347,-235928
-240463,-236042
-240580,-236157
-240694,-236270
-240808,-236384
-240919,-236498
-241026,-236611
-241132,-236722
-241236,-236828
-241335,-236935
-241435,-237038
-241534,-237140
-241633,-237242
-241732,-237344
-241832,-237445
-241928,-237547
-242024,-237643
-242118,-237736
-242210,-237830
-242308,-237923
-242408,-238021
-242510,-238120
-242616,-238224
-242721,-238327
-242829,-238428
-242946,-238539
-243052,-238638
-243159,-238738
-243265,-238837
-243371,-238936
-243478,-239037
-243583,-239138
-243687,-239239
-243789,-239340
-243891,-239437
-243991,-239535
-244090,-239632
-244189,-239728
-244292,-239823
-244395,-239924
-244502,-240031
-244612,-240137
-244725,-240246
-244839,-240360
-244952,-240470
-245066,-240582
-245175,-240692
-245285,-240801
-245393,-240907
-245499,-241011
-245606,-241115
-245712,-241222
-245820,-241331
-245933,-241442
-246045,-241558
-246166,-241684
-246279,-241794
-246389,-241906
-246500,-242019
-246614,-242132
-246731,-242247
-246846,-242368
-246962,-242486
-247079,-242600
-247194,-242717
-247312,-242832
-247429,-242946
-247546,-243061
-247664,-243175
-247782,-243290
-247898,-243404
-248015,-243515
-248132,-243630
-248251,-243746
-248373,-243862
-248495,-243979
-248620,-244098
-248748,-244221
-248878,-244349
-249010,-244476
-249140,-244602
-249265,-244730
-249388,-244856
-249509,-244975
-249626,-245092
-249754,-245216
-249868,-245328
-249980,-245436
-250091,-245545
-250201,-245658
-250313,-245773
-250426,-245888
-250537,-246004
-250650,-246116
-250762,-246230
-250878,-246349
-250998,-246471
-251120,-246597
-251246,-246722
-251370,-246843
-251493,-246962
-251616,-247075
-251737,-247186
-251856,-247296
-251976,-247403
-252096,-247512
-252218,-247622
-252338,-247733
-252457,-247843
-252577,-247956
-252694,-248069
-252811,-248183
-252932,-248296
-253052,-248417
-253178,-248541
-253318,-248680
-253445,-248807
-253574,-248933
-253698,-249057
-253824,-249177
-253944,-249294
-254063,-249413
-254181,-249529
-254297,-249647
-254410,-249763
-254526,-249875
-254640,-249992
-254754,-250108
-254865,-250218
-254974,-250324
-255079,-250425
-255183,-250528
-255284,-250627
-255382,-250727
-255477,-250825
-255569,-250918
-255658,-251014
-255745,-251103
-255827,-251191
-255910,-251277
-255993,-251360
-256075,-251442
-256157,-251519
-256238,-251597
-256320,-251677
-256399,-251755
-256486,-251842
-256567,-251926
-256654,-252016
-256744,-252112
-256837,-252210
-256931,-252312
-257025,-252415
-257118,-252520
-257213,-252623
-257304,-252723
-257395,-252820
-257485,-252913
-257573,-253006
-257661,-253094
-257748,-253185
-257834,-253276
-257922,-253365
-258006,-253455
-258090,-253541
-258176,-253627
-258261,-253715
-258350,-253802
-258438,-253886
-258527,-253970
-258617,-254054
-258708,-254141
-258799,-254226
-258890,-254308
-258980,-254390
-259072,-254468
-259171,-254551
-259261,-254625
-259351,-254702
-259440,-254780
-259528,-254860
-259618,-254938
-259705,-255023
-259795,-255108
-259886,-255194
-259975,-255283
-260068,-255369
-260161,-255455
-260256,-255548
-260356,-255644
-260456,-255741
-260555,-255842
-260656,-255943
-260756,-256045
-260853,-256146
-260950,-256243
-261045,-256340
-261140,-256435
-261232,-256531
-261326,-256627
-261421,-256722
-261515,-256821
-261610,-256920
-261707,-257014
-261802,-257111
-261898,-257212
-262008,-257322
-262106,-257425
-262204,-257525
-262304,-257620
-262400,-257714
-262499,-257808
-262599,-257900
-262699,-257994
-262800,-258087
-262899,-258181
-262999,-258276
-263100,-258367
-263199,-258461
-263300,-258553
-263401,-258647
-263502,-258746
-263605,-258848
-263710,-258954
-263817,-259058
-263925,-259164
-264033,-259272
-264141,-259380
-264249,-259489
-264354,-259600
-264459,-259705
-264559,-259810
-264658,-259913
-264758,-260010
-264856,-260106
-264951,-260201
-265060,-260304
-265158,-260403
-265257,-260501
-265355,-260595
-265453,-260689
-265553,-260786
-265653,-260883
-265754,-260976
-265853,-261064
-265949,-261149
-266045,-261232
-266140,-261317
-266237,-261401
-266332,-261486
-266428,-261572
-266523,-261659
-266617,-261748
-266710,-261838
-266802,-261930
-266895,-262022
-266984,-262116
-267077,-262213
-267171,-262310
-267266,-262409
-267365,-262511
-267468,-262608
-267574,-262712
-267681,-262823
-267793,-262934
-267907,-263047
-268030,-263173
-268142,-263283
-268250,-263391
-268356,-263495
-268458,-263598
-268558,-263699
-268657,-263797
-268755,-263895
-268854,-263993
-268953,-264092
-269051,-264192
-269149,-264290
-269247,-264390
-269351,-264491
-269456,-264599
-269566,-264709
-269680,-264819
-269795,-264930
-269912,-265042
-270031,-265151
-270145,-265263
-270261,-265370
-270376,-265477
-270487,-265584
-270601,-265688
-270714,-265795
-270826,-265903
-270940,-266013
-271054,-266123
-271168,-266233
-271293,-266353
-271409,-266466
-271525,-266582
-271641,-266696
-271756,-266813
-271867,-266927
-271977,-267038
-272084,-267147
-272188,-267253
-272289,-267355
-272386,-267456
-272484,-267556
-272582,-267660
-272684,-267764
-272786,-267872
-272886,-267979
-272984,-268078
-273078,-268173
-273172,-268270
-273270,-268369
-273371,-268476
-273475,-268582
-273580,-268687
-273685,-268790
-273790,-268892
-273894,-268992
-273996,-269092
-274099,-269193
-274205,-269293
-274310,-269395
-274426,-269505
-274528,-269604
-274632,-269702
-274736,-269802
-274841,-269902
-274946,-270007
-275054,-270116
-275167,-270226
-275280,-270341
-275395,-270455
-275509,-270570
-275621,-270682
-275732,-270793
-275840,-270904
-275945,-271010
-276049,-271115
-276151,-271218
-276250,-271321
-276350,-271422
-276450,-271524
-276553,-271626
-276656,-271731
-276761,-271837
-276868,-271939
-276972,-272039
-277077,-272135
-277183,-272230
-277287,-272323
-277393,-272420
-277498,-272517
-277614,-272619
-277716,-272709
-277816,-272795
-277914,-272878
-278010,-272962
-278106,-273048
-278201,-273136
-278296,-273224
-278391,-273316
-278485,-273410
-278580,-273505
-278675,-273600
-278771,-273696
-278869,-273795
-278970,-273896
-279072,-273998
-279173,-274098
-279275,-274196
-279376,-274297
-279476,-274395
-279576,-274491
-279672,-274586
-279766,-274675
-279859,-274763
-279951,-274854
-280046,-274944
-280144,-275040
-280243,-275138
-280342,-275238
-280439,-275336
-280535,-275429
-280640,-275532
-280738,-275629
-280839,-275728
-280940,-275829
-281038,-275928
-281138,-276024
-281234,-276120
-281329,-276213
-281423,-276303
-281513,-276392
-281602,-276482
-281690,-276569
-281774,-276655
-281856,-276737
-281937,-276816
-282014,-276896
-282086,-276970
-282156,-277036
-282226,-277102
-282297,-277173
-282372,-277245
-282451,-277320
-282532,-277398
-282611,-277480
-282690,-277560
-282767,-277640
-282843,-277719
-282917,-277799
-282989,-277876
-283060,-277949
-283134,-278029
-283202,-278101
-283268,-278172
-283334,-278242
-283399,-278312
-283467,-278381
-283535,-278454
-283606,-278527
-283681,-278600
-283755,-278676
-283831,-278752
-283908,-278829
-283988,-278911
-284071,-278992
-284155,-279075
-284241,-279159
-284328,-279243
-284418,-279326
-284505,-279410
-284593,-279489
-284682,-279566
-284768,-279645
-284855,-279717
-284938,-279786
-285020,-279855
-285102,-279924
-285184,-279994
-285267,-280069
-285351,-280144
-285433,-280221
-285524,-280310
-285610,-280388
-285692,-280471
-285777,-280556
-285861,-280640
-285941,-280725
-286020,-280805
-286097,-280882
-286172,-280960
-286248,-281034
-286322,-281108
-286392,-281182
-286463,-281249
-286528,-281320
-286593,-281387
-286655,-281453
-286715,-281518
-286776,-281580
-286837,-281646
-286898,-281712
-286961,-281777
-287023,-281845
-287085,-281910
-287147,-281970
-287205,-282032
-287264,-282091
-287323,-282149
-287380,-282209
-287437,-282265
-287492,-282320
-287565,-282393
-287618,-282443
-287667,-282495
-287717,-282544
-287765,-282592
-287812,-282638
-287858,-282681
-287904,-282724
-287949,-282767
-287995,-282811
-288040,-282857
-288084,-282903
-288129,-282948
-288174,-282993
-288218,-283040
-288264,-283085
-288310,-283130
-288356,-283176
-288401,-283220
-288445,-283261
-288485,-283300
-288522,-283332
-288552,-283356
-288579,-283373
-288601,-283382
-288619,-283390
-288634,-283396
-288646,-283399
-288665,-283409
-288676,-283418
-288692,-283437
-288700,-283453
-288710,-283472
-288724,-283491
-288736,-283501
-288749,-283506
-288760,-283510
-288765,-283522
-288771,-283536
-288781,-283547
